ARM GAS  /var/folders/g9/bbpj86ld7fx45vd1b3pqxmp00000gn/T//cc4U3yRU.s 			page 1


   1              		.syntax unified
   2              		.cpu cortex-m3
   3              		.fpu softvfp
   4              		.eabi_attribute 20, 1
   5              		.eabi_attribute 21, 1
   6              		.eabi_attribute 23, 3
   7              		.eabi_attribute 24, 1
   8              		.eabi_attribute 25, 1
   9              		.eabi_attribute 26, 1
  10              		.eabi_attribute 30, 1
  11              		.eabi_attribute 34, 1
  12              		.eabi_attribute 18, 4
  13              		.thumb
  14              		.syntax unified
  15              		.file	"stm32f10x_rtc.c"
  16              		.text
  17              	.Ltext0:
  18              		.cfi_sections	.debug_frame
  19              		.section	.text.RTC_ITConfig,"ax",%progbits
  20              		.align	2
  21              		.global	RTC_ITConfig
  22              		.thumb
  23              		.thumb_func
  25              	RTC_ITConfig:
  26              	.LFB27:
  27              		.file 1 "STM32F10x_StdPeriph_Driver/src/stm32f10x_rtc.c"
   1:STM32F10x_StdPeriph_Driver/src/stm32f10x_rtc.c **** /**
   2:STM32F10x_StdPeriph_Driver/src/stm32f10x_rtc.c ****   ******************************************************************************
   3:STM32F10x_StdPeriph_Driver/src/stm32f10x_rtc.c ****   * @file    stm32f10x_rtc.c
   4:STM32F10x_StdPeriph_Driver/src/stm32f10x_rtc.c ****   * @author  MCD Application Team
   5:STM32F10x_StdPeriph_Driver/src/stm32f10x_rtc.c ****   * @version V3.1.2
   6:STM32F10x_StdPeriph_Driver/src/stm32f10x_rtc.c ****   * @date    09/28/2009
   7:STM32F10x_StdPeriph_Driver/src/stm32f10x_rtc.c ****   * @brief   This file provides all the RTC firmware functions.
   8:STM32F10x_StdPeriph_Driver/src/stm32f10x_rtc.c ****   ******************************************************************************
   9:STM32F10x_StdPeriph_Driver/src/stm32f10x_rtc.c ****   * @copy
  10:STM32F10x_StdPeriph_Driver/src/stm32f10x_rtc.c ****   *
  11:STM32F10x_StdPeriph_Driver/src/stm32f10x_rtc.c ****   * THE PRESENT FIRMWARE WHICH IS FOR GUIDANCE ONLY AIMS AT PROVIDING CUSTOMERS
  12:STM32F10x_StdPeriph_Driver/src/stm32f10x_rtc.c ****   * WITH CODING INFORMATION REGARDING THEIR PRODUCTS IN ORDER FOR THEM TO SAVE
  13:STM32F10x_StdPeriph_Driver/src/stm32f10x_rtc.c ****   * TIME. AS A RESULT, STMICROELECTRONICS SHALL NOT BE HELD LIABLE FOR ANY
  14:STM32F10x_StdPeriph_Driver/src/stm32f10x_rtc.c ****   * DIRECT, INDIRECT OR CONSEQUENTIAL DAMAGES WITH RESPECT TO ANY CLAIMS ARISING
  15:STM32F10x_StdPeriph_Driver/src/stm32f10x_rtc.c ****   * FROM THE CONTENT OF SUCH FIRMWARE AND/OR THE USE MADE BY CUSTOMERS OF THE
  16:STM32F10x_StdPeriph_Driver/src/stm32f10x_rtc.c ****   * CODING INFORMATION CONTAINED HEREIN IN CONNECTION WITH THEIR PRODUCTS.
  17:STM32F10x_StdPeriph_Driver/src/stm32f10x_rtc.c ****   *
  18:STM32F10x_StdPeriph_Driver/src/stm32f10x_rtc.c ****   * <h2><center>&copy; COPYRIGHT 2009 STMicroelectronics</center></h2>
  19:STM32F10x_StdPeriph_Driver/src/stm32f10x_rtc.c ****   */ 
  20:STM32F10x_StdPeriph_Driver/src/stm32f10x_rtc.c **** 
  21:STM32F10x_StdPeriph_Driver/src/stm32f10x_rtc.c **** /* Includes ------------------------------------------------------------------*/
  22:STM32F10x_StdPeriph_Driver/src/stm32f10x_rtc.c **** #include "stm32f10x_rtc.h"
  23:STM32F10x_StdPeriph_Driver/src/stm32f10x_rtc.c **** 
  24:STM32F10x_StdPeriph_Driver/src/stm32f10x_rtc.c **** /** @addtogroup STM32F10x_StdPeriph_Driver
  25:STM32F10x_StdPeriph_Driver/src/stm32f10x_rtc.c ****   * @{
  26:STM32F10x_StdPeriph_Driver/src/stm32f10x_rtc.c ****   */
  27:STM32F10x_StdPeriph_Driver/src/stm32f10x_rtc.c **** 
  28:STM32F10x_StdPeriph_Driver/src/stm32f10x_rtc.c **** /** @defgroup RTC 
  29:STM32F10x_StdPeriph_Driver/src/stm32f10x_rtc.c ****   * @brief RTC driver modules
  30:STM32F10x_StdPeriph_Driver/src/stm32f10x_rtc.c ****   * @{
  31:STM32F10x_StdPeriph_Driver/src/stm32f10x_rtc.c ****   */
ARM GAS  /var/folders/g9/bbpj86ld7fx45vd1b3pqxmp00000gn/T//cc4U3yRU.s 			page 2


  32:STM32F10x_StdPeriph_Driver/src/stm32f10x_rtc.c **** 
  33:STM32F10x_StdPeriph_Driver/src/stm32f10x_rtc.c **** /** @defgroup RTC_Private_TypesDefinitions
  34:STM32F10x_StdPeriph_Driver/src/stm32f10x_rtc.c ****   * @{
  35:STM32F10x_StdPeriph_Driver/src/stm32f10x_rtc.c ****   */ 
  36:STM32F10x_StdPeriph_Driver/src/stm32f10x_rtc.c **** /**
  37:STM32F10x_StdPeriph_Driver/src/stm32f10x_rtc.c ****   * @}
  38:STM32F10x_StdPeriph_Driver/src/stm32f10x_rtc.c ****   */
  39:STM32F10x_StdPeriph_Driver/src/stm32f10x_rtc.c **** 
  40:STM32F10x_StdPeriph_Driver/src/stm32f10x_rtc.c **** /** @defgroup RTC_Private_Defines
  41:STM32F10x_StdPeriph_Driver/src/stm32f10x_rtc.c ****   * @{
  42:STM32F10x_StdPeriph_Driver/src/stm32f10x_rtc.c ****   */
  43:STM32F10x_StdPeriph_Driver/src/stm32f10x_rtc.c **** 
  44:STM32F10x_StdPeriph_Driver/src/stm32f10x_rtc.c **** #define CRL_CNF_Set      ((uint16_t)0x0010)      /*!< Configuration Flag Enable Mask */
  45:STM32F10x_StdPeriph_Driver/src/stm32f10x_rtc.c **** #define CRL_CNF_Reset    ((uint16_t)0xFFEF)      /*!< Configuration Flag Disable Mask */
  46:STM32F10x_StdPeriph_Driver/src/stm32f10x_rtc.c **** #define RTC_LSB_Mask     ((uint32_t)0x0000FFFF)  /*!< RTC LSB Mask */
  47:STM32F10x_StdPeriph_Driver/src/stm32f10x_rtc.c **** #define PRLH_MSB_Mask    ((uint32_t)0x000F0000)  /*!< RTC Prescaler MSB Mask */
  48:STM32F10x_StdPeriph_Driver/src/stm32f10x_rtc.c **** 
  49:STM32F10x_StdPeriph_Driver/src/stm32f10x_rtc.c **** /**
  50:STM32F10x_StdPeriph_Driver/src/stm32f10x_rtc.c ****   * @}
  51:STM32F10x_StdPeriph_Driver/src/stm32f10x_rtc.c ****   */
  52:STM32F10x_StdPeriph_Driver/src/stm32f10x_rtc.c **** 
  53:STM32F10x_StdPeriph_Driver/src/stm32f10x_rtc.c **** /** @defgroup RTC_Private_Macros
  54:STM32F10x_StdPeriph_Driver/src/stm32f10x_rtc.c ****   * @{
  55:STM32F10x_StdPeriph_Driver/src/stm32f10x_rtc.c ****   */
  56:STM32F10x_StdPeriph_Driver/src/stm32f10x_rtc.c **** 
  57:STM32F10x_StdPeriph_Driver/src/stm32f10x_rtc.c **** /**
  58:STM32F10x_StdPeriph_Driver/src/stm32f10x_rtc.c ****   * @}
  59:STM32F10x_StdPeriph_Driver/src/stm32f10x_rtc.c ****   */
  60:STM32F10x_StdPeriph_Driver/src/stm32f10x_rtc.c **** 
  61:STM32F10x_StdPeriph_Driver/src/stm32f10x_rtc.c **** /** @defgroup RTC_Private_Variables
  62:STM32F10x_StdPeriph_Driver/src/stm32f10x_rtc.c ****   * @{
  63:STM32F10x_StdPeriph_Driver/src/stm32f10x_rtc.c ****   */
  64:STM32F10x_StdPeriph_Driver/src/stm32f10x_rtc.c **** 
  65:STM32F10x_StdPeriph_Driver/src/stm32f10x_rtc.c **** /**
  66:STM32F10x_StdPeriph_Driver/src/stm32f10x_rtc.c ****   * @}
  67:STM32F10x_StdPeriph_Driver/src/stm32f10x_rtc.c ****   */
  68:STM32F10x_StdPeriph_Driver/src/stm32f10x_rtc.c **** 
  69:STM32F10x_StdPeriph_Driver/src/stm32f10x_rtc.c **** /** @defgroup RTC_Private_FunctionPrototypes
  70:STM32F10x_StdPeriph_Driver/src/stm32f10x_rtc.c ****   * @{
  71:STM32F10x_StdPeriph_Driver/src/stm32f10x_rtc.c ****   */
  72:STM32F10x_StdPeriph_Driver/src/stm32f10x_rtc.c **** 
  73:STM32F10x_StdPeriph_Driver/src/stm32f10x_rtc.c **** /**
  74:STM32F10x_StdPeriph_Driver/src/stm32f10x_rtc.c ****   * @}
  75:STM32F10x_StdPeriph_Driver/src/stm32f10x_rtc.c ****   */
  76:STM32F10x_StdPeriph_Driver/src/stm32f10x_rtc.c **** 
  77:STM32F10x_StdPeriph_Driver/src/stm32f10x_rtc.c **** /** @defgroup RTC_Private_Functions
  78:STM32F10x_StdPeriph_Driver/src/stm32f10x_rtc.c ****   * @{
  79:STM32F10x_StdPeriph_Driver/src/stm32f10x_rtc.c ****   */
  80:STM32F10x_StdPeriph_Driver/src/stm32f10x_rtc.c **** 
  81:STM32F10x_StdPeriph_Driver/src/stm32f10x_rtc.c **** /**
  82:STM32F10x_StdPeriph_Driver/src/stm32f10x_rtc.c ****   * @brief  Enables or disables the specified RTC interrupts.
  83:STM32F10x_StdPeriph_Driver/src/stm32f10x_rtc.c ****   * @param  RTC_IT: specifies the RTC interrupts sources to be enabled or disabled.
  84:STM32F10x_StdPeriph_Driver/src/stm32f10x_rtc.c ****   *   This parameter can be any combination of the following values:
  85:STM32F10x_StdPeriph_Driver/src/stm32f10x_rtc.c ****   *     @arg RTC_IT_OW: Overflow interrupt
  86:STM32F10x_StdPeriph_Driver/src/stm32f10x_rtc.c ****   *     @arg RTC_IT_ALR: Alarm interrupt
  87:STM32F10x_StdPeriph_Driver/src/stm32f10x_rtc.c ****   *     @arg RTC_IT_SEC: Second interrupt
  88:STM32F10x_StdPeriph_Driver/src/stm32f10x_rtc.c ****   * @param  NewState: new state of the specified RTC interrupts.
ARM GAS  /var/folders/g9/bbpj86ld7fx45vd1b3pqxmp00000gn/T//cc4U3yRU.s 			page 3


  89:STM32F10x_StdPeriph_Driver/src/stm32f10x_rtc.c ****   *   This parameter can be: ENABLE or DISABLE.
  90:STM32F10x_StdPeriph_Driver/src/stm32f10x_rtc.c ****   * @retval None
  91:STM32F10x_StdPeriph_Driver/src/stm32f10x_rtc.c ****   */
  92:STM32F10x_StdPeriph_Driver/src/stm32f10x_rtc.c **** void RTC_ITConfig(uint16_t RTC_IT, FunctionalState NewState)
  93:STM32F10x_StdPeriph_Driver/src/stm32f10x_rtc.c **** {
  28              		.loc 1 93 0
  29              		.cfi_startproc
  30              		@ args = 0, pretend = 0, frame = 0
  31              		@ frame_needed = 0, uses_anonymous_args = 0
  32              	.LVL0:
  33 0000 38B5     		push	{r3, r4, r5, lr}
  34              	.LCFI0:
  35              		.cfi_def_cfa_offset 16
  36              		.cfi_offset 3, -16
  37              		.cfi_offset 4, -12
  38              		.cfi_offset 5, -8
  39              		.cfi_offset 14, -4
  40 0002 0446     		mov	r4, r0
  41 0004 0D46     		mov	r5, r1
  94:STM32F10x_StdPeriph_Driver/src/stm32f10x_rtc.c ****   /* Check the parameters */
  95:STM32F10x_StdPeriph_Driver/src/stm32f10x_rtc.c ****   assert_param(IS_RTC_IT(RTC_IT));  
  42              		.loc 1 95 0
  43 0006 20F00703 		bic	r3, r0, #7
  44 000a 9BB2     		uxth	r3, r3
  45 000c 03B9     		cbnz	r3, .L2
  46              		.loc 1 95 0 is_stmt 0 discriminator 2
  47 000e 18B9     		cbnz	r0, .L3
  48              	.L2:
  49              		.loc 1 95 0 discriminator 3
  50 0010 5F21     		movs	r1, #95
  51              	.LVL1:
  52 0012 0B48     		ldr	r0, .L8
  53              	.LVL2:
  54 0014 FFF7FEFF 		bl	assert_failed
  55              	.LVL3:
  56              	.L3:
  96:STM32F10x_StdPeriph_Driver/src/stm32f10x_rtc.c ****   assert_param(IS_FUNCTIONAL_STATE(NewState));
  57              		.loc 1 96 0 is_stmt 1
  58 0018 012D     		cmp	r5, #1
  59 001a 03D9     		bls	.L4
  60              		.loc 1 96 0 is_stmt 0 discriminator 1
  61 001c 6021     		movs	r1, #96
  62 001e 0848     		ldr	r0, .L8
  63 0020 FFF7FEFF 		bl	assert_failed
  64              	.LVL4:
  65              	.L4:
  97:STM32F10x_StdPeriph_Driver/src/stm32f10x_rtc.c ****   
  98:STM32F10x_StdPeriph_Driver/src/stm32f10x_rtc.c ****   if (NewState != DISABLE)
  66              		.loc 1 98 0 is_stmt 1
  67 0024 2DB1     		cbz	r5, .L5
  99:STM32F10x_StdPeriph_Driver/src/stm32f10x_rtc.c ****   {
 100:STM32F10x_StdPeriph_Driver/src/stm32f10x_rtc.c ****     RTC->CRH |= RTC_IT;
  68              		.loc 1 100 0
  69 0026 074A     		ldr	r2, .L8+4
  70 0028 1388     		ldrh	r3, [r2]
  71 002a 9BB2     		uxth	r3, r3
  72 002c 1C43     		orrs	r4, r4, r3
ARM GAS  /var/folders/g9/bbpj86ld7fx45vd1b3pqxmp00000gn/T//cc4U3yRU.s 			page 4


  73 002e 1480     		strh	r4, [r2]	@ movhi
  74 0030 38BD     		pop	{r3, r4, r5, pc}
  75              	.L5:
 101:STM32F10x_StdPeriph_Driver/src/stm32f10x_rtc.c ****   }
 102:STM32F10x_StdPeriph_Driver/src/stm32f10x_rtc.c ****   else
 103:STM32F10x_StdPeriph_Driver/src/stm32f10x_rtc.c ****   {
 104:STM32F10x_StdPeriph_Driver/src/stm32f10x_rtc.c ****     RTC->CRH &= (uint16_t)~RTC_IT;
  76              		.loc 1 104 0
  77 0032 044A     		ldr	r2, .L8+4
  78 0034 1388     		ldrh	r3, [r2]
  79 0036 E443     		mvns	r4, r4
  80 0038 A4B2     		uxth	r4, r4
  81 003a 1C40     		ands	r4, r4, r3
  82 003c 1480     		strh	r4, [r2]	@ movhi
  83 003e 38BD     		pop	{r3, r4, r5, pc}
  84              	.L9:
  85              		.align	2
  86              	.L8:
  87 0040 00000000 		.word	.LC0
  88 0044 00280040 		.word	1073752064
  89              		.cfi_endproc
  90              	.LFE27:
  92              		.section	.text.RTC_EnterConfigMode,"ax",%progbits
  93              		.align	2
  94              		.global	RTC_EnterConfigMode
  95              		.thumb
  96              		.thumb_func
  98              	RTC_EnterConfigMode:
  99              	.LFB28:
 105:STM32F10x_StdPeriph_Driver/src/stm32f10x_rtc.c ****   }
 106:STM32F10x_StdPeriph_Driver/src/stm32f10x_rtc.c **** }
 107:STM32F10x_StdPeriph_Driver/src/stm32f10x_rtc.c **** 
 108:STM32F10x_StdPeriph_Driver/src/stm32f10x_rtc.c **** /**
 109:STM32F10x_StdPeriph_Driver/src/stm32f10x_rtc.c ****   * @brief  Enters the RTC configuration mode.
 110:STM32F10x_StdPeriph_Driver/src/stm32f10x_rtc.c ****   * @param  None
 111:STM32F10x_StdPeriph_Driver/src/stm32f10x_rtc.c ****   * @retval None
 112:STM32F10x_StdPeriph_Driver/src/stm32f10x_rtc.c ****   */
 113:STM32F10x_StdPeriph_Driver/src/stm32f10x_rtc.c **** void RTC_EnterConfigMode(void)
 114:STM32F10x_StdPeriph_Driver/src/stm32f10x_rtc.c **** {
 100              		.loc 1 114 0
 101              		.cfi_startproc
 102              		@ args = 0, pretend = 0, frame = 0
 103              		@ frame_needed = 0, uses_anonymous_args = 0
 104              		@ link register save eliminated.
 115:STM32F10x_StdPeriph_Driver/src/stm32f10x_rtc.c ****   /* Set the CNF flag to enter in the Configuration Mode */
 116:STM32F10x_StdPeriph_Driver/src/stm32f10x_rtc.c ****   RTC->CRL |= CRL_CNF_Set;
 105              		.loc 1 116 0
 106 0000 034A     		ldr	r2, .L11
 107 0002 9388     		ldrh	r3, [r2, #4]
 108 0004 9BB2     		uxth	r3, r3
 109 0006 43F01003 		orr	r3, r3, #16
 110 000a 9380     		strh	r3, [r2, #4]	@ movhi
 111 000c 7047     		bx	lr
 112              	.L12:
 113 000e 00BF     		.align	2
 114              	.L11:
 115 0010 00280040 		.word	1073752064
ARM GAS  /var/folders/g9/bbpj86ld7fx45vd1b3pqxmp00000gn/T//cc4U3yRU.s 			page 5


 116              		.cfi_endproc
 117              	.LFE28:
 119              		.section	.text.RTC_ExitConfigMode,"ax",%progbits
 120              		.align	2
 121              		.global	RTC_ExitConfigMode
 122              		.thumb
 123              		.thumb_func
 125              	RTC_ExitConfigMode:
 126              	.LFB29:
 117:STM32F10x_StdPeriph_Driver/src/stm32f10x_rtc.c **** }
 118:STM32F10x_StdPeriph_Driver/src/stm32f10x_rtc.c **** 
 119:STM32F10x_StdPeriph_Driver/src/stm32f10x_rtc.c **** /**
 120:STM32F10x_StdPeriph_Driver/src/stm32f10x_rtc.c ****   * @brief  Exits from the RTC configuration mode.
 121:STM32F10x_StdPeriph_Driver/src/stm32f10x_rtc.c ****   * @param  None
 122:STM32F10x_StdPeriph_Driver/src/stm32f10x_rtc.c ****   * @retval None
 123:STM32F10x_StdPeriph_Driver/src/stm32f10x_rtc.c ****   */
 124:STM32F10x_StdPeriph_Driver/src/stm32f10x_rtc.c **** void RTC_ExitConfigMode(void)
 125:STM32F10x_StdPeriph_Driver/src/stm32f10x_rtc.c **** {
 127              		.loc 1 125 0
 128              		.cfi_startproc
 129              		@ args = 0, pretend = 0, frame = 0
 130              		@ frame_needed = 0, uses_anonymous_args = 0
 131              		@ link register save eliminated.
 126:STM32F10x_StdPeriph_Driver/src/stm32f10x_rtc.c ****   /* Reset the CNF flag to exit from the Configuration Mode */
 127:STM32F10x_StdPeriph_Driver/src/stm32f10x_rtc.c ****   RTC->CRL &= CRL_CNF_Reset;
 132              		.loc 1 127 0
 133 0000 034A     		ldr	r2, .L14
 134 0002 9388     		ldrh	r3, [r2, #4]
 135 0004 9BB2     		uxth	r3, r3
 136 0006 23F01003 		bic	r3, r3, #16
 137 000a 9BB2     		uxth	r3, r3
 138 000c 9380     		strh	r3, [r2, #4]	@ movhi
 139 000e 7047     		bx	lr
 140              	.L15:
 141              		.align	2
 142              	.L14:
 143 0010 00280040 		.word	1073752064
 144              		.cfi_endproc
 145              	.LFE29:
 147              		.section	.text.RTC_GetCounter,"ax",%progbits
 148              		.align	2
 149              		.global	RTC_GetCounter
 150              		.thumb
 151              		.thumb_func
 153              	RTC_GetCounter:
 154              	.LFB30:
 128:STM32F10x_StdPeriph_Driver/src/stm32f10x_rtc.c **** }
 129:STM32F10x_StdPeriph_Driver/src/stm32f10x_rtc.c **** 
 130:STM32F10x_StdPeriph_Driver/src/stm32f10x_rtc.c **** /**
 131:STM32F10x_StdPeriph_Driver/src/stm32f10x_rtc.c ****   * @brief  Gets the RTC counter value.
 132:STM32F10x_StdPeriph_Driver/src/stm32f10x_rtc.c ****   * @param  None
 133:STM32F10x_StdPeriph_Driver/src/stm32f10x_rtc.c ****   * @retval RTC counter value.
 134:STM32F10x_StdPeriph_Driver/src/stm32f10x_rtc.c ****   */
 135:STM32F10x_StdPeriph_Driver/src/stm32f10x_rtc.c **** uint32_t RTC_GetCounter(void)
 136:STM32F10x_StdPeriph_Driver/src/stm32f10x_rtc.c **** {
 155              		.loc 1 136 0
 156              		.cfi_startproc
ARM GAS  /var/folders/g9/bbpj86ld7fx45vd1b3pqxmp00000gn/T//cc4U3yRU.s 			page 6


 157              		@ args = 0, pretend = 0, frame = 0
 158              		@ frame_needed = 0, uses_anonymous_args = 0
 159              		@ link register save eliminated.
 160              	.LVL5:
 137:STM32F10x_StdPeriph_Driver/src/stm32f10x_rtc.c ****   uint16_t tmp = 0;
 138:STM32F10x_StdPeriph_Driver/src/stm32f10x_rtc.c ****   tmp = RTC->CNTL;
 161              		.loc 1 138 0
 162 0000 034A     		ldr	r2, .L17
 163 0002 938B     		ldrh	r3, [r2, #28]
 164 0004 9BB2     		uxth	r3, r3
 165              	.LVL6:
 139:STM32F10x_StdPeriph_Driver/src/stm32f10x_rtc.c ****   return (((uint32_t)RTC->CNTH << 16 ) | tmp) ;
 166              		.loc 1 139 0
 167 0006 108B     		ldrh	r0, [r2, #24]
 140:STM32F10x_StdPeriph_Driver/src/stm32f10x_rtc.c **** }
 168              		.loc 1 140 0
 169 0008 43EA0040 		orr	r0, r3, r0, lsl #16
 170 000c 7047     		bx	lr
 171              	.L18:
 172 000e 00BF     		.align	2
 173              	.L17:
 174 0010 00280040 		.word	1073752064
 175              		.cfi_endproc
 176              	.LFE30:
 178              		.section	.text.RTC_SetCounter,"ax",%progbits
 179              		.align	2
 180              		.global	RTC_SetCounter
 181              		.thumb
 182              		.thumb_func
 184              	RTC_SetCounter:
 185              	.LFB31:
 141:STM32F10x_StdPeriph_Driver/src/stm32f10x_rtc.c **** 
 142:STM32F10x_StdPeriph_Driver/src/stm32f10x_rtc.c **** /**
 143:STM32F10x_StdPeriph_Driver/src/stm32f10x_rtc.c ****   * @brief  Sets the RTC counter value.
 144:STM32F10x_StdPeriph_Driver/src/stm32f10x_rtc.c ****   * @param  CounterValue: RTC counter new value.
 145:STM32F10x_StdPeriph_Driver/src/stm32f10x_rtc.c ****   * @retval None
 146:STM32F10x_StdPeriph_Driver/src/stm32f10x_rtc.c ****   */
 147:STM32F10x_StdPeriph_Driver/src/stm32f10x_rtc.c **** void RTC_SetCounter(uint32_t CounterValue)
 148:STM32F10x_StdPeriph_Driver/src/stm32f10x_rtc.c **** { 
 186              		.loc 1 148 0
 187              		.cfi_startproc
 188              		@ args = 0, pretend = 0, frame = 0
 189              		@ frame_needed = 0, uses_anonymous_args = 0
 190              	.LVL7:
 191 0000 10B5     		push	{r4, lr}
 192              	.LCFI1:
 193              		.cfi_def_cfa_offset 8
 194              		.cfi_offset 4, -8
 195              		.cfi_offset 14, -4
 196 0002 0446     		mov	r4, r0
 149:STM32F10x_StdPeriph_Driver/src/stm32f10x_rtc.c ****   RTC_EnterConfigMode();
 197              		.loc 1 149 0
 198 0004 FFF7FEFF 		bl	RTC_EnterConfigMode
 199              	.LVL8:
 150:STM32F10x_StdPeriph_Driver/src/stm32f10x_rtc.c ****   /* Set RTC COUNTER MSB word */
 151:STM32F10x_StdPeriph_Driver/src/stm32f10x_rtc.c ****   RTC->CNTH = CounterValue >> 16;
 200              		.loc 1 151 0
ARM GAS  /var/folders/g9/bbpj86ld7fx45vd1b3pqxmp00000gn/T//cc4U3yRU.s 			page 7


 201 0008 220C     		lsrs	r2, r4, #16
 202 000a 034B     		ldr	r3, .L21
 203 000c 1A83     		strh	r2, [r3, #24]	@ movhi
 152:STM32F10x_StdPeriph_Driver/src/stm32f10x_rtc.c ****   /* Set RTC COUNTER LSB word */
 153:STM32F10x_StdPeriph_Driver/src/stm32f10x_rtc.c ****   RTC->CNTL = (CounterValue & RTC_LSB_Mask);
 204              		.loc 1 153 0
 205 000e A4B2     		uxth	r4, r4
 206              	.LVL9:
 207 0010 9C83     		strh	r4, [r3, #28]	@ movhi
 154:STM32F10x_StdPeriph_Driver/src/stm32f10x_rtc.c ****   RTC_ExitConfigMode();
 208              		.loc 1 154 0
 209 0012 FFF7FEFF 		bl	RTC_ExitConfigMode
 210              	.LVL10:
 211 0016 10BD     		pop	{r4, pc}
 212              	.L22:
 213              		.align	2
 214              	.L21:
 215 0018 00280040 		.word	1073752064
 216              		.cfi_endproc
 217              	.LFE31:
 219              		.section	.text.RTC_SetPrescaler,"ax",%progbits
 220              		.align	2
 221              		.global	RTC_SetPrescaler
 222              		.thumb
 223              		.thumb_func
 225              	RTC_SetPrescaler:
 226              	.LFB32:
 155:STM32F10x_StdPeriph_Driver/src/stm32f10x_rtc.c **** }
 156:STM32F10x_StdPeriph_Driver/src/stm32f10x_rtc.c **** 
 157:STM32F10x_StdPeriph_Driver/src/stm32f10x_rtc.c **** /**
 158:STM32F10x_StdPeriph_Driver/src/stm32f10x_rtc.c ****   * @brief  Sets the RTC prescaler value.
 159:STM32F10x_StdPeriph_Driver/src/stm32f10x_rtc.c ****   * @param  PrescalerValue: RTC prescaler new value.
 160:STM32F10x_StdPeriph_Driver/src/stm32f10x_rtc.c ****   * @retval None
 161:STM32F10x_StdPeriph_Driver/src/stm32f10x_rtc.c ****   */
 162:STM32F10x_StdPeriph_Driver/src/stm32f10x_rtc.c **** void RTC_SetPrescaler(uint32_t PrescalerValue)
 163:STM32F10x_StdPeriph_Driver/src/stm32f10x_rtc.c **** {
 227              		.loc 1 163 0
 228              		.cfi_startproc
 229              		@ args = 0, pretend = 0, frame = 0
 230              		@ frame_needed = 0, uses_anonymous_args = 0
 231              	.LVL11:
 232 0000 10B5     		push	{r4, lr}
 233              	.LCFI2:
 234              		.cfi_def_cfa_offset 8
 235              		.cfi_offset 4, -8
 236              		.cfi_offset 14, -4
 237 0002 0446     		mov	r4, r0
 164:STM32F10x_StdPeriph_Driver/src/stm32f10x_rtc.c ****   /* Check the parameters */
 165:STM32F10x_StdPeriph_Driver/src/stm32f10x_rtc.c ****   assert_param(IS_RTC_PRESCALER(PrescalerValue));
 238              		.loc 1 165 0
 239 0004 B0F5801F 		cmp	r0, #1048576
 240 0008 03D3     		bcc	.L24
 241              		.loc 1 165 0 is_stmt 0 discriminator 1
 242 000a A521     		movs	r1, #165
 243 000c 0648     		ldr	r0, .L26
 244              	.LVL12:
 245 000e FFF7FEFF 		bl	assert_failed
ARM GAS  /var/folders/g9/bbpj86ld7fx45vd1b3pqxmp00000gn/T//cc4U3yRU.s 			page 8


 246              	.LVL13:
 247              	.L24:
 166:STM32F10x_StdPeriph_Driver/src/stm32f10x_rtc.c ****   
 167:STM32F10x_StdPeriph_Driver/src/stm32f10x_rtc.c ****   RTC_EnterConfigMode();
 248              		.loc 1 167 0 is_stmt 1
 249 0012 FFF7FEFF 		bl	RTC_EnterConfigMode
 250              	.LVL14:
 168:STM32F10x_StdPeriph_Driver/src/stm32f10x_rtc.c ****   /* Set RTC PRESCALER MSB word */
 169:STM32F10x_StdPeriph_Driver/src/stm32f10x_rtc.c ****   RTC->PRLH = (PrescalerValue & PRLH_MSB_Mask) >> 16;
 251              		.loc 1 169 0
 252 0016 C4F30342 		ubfx	r2, r4, #16, #4
 253 001a 044B     		ldr	r3, .L26+4
 254 001c 1A81     		strh	r2, [r3, #8]	@ movhi
 170:STM32F10x_StdPeriph_Driver/src/stm32f10x_rtc.c ****   /* Set RTC PRESCALER LSB word */
 171:STM32F10x_StdPeriph_Driver/src/stm32f10x_rtc.c ****   RTC->PRLL = (PrescalerValue & RTC_LSB_Mask);
 255              		.loc 1 171 0
 256 001e A4B2     		uxth	r4, r4
 257              	.LVL15:
 258 0020 9C81     		strh	r4, [r3, #12]	@ movhi
 172:STM32F10x_StdPeriph_Driver/src/stm32f10x_rtc.c ****   RTC_ExitConfigMode();
 259              		.loc 1 172 0
 260 0022 FFF7FEFF 		bl	RTC_ExitConfigMode
 261              	.LVL16:
 262 0026 10BD     		pop	{r4, pc}
 263              	.L27:
 264              		.align	2
 265              	.L26:
 266 0028 00000000 		.word	.LC0
 267 002c 00280040 		.word	1073752064
 268              		.cfi_endproc
 269              	.LFE32:
 271              		.section	.text.RTC_SetAlarm,"ax",%progbits
 272              		.align	2
 273              		.global	RTC_SetAlarm
 274              		.thumb
 275              		.thumb_func
 277              	RTC_SetAlarm:
 278              	.LFB33:
 173:STM32F10x_StdPeriph_Driver/src/stm32f10x_rtc.c **** }
 174:STM32F10x_StdPeriph_Driver/src/stm32f10x_rtc.c **** 
 175:STM32F10x_StdPeriph_Driver/src/stm32f10x_rtc.c **** /**
 176:STM32F10x_StdPeriph_Driver/src/stm32f10x_rtc.c ****   * @brief  Sets the RTC alarm value.
 177:STM32F10x_StdPeriph_Driver/src/stm32f10x_rtc.c ****   * @param  AlarmValue: RTC alarm new value.
 178:STM32F10x_StdPeriph_Driver/src/stm32f10x_rtc.c ****   * @retval None
 179:STM32F10x_StdPeriph_Driver/src/stm32f10x_rtc.c ****   */
 180:STM32F10x_StdPeriph_Driver/src/stm32f10x_rtc.c **** void RTC_SetAlarm(uint32_t AlarmValue)
 181:STM32F10x_StdPeriph_Driver/src/stm32f10x_rtc.c **** {  
 279              		.loc 1 181 0
 280              		.cfi_startproc
 281              		@ args = 0, pretend = 0, frame = 0
 282              		@ frame_needed = 0, uses_anonymous_args = 0
 283              	.LVL17:
 284 0000 10B5     		push	{r4, lr}
 285              	.LCFI3:
 286              		.cfi_def_cfa_offset 8
 287              		.cfi_offset 4, -8
 288              		.cfi_offset 14, -4
ARM GAS  /var/folders/g9/bbpj86ld7fx45vd1b3pqxmp00000gn/T//cc4U3yRU.s 			page 9


 289 0002 0446     		mov	r4, r0
 182:STM32F10x_StdPeriph_Driver/src/stm32f10x_rtc.c ****   RTC_EnterConfigMode();
 290              		.loc 1 182 0
 291 0004 FFF7FEFF 		bl	RTC_EnterConfigMode
 292              	.LVL18:
 183:STM32F10x_StdPeriph_Driver/src/stm32f10x_rtc.c ****   /* Set the ALARM MSB word */
 184:STM32F10x_StdPeriph_Driver/src/stm32f10x_rtc.c ****   RTC->ALRH = AlarmValue >> 16;
 293              		.loc 1 184 0
 294 0008 220C     		lsrs	r2, r4, #16
 295 000a 034B     		ldr	r3, .L30
 296 000c 1A84     		strh	r2, [r3, #32]	@ movhi
 185:STM32F10x_StdPeriph_Driver/src/stm32f10x_rtc.c ****   /* Set the ALARM LSB word */
 186:STM32F10x_StdPeriph_Driver/src/stm32f10x_rtc.c ****   RTC->ALRL = (AlarmValue & RTC_LSB_Mask);
 297              		.loc 1 186 0
 298 000e A4B2     		uxth	r4, r4
 299              	.LVL19:
 300 0010 9C84     		strh	r4, [r3, #36]	@ movhi
 187:STM32F10x_StdPeriph_Driver/src/stm32f10x_rtc.c ****   RTC_ExitConfigMode();
 301              		.loc 1 187 0
 302 0012 FFF7FEFF 		bl	RTC_ExitConfigMode
 303              	.LVL20:
 304 0016 10BD     		pop	{r4, pc}
 305              	.L31:
 306              		.align	2
 307              	.L30:
 308 0018 00280040 		.word	1073752064
 309              		.cfi_endproc
 310              	.LFE33:
 312              		.section	.text.RTC_GetDivider,"ax",%progbits
 313              		.align	2
 314              		.global	RTC_GetDivider
 315              		.thumb
 316              		.thumb_func
 318              	RTC_GetDivider:
 319              	.LFB34:
 188:STM32F10x_StdPeriph_Driver/src/stm32f10x_rtc.c **** }
 189:STM32F10x_StdPeriph_Driver/src/stm32f10x_rtc.c **** 
 190:STM32F10x_StdPeriph_Driver/src/stm32f10x_rtc.c **** /**
 191:STM32F10x_StdPeriph_Driver/src/stm32f10x_rtc.c ****   * @brief  Gets the RTC divider value.
 192:STM32F10x_StdPeriph_Driver/src/stm32f10x_rtc.c ****   * @param  None
 193:STM32F10x_StdPeriph_Driver/src/stm32f10x_rtc.c ****   * @retval RTC Divider value.
 194:STM32F10x_StdPeriph_Driver/src/stm32f10x_rtc.c ****   */
 195:STM32F10x_StdPeriph_Driver/src/stm32f10x_rtc.c **** uint32_t RTC_GetDivider(void)
 196:STM32F10x_StdPeriph_Driver/src/stm32f10x_rtc.c **** {
 320              		.loc 1 196 0
 321              		.cfi_startproc
 322              		@ args = 0, pretend = 0, frame = 0
 323              		@ frame_needed = 0, uses_anonymous_args = 0
 324              		@ link register save eliminated.
 325              	.LVL21:
 197:STM32F10x_StdPeriph_Driver/src/stm32f10x_rtc.c ****   uint32_t tmp = 0x00;
 198:STM32F10x_StdPeriph_Driver/src/stm32f10x_rtc.c ****   tmp = ((uint32_t)RTC->DIVH & (uint32_t)0x000F) << 16;
 326              		.loc 1 198 0
 327 0000 044B     		ldr	r3, .L33
 328 0002 188A     		ldrh	r0, [r3, #16]
 329 0004 00F00F00 		and	r0, r0, #15
 330              	.LVL22:
ARM GAS  /var/folders/g9/bbpj86ld7fx45vd1b3pqxmp00000gn/T//cc4U3yRU.s 			page 10


 199:STM32F10x_StdPeriph_Driver/src/stm32f10x_rtc.c ****   tmp |= RTC->DIVL;
 331              		.loc 1 199 0
 332 0008 9B8A     		ldrh	r3, [r3, #20]
 333 000a 9BB2     		uxth	r3, r3
 334              	.LVL23:
 200:STM32F10x_StdPeriph_Driver/src/stm32f10x_rtc.c ****   return tmp;
 201:STM32F10x_StdPeriph_Driver/src/stm32f10x_rtc.c **** }
 335              		.loc 1 201 0
 336 000c 43EA0040 		orr	r0, r3, r0, lsl #16
 337              	.LVL24:
 338 0010 7047     		bx	lr
 339              	.L34:
 340 0012 00BF     		.align	2
 341              	.L33:
 342 0014 00280040 		.word	1073752064
 343              		.cfi_endproc
 344              	.LFE34:
 346              		.section	.text.RTC_WaitForLastTask,"ax",%progbits
 347              		.align	2
 348              		.global	RTC_WaitForLastTask
 349              		.thumb
 350              		.thumb_func
 352              	RTC_WaitForLastTask:
 353              	.LFB35:
 202:STM32F10x_StdPeriph_Driver/src/stm32f10x_rtc.c **** 
 203:STM32F10x_StdPeriph_Driver/src/stm32f10x_rtc.c **** /**
 204:STM32F10x_StdPeriph_Driver/src/stm32f10x_rtc.c ****   * @brief  Waits until last write operation on RTC registers has finished.
 205:STM32F10x_StdPeriph_Driver/src/stm32f10x_rtc.c ****   * @note   This function must be called before any write to RTC registers.
 206:STM32F10x_StdPeriph_Driver/src/stm32f10x_rtc.c ****   * @param  None
 207:STM32F10x_StdPeriph_Driver/src/stm32f10x_rtc.c ****   * @retval None
 208:STM32F10x_StdPeriph_Driver/src/stm32f10x_rtc.c ****   */
 209:STM32F10x_StdPeriph_Driver/src/stm32f10x_rtc.c **** void RTC_WaitForLastTask(void)
 210:STM32F10x_StdPeriph_Driver/src/stm32f10x_rtc.c **** {
 354              		.loc 1 210 0
 355              		.cfi_startproc
 356              		@ args = 0, pretend = 0, frame = 0
 357              		@ frame_needed = 0, uses_anonymous_args = 0
 358              		@ link register save eliminated.
 359              	.L36:
 211:STM32F10x_StdPeriph_Driver/src/stm32f10x_rtc.c ****   /* Loop until RTOFF flag is set */
 212:STM32F10x_StdPeriph_Driver/src/stm32f10x_rtc.c ****   while ((RTC->CRL & RTC_FLAG_RTOFF) == (uint16_t)RESET)
 360              		.loc 1 212 0 discriminator 1
 361 0000 034B     		ldr	r3, .L37
 362 0002 9B88     		ldrh	r3, [r3, #4]
 363 0004 03F02003 		and	r3, r3, #32
 364 0008 9BB2     		uxth	r3, r3
 365 000a 002B     		cmp	r3, #0
 366 000c F8D0     		beq	.L36
 213:STM32F10x_StdPeriph_Driver/src/stm32f10x_rtc.c ****   {
 214:STM32F10x_StdPeriph_Driver/src/stm32f10x_rtc.c ****   }
 215:STM32F10x_StdPeriph_Driver/src/stm32f10x_rtc.c **** }
 367              		.loc 1 215 0
 368 000e 7047     		bx	lr
 369              	.L38:
 370              		.align	2
 371              	.L37:
 372 0010 00280040 		.word	1073752064
ARM GAS  /var/folders/g9/bbpj86ld7fx45vd1b3pqxmp00000gn/T//cc4U3yRU.s 			page 11


 373              		.cfi_endproc
 374              	.LFE35:
 376              		.section	.text.RTC_WaitForSynchro,"ax",%progbits
 377              		.align	2
 378              		.global	RTC_WaitForSynchro
 379              		.thumb
 380              		.thumb_func
 382              	RTC_WaitForSynchro:
 383              	.LFB36:
 216:STM32F10x_StdPeriph_Driver/src/stm32f10x_rtc.c **** 
 217:STM32F10x_StdPeriph_Driver/src/stm32f10x_rtc.c **** /**
 218:STM32F10x_StdPeriph_Driver/src/stm32f10x_rtc.c ****   * @brief  Waits until the RTC registers (RTC_CNT, RTC_ALR and RTC_PRL)
 219:STM32F10x_StdPeriph_Driver/src/stm32f10x_rtc.c ****   *   are synchronized with RTC APB clock.
 220:STM32F10x_StdPeriph_Driver/src/stm32f10x_rtc.c ****   * @note   This function must be called before any read operation after an APB reset
 221:STM32F10x_StdPeriph_Driver/src/stm32f10x_rtc.c ****   *   or an APB clock stop.
 222:STM32F10x_StdPeriph_Driver/src/stm32f10x_rtc.c ****   * @param  None
 223:STM32F10x_StdPeriph_Driver/src/stm32f10x_rtc.c ****   * @retval None
 224:STM32F10x_StdPeriph_Driver/src/stm32f10x_rtc.c ****   */
 225:STM32F10x_StdPeriph_Driver/src/stm32f10x_rtc.c **** void RTC_WaitForSynchro(void)
 226:STM32F10x_StdPeriph_Driver/src/stm32f10x_rtc.c **** {
 384              		.loc 1 226 0
 385              		.cfi_startproc
 386              		@ args = 0, pretend = 0, frame = 0
 387              		@ frame_needed = 0, uses_anonymous_args = 0
 388              		@ link register save eliminated.
 227:STM32F10x_StdPeriph_Driver/src/stm32f10x_rtc.c ****   /* Clear RSF flag */
 228:STM32F10x_StdPeriph_Driver/src/stm32f10x_rtc.c ****   RTC->CRL &= (uint16_t)~RTC_FLAG_RSF;
 389              		.loc 1 228 0
 390 0000 074A     		ldr	r2, .L41
 391 0002 9388     		ldrh	r3, [r2, #4]
 392 0004 9BB2     		uxth	r3, r3
 393 0006 23F00803 		bic	r3, r3, #8
 394 000a 9BB2     		uxth	r3, r3
 395 000c 9380     		strh	r3, [r2, #4]	@ movhi
 396              	.L40:
 229:STM32F10x_StdPeriph_Driver/src/stm32f10x_rtc.c ****   /* Loop until RSF flag is set */
 230:STM32F10x_StdPeriph_Driver/src/stm32f10x_rtc.c ****   while ((RTC->CRL & RTC_FLAG_RSF) == (uint16_t)RESET)
 397              		.loc 1 230 0 discriminator 1
 398 000e 044B     		ldr	r3, .L41
 399 0010 9B88     		ldrh	r3, [r3, #4]
 400 0012 03F00803 		and	r3, r3, #8
 401 0016 9BB2     		uxth	r3, r3
 402 0018 002B     		cmp	r3, #0
 403 001a F8D0     		beq	.L40
 231:STM32F10x_StdPeriph_Driver/src/stm32f10x_rtc.c ****   {
 232:STM32F10x_StdPeriph_Driver/src/stm32f10x_rtc.c ****   }
 233:STM32F10x_StdPeriph_Driver/src/stm32f10x_rtc.c **** }
 404              		.loc 1 233 0
 405 001c 7047     		bx	lr
 406              	.L42:
 407 001e 00BF     		.align	2
 408              	.L41:
 409 0020 00280040 		.word	1073752064
 410              		.cfi_endproc
 411              	.LFE36:
 413              		.section	.text.RTC_GetFlagStatus,"ax",%progbits
 414              		.align	2
ARM GAS  /var/folders/g9/bbpj86ld7fx45vd1b3pqxmp00000gn/T//cc4U3yRU.s 			page 12


 415              		.global	RTC_GetFlagStatus
 416              		.thumb
 417              		.thumb_func
 419              	RTC_GetFlagStatus:
 420              	.LFB37:
 234:STM32F10x_StdPeriph_Driver/src/stm32f10x_rtc.c **** 
 235:STM32F10x_StdPeriph_Driver/src/stm32f10x_rtc.c **** /**
 236:STM32F10x_StdPeriph_Driver/src/stm32f10x_rtc.c ****   * @brief  Checks whether the specified RTC flag is set or not.
 237:STM32F10x_StdPeriph_Driver/src/stm32f10x_rtc.c ****   * @param  RTC_FLAG: specifies the flag to check.
 238:STM32F10x_StdPeriph_Driver/src/stm32f10x_rtc.c ****   *   This parameter can be one the following values:
 239:STM32F10x_StdPeriph_Driver/src/stm32f10x_rtc.c ****   *     @arg RTC_FLAG_RTOFF: RTC Operation OFF flag
 240:STM32F10x_StdPeriph_Driver/src/stm32f10x_rtc.c ****   *     @arg RTC_FLAG_RSF: Registers Synchronized flag
 241:STM32F10x_StdPeriph_Driver/src/stm32f10x_rtc.c ****   *     @arg RTC_FLAG_OW: Overflow flag
 242:STM32F10x_StdPeriph_Driver/src/stm32f10x_rtc.c ****   *     @arg RTC_FLAG_ALR: Alarm flag
 243:STM32F10x_StdPeriph_Driver/src/stm32f10x_rtc.c ****   *     @arg RTC_FLAG_SEC: Second flag
 244:STM32F10x_StdPeriph_Driver/src/stm32f10x_rtc.c ****   * @retval The new state of RTC_FLAG (SET or RESET).
 245:STM32F10x_StdPeriph_Driver/src/stm32f10x_rtc.c ****   */
 246:STM32F10x_StdPeriph_Driver/src/stm32f10x_rtc.c **** FlagStatus RTC_GetFlagStatus(uint16_t RTC_FLAG)
 247:STM32F10x_StdPeriph_Driver/src/stm32f10x_rtc.c **** {
 421              		.loc 1 247 0
 422              		.cfi_startproc
 423              		@ args = 0, pretend = 0, frame = 0
 424              		@ frame_needed = 0, uses_anonymous_args = 0
 425              	.LVL25:
 426 0000 10B5     		push	{r4, lr}
 427              	.LCFI4:
 428              		.cfi_def_cfa_offset 8
 429              		.cfi_offset 4, -8
 430              		.cfi_offset 14, -4
 431 0002 0446     		mov	r4, r0
 432              	.LVL26:
 248:STM32F10x_StdPeriph_Driver/src/stm32f10x_rtc.c ****   FlagStatus bitstatus = RESET;
 249:STM32F10x_StdPeriph_Driver/src/stm32f10x_rtc.c ****   
 250:STM32F10x_StdPeriph_Driver/src/stm32f10x_rtc.c ****   /* Check the parameters */
 251:STM32F10x_StdPeriph_Driver/src/stm32f10x_rtc.c ****   assert_param(IS_RTC_GET_FLAG(RTC_FLAG)); 
 433              		.loc 1 251 0
 434 0004 2028     		cmp	r0, #32
 435 0006 0BD0     		beq	.L44
 436              		.loc 1 251 0 is_stmt 0 discriminator 1
 437 0008 0828     		cmp	r0, #8
 438 000a 09D0     		beq	.L44
 439              		.loc 1 251 0 discriminator 2
 440 000c 0428     		cmp	r0, #4
 441 000e 07D0     		beq	.L44
 442              		.loc 1 251 0 discriminator 3
 443 0010 0228     		cmp	r0, #2
 444 0012 05D0     		beq	.L44
 445              		.loc 1 251 0 discriminator 4
 446 0014 0128     		cmp	r0, #1
 447 0016 03D0     		beq	.L44
 448              		.loc 1 251 0 discriminator 5
 449 0018 FB21     		movs	r1, #251
 450 001a 0548     		ldr	r0, .L48
 451              	.LVL27:
 452 001c FFF7FEFF 		bl	assert_failed
 453              	.LVL28:
 454              	.L44:
ARM GAS  /var/folders/g9/bbpj86ld7fx45vd1b3pqxmp00000gn/T//cc4U3yRU.s 			page 13


 252:STM32F10x_StdPeriph_Driver/src/stm32f10x_rtc.c ****   
 253:STM32F10x_StdPeriph_Driver/src/stm32f10x_rtc.c ****   if ((RTC->CRL & RTC_FLAG) != (uint16_t)RESET)
 455              		.loc 1 253 0 is_stmt 1
 456 0020 044B     		ldr	r3, .L48+4
 457 0022 9B88     		ldrh	r3, [r3, #4]
 458 0024 1C42     		tst	r4, r3
 459 0026 01D0     		beq	.L46
 254:STM32F10x_StdPeriph_Driver/src/stm32f10x_rtc.c ****   {
 255:STM32F10x_StdPeriph_Driver/src/stm32f10x_rtc.c ****     bitstatus = SET;
 460              		.loc 1 255 0
 461 0028 0120     		movs	r0, #1
 462 002a 10BD     		pop	{r4, pc}
 463              	.L46:
 256:STM32F10x_StdPeriph_Driver/src/stm32f10x_rtc.c ****   }
 257:STM32F10x_StdPeriph_Driver/src/stm32f10x_rtc.c ****   else
 258:STM32F10x_StdPeriph_Driver/src/stm32f10x_rtc.c ****   {
 259:STM32F10x_StdPeriph_Driver/src/stm32f10x_rtc.c ****     bitstatus = RESET;
 464              		.loc 1 259 0
 465 002c 0020     		movs	r0, #0
 466              	.LVL29:
 260:STM32F10x_StdPeriph_Driver/src/stm32f10x_rtc.c ****   }
 261:STM32F10x_StdPeriph_Driver/src/stm32f10x_rtc.c ****   return bitstatus;
 262:STM32F10x_StdPeriph_Driver/src/stm32f10x_rtc.c **** }
 467              		.loc 1 262 0
 468 002e 10BD     		pop	{r4, pc}
 469              	.L49:
 470              		.align	2
 471              	.L48:
 472 0030 00000000 		.word	.LC0
 473 0034 00280040 		.word	1073752064
 474              		.cfi_endproc
 475              	.LFE37:
 477              		.section	.text.RTC_ClearFlag,"ax",%progbits
 478              		.align	2
 479              		.global	RTC_ClearFlag
 480              		.thumb
 481              		.thumb_func
 483              	RTC_ClearFlag:
 484              	.LFB38:
 263:STM32F10x_StdPeriph_Driver/src/stm32f10x_rtc.c **** 
 264:STM32F10x_StdPeriph_Driver/src/stm32f10x_rtc.c **** /**
 265:STM32F10x_StdPeriph_Driver/src/stm32f10x_rtc.c ****   * @brief  Clears the RTC’s pending flags.
 266:STM32F10x_StdPeriph_Driver/src/stm32f10x_rtc.c ****   * @param  RTC_FLAG: specifies the flag to clear.
 267:STM32F10x_StdPeriph_Driver/src/stm32f10x_rtc.c ****   *   This parameter can be any combination of the following values:
 268:STM32F10x_StdPeriph_Driver/src/stm32f10x_rtc.c ****   *     @arg RTC_FLAG_RSF: Registers Synchronized flag. This flag is cleared only after
 269:STM32F10x_StdPeriph_Driver/src/stm32f10x_rtc.c ****   *                        an APB reset or an APB Clock stop.
 270:STM32F10x_StdPeriph_Driver/src/stm32f10x_rtc.c ****   *     @arg RTC_FLAG_OW: Overflow flag
 271:STM32F10x_StdPeriph_Driver/src/stm32f10x_rtc.c ****   *     @arg RTC_FLAG_ALR: Alarm flag
 272:STM32F10x_StdPeriph_Driver/src/stm32f10x_rtc.c ****   *     @arg RTC_FLAG_SEC: Second flag
 273:STM32F10x_StdPeriph_Driver/src/stm32f10x_rtc.c ****   * @retval None
 274:STM32F10x_StdPeriph_Driver/src/stm32f10x_rtc.c ****   */
 275:STM32F10x_StdPeriph_Driver/src/stm32f10x_rtc.c **** void RTC_ClearFlag(uint16_t RTC_FLAG)
 276:STM32F10x_StdPeriph_Driver/src/stm32f10x_rtc.c **** {
 485              		.loc 1 276 0
 486              		.cfi_startproc
 487              		@ args = 0, pretend = 0, frame = 0
 488              		@ frame_needed = 0, uses_anonymous_args = 0
ARM GAS  /var/folders/g9/bbpj86ld7fx45vd1b3pqxmp00000gn/T//cc4U3yRU.s 			page 14


 489              	.LVL30:
 490 0000 10B5     		push	{r4, lr}
 491              	.LCFI5:
 492              		.cfi_def_cfa_offset 8
 493              		.cfi_offset 4, -8
 494              		.cfi_offset 14, -4
 495 0002 0446     		mov	r4, r0
 277:STM32F10x_StdPeriph_Driver/src/stm32f10x_rtc.c ****   /* Check the parameters */
 278:STM32F10x_StdPeriph_Driver/src/stm32f10x_rtc.c ****   assert_param(IS_RTC_CLEAR_FLAG(RTC_FLAG)); 
 496              		.loc 1 278 0
 497 0004 20F00F03 		bic	r3, r0, #15
 498 0008 9BB2     		uxth	r3, r3
 499 000a 03B9     		cbnz	r3, .L51
 500              		.loc 1 278 0 is_stmt 0 discriminator 2
 501 000c 20B9     		cbnz	r0, .L52
 502              	.L51:
 503              		.loc 1 278 0 discriminator 3
 504 000e 4FF48B71 		mov	r1, #278
 505 0012 0548     		ldr	r0, .L54
 506              	.LVL31:
 507 0014 FFF7FEFF 		bl	assert_failed
 508              	.LVL32:
 509              	.L52:
 279:STM32F10x_StdPeriph_Driver/src/stm32f10x_rtc.c ****     
 280:STM32F10x_StdPeriph_Driver/src/stm32f10x_rtc.c ****   /* Clear the coressponding RTC flag */
 281:STM32F10x_StdPeriph_Driver/src/stm32f10x_rtc.c ****   RTC->CRL &= (uint16_t)~RTC_FLAG;
 510              		.loc 1 281 0 is_stmt 1
 511 0018 044A     		ldr	r2, .L54+4
 512 001a 9388     		ldrh	r3, [r2, #4]
 513 001c E443     		mvns	r4, r4
 514 001e A4B2     		uxth	r4, r4
 515 0020 1C40     		ands	r4, r4, r3
 516 0022 9480     		strh	r4, [r2, #4]	@ movhi
 517 0024 10BD     		pop	{r4, pc}
 518              	.L55:
 519 0026 00BF     		.align	2
 520              	.L54:
 521 0028 00000000 		.word	.LC0
 522 002c 00280040 		.word	1073752064
 523              		.cfi_endproc
 524              	.LFE38:
 526              		.section	.text.RTC_GetITStatus,"ax",%progbits
 527              		.align	2
 528              		.global	RTC_GetITStatus
 529              		.thumb
 530              		.thumb_func
 532              	RTC_GetITStatus:
 533              	.LFB39:
 282:STM32F10x_StdPeriph_Driver/src/stm32f10x_rtc.c **** }
 283:STM32F10x_StdPeriph_Driver/src/stm32f10x_rtc.c **** 
 284:STM32F10x_StdPeriph_Driver/src/stm32f10x_rtc.c **** /**
 285:STM32F10x_StdPeriph_Driver/src/stm32f10x_rtc.c ****   * @brief  Checks whether the specified RTC interrupt has occured or not.
 286:STM32F10x_StdPeriph_Driver/src/stm32f10x_rtc.c ****   * @param  RTC_IT: specifies the RTC interrupts sources to check.
 287:STM32F10x_StdPeriph_Driver/src/stm32f10x_rtc.c ****   *   This parameter can be one of the following values:
 288:STM32F10x_StdPeriph_Driver/src/stm32f10x_rtc.c ****   *     @arg RTC_IT_OW: Overflow interrupt
 289:STM32F10x_StdPeriph_Driver/src/stm32f10x_rtc.c ****   *     @arg RTC_IT_ALR: Alarm interrupt
 290:STM32F10x_StdPeriph_Driver/src/stm32f10x_rtc.c ****   *     @arg RTC_IT_SEC: Second interrupt
ARM GAS  /var/folders/g9/bbpj86ld7fx45vd1b3pqxmp00000gn/T//cc4U3yRU.s 			page 15


 291:STM32F10x_StdPeriph_Driver/src/stm32f10x_rtc.c ****   * @retval The new state of the RTC_IT (SET or RESET).
 292:STM32F10x_StdPeriph_Driver/src/stm32f10x_rtc.c ****   */
 293:STM32F10x_StdPeriph_Driver/src/stm32f10x_rtc.c **** ITStatus RTC_GetITStatus(uint16_t RTC_IT)
 294:STM32F10x_StdPeriph_Driver/src/stm32f10x_rtc.c **** {
 534              		.loc 1 294 0
 535              		.cfi_startproc
 536              		@ args = 0, pretend = 0, frame = 0
 537              		@ frame_needed = 0, uses_anonymous_args = 0
 538              	.LVL33:
 539 0000 10B5     		push	{r4, lr}
 540              	.LCFI6:
 541              		.cfi_def_cfa_offset 8
 542              		.cfi_offset 4, -8
 543              		.cfi_offset 14, -4
 544 0002 0446     		mov	r4, r0
 545              	.LVL34:
 295:STM32F10x_StdPeriph_Driver/src/stm32f10x_rtc.c ****   ITStatus bitstatus = RESET;
 296:STM32F10x_StdPeriph_Driver/src/stm32f10x_rtc.c ****   /* Check the parameters */
 297:STM32F10x_StdPeriph_Driver/src/stm32f10x_rtc.c ****   assert_param(IS_RTC_GET_IT(RTC_IT)); 
 546              		.loc 1 297 0
 547 0004 0428     		cmp	r0, #4
 548 0006 08D0     		beq	.L57
 549              		.loc 1 297 0 is_stmt 0 discriminator 1
 550 0008 0228     		cmp	r0, #2
 551 000a 06D0     		beq	.L57
 552              		.loc 1 297 0 discriminator 2
 553 000c 0128     		cmp	r0, #1
 554 000e 04D0     		beq	.L57
 555              		.loc 1 297 0 discriminator 3
 556 0010 40F22911 		movw	r1, #297
 557 0014 0848     		ldr	r0, .L62
 558              	.LVL35:
 559 0016 FFF7FEFF 		bl	assert_failed
 560              	.LVL36:
 561              	.L57:
 298:STM32F10x_StdPeriph_Driver/src/stm32f10x_rtc.c ****   
 299:STM32F10x_StdPeriph_Driver/src/stm32f10x_rtc.c ****   bitstatus = (ITStatus)(RTC->CRL & RTC_IT);
 562              		.loc 1 299 0 is_stmt 1
 563 001a 084A     		ldr	r2, .L62+4
 564 001c 9388     		ldrh	r3, [r2, #4]
 565 001e E1B2     		uxtb	r1, r4
 566 0020 0B40     		ands	r3, r3, r1
 567              	.LVL37:
 300:STM32F10x_StdPeriph_Driver/src/stm32f10x_rtc.c ****   if (((RTC->CRH & RTC_IT) != (uint16_t)RESET) && (bitstatus != (uint16_t)RESET))
 568              		.loc 1 300 0
 569 0022 1288     		ldrh	r2, [r2]
 570 0024 1442     		tst	r4, r2
 571 0026 02D0     		beq	.L59
 572              		.loc 1 300 0 is_stmt 0 discriminator 1
 573 0028 1BB9     		cbnz	r3, .L60
 301:STM32F10x_StdPeriph_Driver/src/stm32f10x_rtc.c ****   {
 302:STM32F10x_StdPeriph_Driver/src/stm32f10x_rtc.c ****     bitstatus = SET;
 303:STM32F10x_StdPeriph_Driver/src/stm32f10x_rtc.c ****   }
 304:STM32F10x_StdPeriph_Driver/src/stm32f10x_rtc.c ****   else
 305:STM32F10x_StdPeriph_Driver/src/stm32f10x_rtc.c ****   {
 306:STM32F10x_StdPeriph_Driver/src/stm32f10x_rtc.c ****     bitstatus = RESET;
 574              		.loc 1 306 0 is_stmt 1
ARM GAS  /var/folders/g9/bbpj86ld7fx45vd1b3pqxmp00000gn/T//cc4U3yRU.s 			page 16


 575 002a 0020     		movs	r0, #0
 576 002c 10BD     		pop	{r4, pc}
 577              	.L59:
 578 002e 0020     		movs	r0, #0
 579 0030 10BD     		pop	{r4, pc}
 580              	.L60:
 302:STM32F10x_StdPeriph_Driver/src/stm32f10x_rtc.c ****   }
 581              		.loc 1 302 0
 582 0032 0120     		movs	r0, #1
 583              	.LVL38:
 307:STM32F10x_StdPeriph_Driver/src/stm32f10x_rtc.c ****   }
 308:STM32F10x_StdPeriph_Driver/src/stm32f10x_rtc.c ****   return bitstatus;
 309:STM32F10x_StdPeriph_Driver/src/stm32f10x_rtc.c **** }
 584              		.loc 1 309 0
 585 0034 10BD     		pop	{r4, pc}
 586              	.L63:
 587 0036 00BF     		.align	2
 588              	.L62:
 589 0038 00000000 		.word	.LC0
 590 003c 00280040 		.word	1073752064
 591              		.cfi_endproc
 592              	.LFE39:
 594              		.section	.text.RTC_ClearITPendingBit,"ax",%progbits
 595              		.align	2
 596              		.global	RTC_ClearITPendingBit
 597              		.thumb
 598              		.thumb_func
 600              	RTC_ClearITPendingBit:
 601              	.LFB40:
 310:STM32F10x_StdPeriph_Driver/src/stm32f10x_rtc.c **** 
 311:STM32F10x_StdPeriph_Driver/src/stm32f10x_rtc.c **** /**
 312:STM32F10x_StdPeriph_Driver/src/stm32f10x_rtc.c ****   * @brief  Clears the RTC’s interrupt pending bits.
 313:STM32F10x_StdPeriph_Driver/src/stm32f10x_rtc.c ****   * @param  RTC_IT: specifies the interrupt pending bit to clear.
 314:STM32F10x_StdPeriph_Driver/src/stm32f10x_rtc.c ****   *   This parameter can be any combination of the following values:
 315:STM32F10x_StdPeriph_Driver/src/stm32f10x_rtc.c ****   *     @arg RTC_IT_OW: Overflow interrupt
 316:STM32F10x_StdPeriph_Driver/src/stm32f10x_rtc.c ****   *     @arg RTC_IT_ALR: Alarm interrupt
 317:STM32F10x_StdPeriph_Driver/src/stm32f10x_rtc.c ****   *     @arg RTC_IT_SEC: Second interrupt
 318:STM32F10x_StdPeriph_Driver/src/stm32f10x_rtc.c ****   * @retval None
 319:STM32F10x_StdPeriph_Driver/src/stm32f10x_rtc.c ****   */
 320:STM32F10x_StdPeriph_Driver/src/stm32f10x_rtc.c **** void RTC_ClearITPendingBit(uint16_t RTC_IT)
 321:STM32F10x_StdPeriph_Driver/src/stm32f10x_rtc.c **** {
 602              		.loc 1 321 0
 603              		.cfi_startproc
 604              		@ args = 0, pretend = 0, frame = 0
 605              		@ frame_needed = 0, uses_anonymous_args = 0
 606              	.LVL39:
 607 0000 10B5     		push	{r4, lr}
 608              	.LCFI7:
 609              		.cfi_def_cfa_offset 8
 610              		.cfi_offset 4, -8
 611              		.cfi_offset 14, -4
 612 0002 0446     		mov	r4, r0
 322:STM32F10x_StdPeriph_Driver/src/stm32f10x_rtc.c ****   /* Check the parameters */
 323:STM32F10x_StdPeriph_Driver/src/stm32f10x_rtc.c ****   assert_param(IS_RTC_IT(RTC_IT));  
 613              		.loc 1 323 0
 614 0004 20F00703 		bic	r3, r0, #7
 615 0008 9BB2     		uxth	r3, r3
ARM GAS  /var/folders/g9/bbpj86ld7fx45vd1b3pqxmp00000gn/T//cc4U3yRU.s 			page 17


 616 000a 03B9     		cbnz	r3, .L65
 617              		.loc 1 323 0 is_stmt 0 discriminator 2
 618 000c 20B9     		cbnz	r0, .L66
 619              	.L65:
 620              		.loc 1 323 0 discriminator 3
 621 000e 40F24311 		movw	r1, #323
 622 0012 0548     		ldr	r0, .L68
 623              	.LVL40:
 624 0014 FFF7FEFF 		bl	assert_failed
 625              	.LVL41:
 626              	.L66:
 324:STM32F10x_StdPeriph_Driver/src/stm32f10x_rtc.c ****   
 325:STM32F10x_StdPeriph_Driver/src/stm32f10x_rtc.c ****   /* Clear the coressponding RTC pending bit */
 326:STM32F10x_StdPeriph_Driver/src/stm32f10x_rtc.c ****   RTC->CRL &= (uint16_t)~RTC_IT;
 627              		.loc 1 326 0 is_stmt 1
 628 0018 044A     		ldr	r2, .L68+4
 629 001a 9388     		ldrh	r3, [r2, #4]
 630 001c E443     		mvns	r4, r4
 631 001e A4B2     		uxth	r4, r4
 632 0020 1C40     		ands	r4, r4, r3
 633 0022 9480     		strh	r4, [r2, #4]	@ movhi
 634 0024 10BD     		pop	{r4, pc}
 635              	.L69:
 636 0026 00BF     		.align	2
 637              	.L68:
 638 0028 00000000 		.word	.LC0
 639 002c 00280040 		.word	1073752064
 640              		.cfi_endproc
 641              	.LFE40:
 643              		.section	.rodata.str1.4,"aMS",%progbits,1
 644              		.align	2
 645              	.LC0:
 646 0000 53544D33 		.ascii	"STM32F10x_StdPeriph_Driver/src/stm32f10x_rtc.c\000"
 646      32463130 
 646      785F5374 
 646      64506572 
 646      6970685F 
 647              		.text
 648              	.Letext0:
 649              		.file 2 "/usr/local/Cellar/gcc-arm-none-eabi/20160926/arm-none-eabi/include/machine/_default_types
 650              		.file 3 "/usr/local/Cellar/gcc-arm-none-eabi/20160926/arm-none-eabi/include/sys/_stdint.h"
 651              		.file 4 "CMSIS/Core/CM3/stm32f10x.h"
 652              		.file 5 "Inc/stm32f10x_conf.h"
ARM GAS  /var/folders/g9/bbpj86ld7fx45vd1b3pqxmp00000gn/T//cc4U3yRU.s 			page 18


DEFINED SYMBOLS
                            *ABS*:0000000000000000 stm32f10x_rtc.c
/var/folders/g9/bbpj86ld7fx45vd1b3pqxmp00000gn/T//cc4U3yRU.s:20     .text.RTC_ITConfig:0000000000000000 $t
/var/folders/g9/bbpj86ld7fx45vd1b3pqxmp00000gn/T//cc4U3yRU.s:25     .text.RTC_ITConfig:0000000000000000 RTC_ITConfig
/var/folders/g9/bbpj86ld7fx45vd1b3pqxmp00000gn/T//cc4U3yRU.s:87     .text.RTC_ITConfig:0000000000000040 $d
/var/folders/g9/bbpj86ld7fx45vd1b3pqxmp00000gn/T//cc4U3yRU.s:93     .text.RTC_EnterConfigMode:0000000000000000 $t
/var/folders/g9/bbpj86ld7fx45vd1b3pqxmp00000gn/T//cc4U3yRU.s:98     .text.RTC_EnterConfigMode:0000000000000000 RTC_EnterConfigMode
/var/folders/g9/bbpj86ld7fx45vd1b3pqxmp00000gn/T//cc4U3yRU.s:115    .text.RTC_EnterConfigMode:0000000000000010 $d
/var/folders/g9/bbpj86ld7fx45vd1b3pqxmp00000gn/T//cc4U3yRU.s:120    .text.RTC_ExitConfigMode:0000000000000000 $t
/var/folders/g9/bbpj86ld7fx45vd1b3pqxmp00000gn/T//cc4U3yRU.s:125    .text.RTC_ExitConfigMode:0000000000000000 RTC_ExitConfigMode
/var/folders/g9/bbpj86ld7fx45vd1b3pqxmp00000gn/T//cc4U3yRU.s:143    .text.RTC_ExitConfigMode:0000000000000010 $d
/var/folders/g9/bbpj86ld7fx45vd1b3pqxmp00000gn/T//cc4U3yRU.s:148    .text.RTC_GetCounter:0000000000000000 $t
/var/folders/g9/bbpj86ld7fx45vd1b3pqxmp00000gn/T//cc4U3yRU.s:153    .text.RTC_GetCounter:0000000000000000 RTC_GetCounter
/var/folders/g9/bbpj86ld7fx45vd1b3pqxmp00000gn/T//cc4U3yRU.s:174    .text.RTC_GetCounter:0000000000000010 $d
/var/folders/g9/bbpj86ld7fx45vd1b3pqxmp00000gn/T//cc4U3yRU.s:179    .text.RTC_SetCounter:0000000000000000 $t
/var/folders/g9/bbpj86ld7fx45vd1b3pqxmp00000gn/T//cc4U3yRU.s:184    .text.RTC_SetCounter:0000000000000000 RTC_SetCounter
/var/folders/g9/bbpj86ld7fx45vd1b3pqxmp00000gn/T//cc4U3yRU.s:215    .text.RTC_SetCounter:0000000000000018 $d
/var/folders/g9/bbpj86ld7fx45vd1b3pqxmp00000gn/T//cc4U3yRU.s:220    .text.RTC_SetPrescaler:0000000000000000 $t
/var/folders/g9/bbpj86ld7fx45vd1b3pqxmp00000gn/T//cc4U3yRU.s:225    .text.RTC_SetPrescaler:0000000000000000 RTC_SetPrescaler
/var/folders/g9/bbpj86ld7fx45vd1b3pqxmp00000gn/T//cc4U3yRU.s:266    .text.RTC_SetPrescaler:0000000000000028 $d
/var/folders/g9/bbpj86ld7fx45vd1b3pqxmp00000gn/T//cc4U3yRU.s:272    .text.RTC_SetAlarm:0000000000000000 $t
/var/folders/g9/bbpj86ld7fx45vd1b3pqxmp00000gn/T//cc4U3yRU.s:277    .text.RTC_SetAlarm:0000000000000000 RTC_SetAlarm
/var/folders/g9/bbpj86ld7fx45vd1b3pqxmp00000gn/T//cc4U3yRU.s:308    .text.RTC_SetAlarm:0000000000000018 $d
/var/folders/g9/bbpj86ld7fx45vd1b3pqxmp00000gn/T//cc4U3yRU.s:313    .text.RTC_GetDivider:0000000000000000 $t
/var/folders/g9/bbpj86ld7fx45vd1b3pqxmp00000gn/T//cc4U3yRU.s:318    .text.RTC_GetDivider:0000000000000000 RTC_GetDivider
/var/folders/g9/bbpj86ld7fx45vd1b3pqxmp00000gn/T//cc4U3yRU.s:342    .text.RTC_GetDivider:0000000000000014 $d
/var/folders/g9/bbpj86ld7fx45vd1b3pqxmp00000gn/T//cc4U3yRU.s:347    .text.RTC_WaitForLastTask:0000000000000000 $t
/var/folders/g9/bbpj86ld7fx45vd1b3pqxmp00000gn/T//cc4U3yRU.s:352    .text.RTC_WaitForLastTask:0000000000000000 RTC_WaitForLastTask
/var/folders/g9/bbpj86ld7fx45vd1b3pqxmp00000gn/T//cc4U3yRU.s:372    .text.RTC_WaitForLastTask:0000000000000010 $d
/var/folders/g9/bbpj86ld7fx45vd1b3pqxmp00000gn/T//cc4U3yRU.s:377    .text.RTC_WaitForSynchro:0000000000000000 $t
/var/folders/g9/bbpj86ld7fx45vd1b3pqxmp00000gn/T//cc4U3yRU.s:382    .text.RTC_WaitForSynchro:0000000000000000 RTC_WaitForSynchro
/var/folders/g9/bbpj86ld7fx45vd1b3pqxmp00000gn/T//cc4U3yRU.s:409    .text.RTC_WaitForSynchro:0000000000000020 $d
/var/folders/g9/bbpj86ld7fx45vd1b3pqxmp00000gn/T//cc4U3yRU.s:414    .text.RTC_GetFlagStatus:0000000000000000 $t
/var/folders/g9/bbpj86ld7fx45vd1b3pqxmp00000gn/T//cc4U3yRU.s:419    .text.RTC_GetFlagStatus:0000000000000000 RTC_GetFlagStatus
/var/folders/g9/bbpj86ld7fx45vd1b3pqxmp00000gn/T//cc4U3yRU.s:472    .text.RTC_GetFlagStatus:0000000000000030 $d
/var/folders/g9/bbpj86ld7fx45vd1b3pqxmp00000gn/T//cc4U3yRU.s:478    .text.RTC_ClearFlag:0000000000000000 $t
/var/folders/g9/bbpj86ld7fx45vd1b3pqxmp00000gn/T//cc4U3yRU.s:483    .text.RTC_ClearFlag:0000000000000000 RTC_ClearFlag
/var/folders/g9/bbpj86ld7fx45vd1b3pqxmp00000gn/T//cc4U3yRU.s:521    .text.RTC_ClearFlag:0000000000000028 $d
/var/folders/g9/bbpj86ld7fx45vd1b3pqxmp00000gn/T//cc4U3yRU.s:527    .text.RTC_GetITStatus:0000000000000000 $t
/var/folders/g9/bbpj86ld7fx45vd1b3pqxmp00000gn/T//cc4U3yRU.s:532    .text.RTC_GetITStatus:0000000000000000 RTC_GetITStatus
/var/folders/g9/bbpj86ld7fx45vd1b3pqxmp00000gn/T//cc4U3yRU.s:589    .text.RTC_GetITStatus:0000000000000038 $d
/var/folders/g9/bbpj86ld7fx45vd1b3pqxmp00000gn/T//cc4U3yRU.s:595    .text.RTC_ClearITPendingBit:0000000000000000 $t
/var/folders/g9/bbpj86ld7fx45vd1b3pqxmp00000gn/T//cc4U3yRU.s:600    .text.RTC_ClearITPendingBit:0000000000000000 RTC_ClearITPendingBit
/var/folders/g9/bbpj86ld7fx45vd1b3pqxmp00000gn/T//cc4U3yRU.s:638    .text.RTC_ClearITPendingBit:0000000000000028 $d
/var/folders/g9/bbpj86ld7fx45vd1b3pqxmp00000gn/T//cc4U3yRU.s:644    .rodata.str1.4:0000000000000000 $d
                     .debug_frame:0000000000000010 $d

UNDEFINED SYMBOLS
assert_failed
