ARM GAS  /var/folders/g9/bbpj86ld7fx45vd1b3pqxmp00000gn/T//cctq2ma9.s 			page 1


   1              		.syntax unified
   2              		.cpu cortex-m3
   3              		.fpu softvfp
   4              		.eabi_attribute 20, 1
   5              		.eabi_attribute 21, 1
   6              		.eabi_attribute 23, 3
   7              		.eabi_attribute 24, 1
   8              		.eabi_attribute 25, 1
   9              		.eabi_attribute 26, 1
  10              		.eabi_attribute 30, 1
  11              		.eabi_attribute 34, 1
  12              		.eabi_attribute 18, 4
  13              		.thumb
  14              		.syntax unified
  15              		.file	"stm32f10x_dbgmcu.c"
  16              		.text
  17              	.Ltext0:
  18              		.cfi_sections	.debug_frame
  19              		.section	.text.DBGMCU_GetREVID,"ax",%progbits
  20              		.align	2
  21              		.global	DBGMCU_GetREVID
  22              		.thumb
  23              		.thumb_func
  25              	DBGMCU_GetREVID:
  26              	.LFB27:
  27              		.file 1 "STM32F10x_StdPeriph_Driver/src/stm32f10x_dbgmcu.c"
   1:STM32F10x_StdPeriph_Driver/src/stm32f10x_dbgmcu.c **** /**
   2:STM32F10x_StdPeriph_Driver/src/stm32f10x_dbgmcu.c ****   ******************************************************************************
   3:STM32F10x_StdPeriph_Driver/src/stm32f10x_dbgmcu.c ****   * @file    stm32f10x_dbgmcu.c
   4:STM32F10x_StdPeriph_Driver/src/stm32f10x_dbgmcu.c ****   * @author  MCD Application Team
   5:STM32F10x_StdPeriph_Driver/src/stm32f10x_dbgmcu.c ****   * @version V3.1.2
   6:STM32F10x_StdPeriph_Driver/src/stm32f10x_dbgmcu.c ****   * @date    09/28/2009
   7:STM32F10x_StdPeriph_Driver/src/stm32f10x_dbgmcu.c ****   * @brief   This file provides all the DBGMCU firmware functions.
   8:STM32F10x_StdPeriph_Driver/src/stm32f10x_dbgmcu.c ****   ******************************************************************************
   9:STM32F10x_StdPeriph_Driver/src/stm32f10x_dbgmcu.c ****   * @copy
  10:STM32F10x_StdPeriph_Driver/src/stm32f10x_dbgmcu.c ****   *
  11:STM32F10x_StdPeriph_Driver/src/stm32f10x_dbgmcu.c ****   * THE PRESENT FIRMWARE WHICH IS FOR GUIDANCE ONLY AIMS AT PROVIDING CUSTOMERS
  12:STM32F10x_StdPeriph_Driver/src/stm32f10x_dbgmcu.c ****   * WITH CODING INFORMATION REGARDING THEIR PRODUCTS IN ORDER FOR THEM TO SAVE
  13:STM32F10x_StdPeriph_Driver/src/stm32f10x_dbgmcu.c ****   * TIME. AS A RESULT, STMICROELECTRONICS SHALL NOT BE HELD LIABLE FOR ANY
  14:STM32F10x_StdPeriph_Driver/src/stm32f10x_dbgmcu.c ****   * DIRECT, INDIRECT OR CONSEQUENTIAL DAMAGES WITH RESPECT TO ANY CLAIMS ARISING
  15:STM32F10x_StdPeriph_Driver/src/stm32f10x_dbgmcu.c ****   * FROM THE CONTENT OF SUCH FIRMWARE AND/OR THE USE MADE BY CUSTOMERS OF THE
  16:STM32F10x_StdPeriph_Driver/src/stm32f10x_dbgmcu.c ****   * CODING INFORMATION CONTAINED HEREIN IN CONNECTION WITH THEIR PRODUCTS.
  17:STM32F10x_StdPeriph_Driver/src/stm32f10x_dbgmcu.c ****   *
  18:STM32F10x_StdPeriph_Driver/src/stm32f10x_dbgmcu.c ****   * <h2><center>&copy; COPYRIGHT 2009 STMicroelectronics</center></h2>
  19:STM32F10x_StdPeriph_Driver/src/stm32f10x_dbgmcu.c ****   */ 
  20:STM32F10x_StdPeriph_Driver/src/stm32f10x_dbgmcu.c **** 
  21:STM32F10x_StdPeriph_Driver/src/stm32f10x_dbgmcu.c **** /* Includes ------------------------------------------------------------------*/
  22:STM32F10x_StdPeriph_Driver/src/stm32f10x_dbgmcu.c **** #include "stm32f10x_dbgmcu.h"
  23:STM32F10x_StdPeriph_Driver/src/stm32f10x_dbgmcu.c **** 
  24:STM32F10x_StdPeriph_Driver/src/stm32f10x_dbgmcu.c **** /** @addtogroup STM32F10x_StdPeriph_Driver
  25:STM32F10x_StdPeriph_Driver/src/stm32f10x_dbgmcu.c ****   * @{
  26:STM32F10x_StdPeriph_Driver/src/stm32f10x_dbgmcu.c ****   */
  27:STM32F10x_StdPeriph_Driver/src/stm32f10x_dbgmcu.c **** 
  28:STM32F10x_StdPeriph_Driver/src/stm32f10x_dbgmcu.c **** /** @defgroup DBGMCU 
  29:STM32F10x_StdPeriph_Driver/src/stm32f10x_dbgmcu.c ****   * @brief DBGMCU driver modules
  30:STM32F10x_StdPeriph_Driver/src/stm32f10x_dbgmcu.c ****   * @{
  31:STM32F10x_StdPeriph_Driver/src/stm32f10x_dbgmcu.c ****   */ 
ARM GAS  /var/folders/g9/bbpj86ld7fx45vd1b3pqxmp00000gn/T//cctq2ma9.s 			page 2


  32:STM32F10x_StdPeriph_Driver/src/stm32f10x_dbgmcu.c **** 
  33:STM32F10x_StdPeriph_Driver/src/stm32f10x_dbgmcu.c **** /** @defgroup DBGMCU_Private_TypesDefinitions
  34:STM32F10x_StdPeriph_Driver/src/stm32f10x_dbgmcu.c ****   * @{
  35:STM32F10x_StdPeriph_Driver/src/stm32f10x_dbgmcu.c ****   */
  36:STM32F10x_StdPeriph_Driver/src/stm32f10x_dbgmcu.c **** 
  37:STM32F10x_StdPeriph_Driver/src/stm32f10x_dbgmcu.c **** /**
  38:STM32F10x_StdPeriph_Driver/src/stm32f10x_dbgmcu.c ****   * @}
  39:STM32F10x_StdPeriph_Driver/src/stm32f10x_dbgmcu.c ****   */
  40:STM32F10x_StdPeriph_Driver/src/stm32f10x_dbgmcu.c **** 
  41:STM32F10x_StdPeriph_Driver/src/stm32f10x_dbgmcu.c **** /** @defgroup DBGMCU_Private_Defines
  42:STM32F10x_StdPeriph_Driver/src/stm32f10x_dbgmcu.c ****   * @{
  43:STM32F10x_StdPeriph_Driver/src/stm32f10x_dbgmcu.c ****   */
  44:STM32F10x_StdPeriph_Driver/src/stm32f10x_dbgmcu.c **** 
  45:STM32F10x_StdPeriph_Driver/src/stm32f10x_dbgmcu.c **** #define IDCODE_DEVID_Mask    ((uint32_t)0x00000FFF)
  46:STM32F10x_StdPeriph_Driver/src/stm32f10x_dbgmcu.c **** /**
  47:STM32F10x_StdPeriph_Driver/src/stm32f10x_dbgmcu.c ****   * @}
  48:STM32F10x_StdPeriph_Driver/src/stm32f10x_dbgmcu.c ****   */
  49:STM32F10x_StdPeriph_Driver/src/stm32f10x_dbgmcu.c **** 
  50:STM32F10x_StdPeriph_Driver/src/stm32f10x_dbgmcu.c **** /** @defgroup DBGMCU_Private_Macros
  51:STM32F10x_StdPeriph_Driver/src/stm32f10x_dbgmcu.c ****   * @{
  52:STM32F10x_StdPeriph_Driver/src/stm32f10x_dbgmcu.c ****   */
  53:STM32F10x_StdPeriph_Driver/src/stm32f10x_dbgmcu.c **** 
  54:STM32F10x_StdPeriph_Driver/src/stm32f10x_dbgmcu.c **** /**
  55:STM32F10x_StdPeriph_Driver/src/stm32f10x_dbgmcu.c ****   * @}
  56:STM32F10x_StdPeriph_Driver/src/stm32f10x_dbgmcu.c ****   */
  57:STM32F10x_StdPeriph_Driver/src/stm32f10x_dbgmcu.c **** 
  58:STM32F10x_StdPeriph_Driver/src/stm32f10x_dbgmcu.c **** /** @defgroup DBGMCU_Private_Variables
  59:STM32F10x_StdPeriph_Driver/src/stm32f10x_dbgmcu.c ****   * @{
  60:STM32F10x_StdPeriph_Driver/src/stm32f10x_dbgmcu.c ****   */
  61:STM32F10x_StdPeriph_Driver/src/stm32f10x_dbgmcu.c **** 
  62:STM32F10x_StdPeriph_Driver/src/stm32f10x_dbgmcu.c **** /**
  63:STM32F10x_StdPeriph_Driver/src/stm32f10x_dbgmcu.c ****   * @}
  64:STM32F10x_StdPeriph_Driver/src/stm32f10x_dbgmcu.c ****   */
  65:STM32F10x_StdPeriph_Driver/src/stm32f10x_dbgmcu.c **** 
  66:STM32F10x_StdPeriph_Driver/src/stm32f10x_dbgmcu.c **** /** @defgroup DBGMCU_Private_FunctionPrototypes
  67:STM32F10x_StdPeriph_Driver/src/stm32f10x_dbgmcu.c ****   * @{
  68:STM32F10x_StdPeriph_Driver/src/stm32f10x_dbgmcu.c ****   */
  69:STM32F10x_StdPeriph_Driver/src/stm32f10x_dbgmcu.c **** 
  70:STM32F10x_StdPeriph_Driver/src/stm32f10x_dbgmcu.c **** /**
  71:STM32F10x_StdPeriph_Driver/src/stm32f10x_dbgmcu.c ****   * @}
  72:STM32F10x_StdPeriph_Driver/src/stm32f10x_dbgmcu.c ****   */
  73:STM32F10x_StdPeriph_Driver/src/stm32f10x_dbgmcu.c **** 
  74:STM32F10x_StdPeriph_Driver/src/stm32f10x_dbgmcu.c **** /** @defgroup DBGMCU_Private_Functions
  75:STM32F10x_StdPeriph_Driver/src/stm32f10x_dbgmcu.c ****   * @{
  76:STM32F10x_StdPeriph_Driver/src/stm32f10x_dbgmcu.c ****   */
  77:STM32F10x_StdPeriph_Driver/src/stm32f10x_dbgmcu.c **** 
  78:STM32F10x_StdPeriph_Driver/src/stm32f10x_dbgmcu.c **** /**
  79:STM32F10x_StdPeriph_Driver/src/stm32f10x_dbgmcu.c ****   * @brief  Returns the device revision identifier.
  80:STM32F10x_StdPeriph_Driver/src/stm32f10x_dbgmcu.c ****   * @param  None
  81:STM32F10x_StdPeriph_Driver/src/stm32f10x_dbgmcu.c ****   * @retval Device revision identifier
  82:STM32F10x_StdPeriph_Driver/src/stm32f10x_dbgmcu.c ****   */
  83:STM32F10x_StdPeriph_Driver/src/stm32f10x_dbgmcu.c **** uint32_t DBGMCU_GetREVID(void)
  84:STM32F10x_StdPeriph_Driver/src/stm32f10x_dbgmcu.c **** {
  28              		.loc 1 84 0
  29              		.cfi_startproc
  30              		@ args = 0, pretend = 0, frame = 0
  31              		@ frame_needed = 0, uses_anonymous_args = 0
ARM GAS  /var/folders/g9/bbpj86ld7fx45vd1b3pqxmp00000gn/T//cctq2ma9.s 			page 3


  32              		@ link register save eliminated.
  85:STM32F10x_StdPeriph_Driver/src/stm32f10x_dbgmcu.c ****    return(DBGMCU->IDCODE >> 16);
  33              		.loc 1 85 0
  34 0000 014B     		ldr	r3, .L2
  35 0002 1868     		ldr	r0, [r3]
  86:STM32F10x_StdPeriph_Driver/src/stm32f10x_dbgmcu.c **** }
  36              		.loc 1 86 0
  37 0004 000C     		lsrs	r0, r0, #16
  38 0006 7047     		bx	lr
  39              	.L3:
  40              		.align	2
  41              	.L2:
  42 0008 002004E0 		.word	-536600576
  43              		.cfi_endproc
  44              	.LFE27:
  46              		.section	.text.DBGMCU_GetDEVID,"ax",%progbits
  47              		.align	2
  48              		.global	DBGMCU_GetDEVID
  49              		.thumb
  50              		.thumb_func
  52              	DBGMCU_GetDEVID:
  53              	.LFB28:
  87:STM32F10x_StdPeriph_Driver/src/stm32f10x_dbgmcu.c **** 
  88:STM32F10x_StdPeriph_Driver/src/stm32f10x_dbgmcu.c **** /**
  89:STM32F10x_StdPeriph_Driver/src/stm32f10x_dbgmcu.c ****   * @brief  Returns the device identifier.
  90:STM32F10x_StdPeriph_Driver/src/stm32f10x_dbgmcu.c ****   * @param  None
  91:STM32F10x_StdPeriph_Driver/src/stm32f10x_dbgmcu.c ****   * @retval Device identifier
  92:STM32F10x_StdPeriph_Driver/src/stm32f10x_dbgmcu.c ****   */
  93:STM32F10x_StdPeriph_Driver/src/stm32f10x_dbgmcu.c **** uint32_t DBGMCU_GetDEVID(void)
  94:STM32F10x_StdPeriph_Driver/src/stm32f10x_dbgmcu.c **** {
  54              		.loc 1 94 0
  55              		.cfi_startproc
  56              		@ args = 0, pretend = 0, frame = 0
  57              		@ frame_needed = 0, uses_anonymous_args = 0
  58              		@ link register save eliminated.
  95:STM32F10x_StdPeriph_Driver/src/stm32f10x_dbgmcu.c ****    return(DBGMCU->IDCODE & IDCODE_DEVID_Mask);
  59              		.loc 1 95 0
  60 0000 024B     		ldr	r3, .L5
  61 0002 1868     		ldr	r0, [r3]
  96:STM32F10x_StdPeriph_Driver/src/stm32f10x_dbgmcu.c **** }
  62              		.loc 1 96 0
  63 0004 C0F30B00 		ubfx	r0, r0, #0, #12
  64 0008 7047     		bx	lr
  65              	.L6:
  66 000a 00BF     		.align	2
  67              	.L5:
  68 000c 002004E0 		.word	-536600576
  69              		.cfi_endproc
  70              	.LFE28:
  72              		.section	.text.DBGMCU_Config,"ax",%progbits
  73              		.align	2
  74              		.global	DBGMCU_Config
  75              		.thumb
  76              		.thumb_func
  78              	DBGMCU_Config:
  79              	.LFB29:
  97:STM32F10x_StdPeriph_Driver/src/stm32f10x_dbgmcu.c **** 
ARM GAS  /var/folders/g9/bbpj86ld7fx45vd1b3pqxmp00000gn/T//cctq2ma9.s 			page 4


  98:STM32F10x_StdPeriph_Driver/src/stm32f10x_dbgmcu.c **** /**
  99:STM32F10x_StdPeriph_Driver/src/stm32f10x_dbgmcu.c ****   * @brief  Configures the specified peripheral and low power mode behavior
 100:STM32F10x_StdPeriph_Driver/src/stm32f10x_dbgmcu.c ****   *   when the MCU under Debug mode.
 101:STM32F10x_StdPeriph_Driver/src/stm32f10x_dbgmcu.c ****   * @param  DBGMCU_Periph: specifies the peripheral and low power mode.
 102:STM32F10x_StdPeriph_Driver/src/stm32f10x_dbgmcu.c ****   *   This parameter can be any combination of the following values:
 103:STM32F10x_StdPeriph_Driver/src/stm32f10x_dbgmcu.c ****   *     @arg DBGMCU_SLEEP: Keep debugger connection during SLEEP mode              
 104:STM32F10x_StdPeriph_Driver/src/stm32f10x_dbgmcu.c ****   *     @arg DBGMCU_STOP: Keep debugger connection during STOP mode               
 105:STM32F10x_StdPeriph_Driver/src/stm32f10x_dbgmcu.c ****   *     @arg DBGMCU_STANDBY: Keep debugger connection during STANDBY mode            
 106:STM32F10x_StdPeriph_Driver/src/stm32f10x_dbgmcu.c ****   *     @arg DBGMCU_IWDG_STOP: Debug IWDG stopped when Core is halted          
 107:STM32F10x_StdPeriph_Driver/src/stm32f10x_dbgmcu.c ****   *     @arg DBGMCU_WWDG_STOP: Debug WWDG stopped when Core is halted          
 108:STM32F10x_StdPeriph_Driver/src/stm32f10x_dbgmcu.c ****   *     @arg DBGMCU_TIM1_STOP: TIM1 counter stopped when Core is halted          
 109:STM32F10x_StdPeriph_Driver/src/stm32f10x_dbgmcu.c ****   *     @arg DBGMCU_TIM2_STOP: TIM2 counter stopped when Core is halted          
 110:STM32F10x_StdPeriph_Driver/src/stm32f10x_dbgmcu.c ****   *     @arg DBGMCU_TIM3_STOP: TIM3 counter stopped when Core is halted          
 111:STM32F10x_StdPeriph_Driver/src/stm32f10x_dbgmcu.c ****   *     @arg DBGMCU_TIM4_STOP: TIM4 counter stopped when Core is halted          
 112:STM32F10x_StdPeriph_Driver/src/stm32f10x_dbgmcu.c ****   *     @arg DBGMCU_CAN1_STOP: Debug CAN2 stopped when Core is halted           
 113:STM32F10x_StdPeriph_Driver/src/stm32f10x_dbgmcu.c ****   *     @arg DBGMCU_I2C1_SMBUS_TIMEOUT: I2C1 SMBUS timeout mode stopped when Core is halted
 114:STM32F10x_StdPeriph_Driver/src/stm32f10x_dbgmcu.c ****   *     @arg DBGMCU_I2C2_SMBUS_TIMEOUT: I2C2 SMBUS timeout mode stopped when Core is halted
 115:STM32F10x_StdPeriph_Driver/src/stm32f10x_dbgmcu.c ****   *     @arg DBGMCU_TIM5_STOP: TIM5 counter stopped when Core is halted          
 116:STM32F10x_StdPeriph_Driver/src/stm32f10x_dbgmcu.c ****   *     @arg DBGMCU_TIM6_STOP: TIM6 counter stopped when Core is halted          
 117:STM32F10x_StdPeriph_Driver/src/stm32f10x_dbgmcu.c ****   *     @arg DBGMCU_TIM7_STOP: TIM7 counter stopped when Core is halted          
 118:STM32F10x_StdPeriph_Driver/src/stm32f10x_dbgmcu.c ****   *     @arg DBGMCU_TIM8_STOP: TIM8 counter stopped when Core is halted
 119:STM32F10x_StdPeriph_Driver/src/stm32f10x_dbgmcu.c ****   *     @arg DBGMCU_CAN2_STOP: Debug CAN2 stopped when Core is halted           
 120:STM32F10x_StdPeriph_Driver/src/stm32f10x_dbgmcu.c ****   * @param  NewState: new state of the specified peripheral in Debug mode.
 121:STM32F10x_StdPeriph_Driver/src/stm32f10x_dbgmcu.c ****   *   This parameter can be: ENABLE or DISABLE.
 122:STM32F10x_StdPeriph_Driver/src/stm32f10x_dbgmcu.c ****   * @retval None
 123:STM32F10x_StdPeriph_Driver/src/stm32f10x_dbgmcu.c ****   */
 124:STM32F10x_StdPeriph_Driver/src/stm32f10x_dbgmcu.c **** void DBGMCU_Config(uint32_t DBGMCU_Periph, FunctionalState NewState)
 125:STM32F10x_StdPeriph_Driver/src/stm32f10x_dbgmcu.c **** {
  80              		.loc 1 125 0
  81              		.cfi_startproc
  82              		@ args = 0, pretend = 0, frame = 0
  83              		@ frame_needed = 0, uses_anonymous_args = 0
  84              	.LVL0:
  85 0000 38B5     		push	{r3, r4, r5, lr}
  86              	.LCFI0:
  87              		.cfi_def_cfa_offset 16
  88              		.cfi_offset 3, -16
  89              		.cfi_offset 4, -12
  90              		.cfi_offset 5, -8
  91              		.cfi_offset 14, -4
  92 0002 0446     		mov	r4, r0
  93 0004 0D46     		mov	r5, r1
 126:STM32F10x_StdPeriph_Driver/src/stm32f10x_dbgmcu.c ****   /* Check the parameters */
 127:STM32F10x_StdPeriph_Driver/src/stm32f10x_dbgmcu.c ****   assert_param(IS_DBGMCU_PERIPH(DBGMCU_Periph));
  94              		.loc 1 127 0
  95 0006 0D4B     		ldr	r3, .L14
  96 0008 0340     		ands	r3, r3, r0
  97 000a 03B9     		cbnz	r3, .L8
  98              		.loc 1 127 0 is_stmt 0 discriminator 2
  99 000c 18B9     		cbnz	r0, .L9
 100              	.L8:
 101              		.loc 1 127 0 discriminator 3
 102 000e 7F21     		movs	r1, #127
 103              	.LVL1:
 104 0010 0B48     		ldr	r0, .L14+4
 105              	.LVL2:
 106 0012 FFF7FEFF 		bl	assert_failed
ARM GAS  /var/folders/g9/bbpj86ld7fx45vd1b3pqxmp00000gn/T//cctq2ma9.s 			page 5


 107              	.LVL3:
 108              	.L9:
 128:STM32F10x_StdPeriph_Driver/src/stm32f10x_dbgmcu.c ****   assert_param(IS_FUNCTIONAL_STATE(NewState));
 109              		.loc 1 128 0 is_stmt 1
 110 0016 012D     		cmp	r5, #1
 111 0018 03D9     		bls	.L10
 112              		.loc 1 128 0 is_stmt 0 discriminator 1
 113 001a 8021     		movs	r1, #128
 114 001c 0848     		ldr	r0, .L14+4
 115 001e FFF7FEFF 		bl	assert_failed
 116              	.LVL4:
 117              	.L10:
 129:STM32F10x_StdPeriph_Driver/src/stm32f10x_dbgmcu.c **** 
 130:STM32F10x_StdPeriph_Driver/src/stm32f10x_dbgmcu.c ****   if (NewState != DISABLE)
 118              		.loc 1 130 0 is_stmt 1
 119 0022 25B1     		cbz	r5, .L11
 131:STM32F10x_StdPeriph_Driver/src/stm32f10x_dbgmcu.c ****   {
 132:STM32F10x_StdPeriph_Driver/src/stm32f10x_dbgmcu.c ****     DBGMCU->CR |= DBGMCU_Periph;
 120              		.loc 1 132 0
 121 0024 074A     		ldr	r2, .L14+8
 122 0026 5368     		ldr	r3, [r2, #4]
 123 0028 1C43     		orrs	r4, r4, r3
 124              	.LVL5:
 125 002a 5460     		str	r4, [r2, #4]
 126 002c 38BD     		pop	{r3, r4, r5, pc}
 127              	.LVL6:
 128              	.L11:
 133:STM32F10x_StdPeriph_Driver/src/stm32f10x_dbgmcu.c ****   }
 134:STM32F10x_StdPeriph_Driver/src/stm32f10x_dbgmcu.c ****   else
 135:STM32F10x_StdPeriph_Driver/src/stm32f10x_dbgmcu.c ****   {
 136:STM32F10x_StdPeriph_Driver/src/stm32f10x_dbgmcu.c ****     DBGMCU->CR &= ~DBGMCU_Periph;
 129              		.loc 1 136 0
 130 002e 054A     		ldr	r2, .L14+8
 131 0030 5368     		ldr	r3, [r2, #4]
 132 0032 23EA0404 		bic	r4, r3, r4
 133              	.LVL7:
 134 0036 5460     		str	r4, [r2, #4]
 135 0038 38BD     		pop	{r3, r4, r5, pc}
 136              	.L15:
 137 003a 00BF     		.align	2
 138              	.L14:
 139 003c F800C0FF 		.word	-4194056
 140 0040 00000000 		.word	.LC0
 141 0044 002004E0 		.word	-536600576
 142              		.cfi_endproc
 143              	.LFE29:
 145              		.section	.rodata.str1.4,"aMS",%progbits,1
 146              		.align	2
 147              	.LC0:
 148 0000 53544D33 		.ascii	"STM32F10x_StdPeriph_Driver/src/stm32f10x_dbgmcu.c\000"
 148      32463130 
 148      785F5374 
 148      64506572 
 148      6970685F 
 149              		.text
 150              	.Letext0:
 151              		.file 2 "/usr/local/Cellar/gcc-arm-none-eabi/20160926/arm-none-eabi/include/machine/_default_types
ARM GAS  /var/folders/g9/bbpj86ld7fx45vd1b3pqxmp00000gn/T//cctq2ma9.s 			page 6


 152              		.file 3 "/usr/local/Cellar/gcc-arm-none-eabi/20160926/arm-none-eabi/include/sys/_stdint.h"
 153              		.file 4 "CMSIS/Core/CM3/stm32f10x.h"
 154              		.file 5 "Inc/stm32f10x_conf.h"
ARM GAS  /var/folders/g9/bbpj86ld7fx45vd1b3pqxmp00000gn/T//cctq2ma9.s 			page 7


DEFINED SYMBOLS
                            *ABS*:0000000000000000 stm32f10x_dbgmcu.c
/var/folders/g9/bbpj86ld7fx45vd1b3pqxmp00000gn/T//cctq2ma9.s:20     .text.DBGMCU_GetREVID:0000000000000000 $t
/var/folders/g9/bbpj86ld7fx45vd1b3pqxmp00000gn/T//cctq2ma9.s:25     .text.DBGMCU_GetREVID:0000000000000000 DBGMCU_GetREVID
/var/folders/g9/bbpj86ld7fx45vd1b3pqxmp00000gn/T//cctq2ma9.s:42     .text.DBGMCU_GetREVID:0000000000000008 $d
/var/folders/g9/bbpj86ld7fx45vd1b3pqxmp00000gn/T//cctq2ma9.s:47     .text.DBGMCU_GetDEVID:0000000000000000 $t
/var/folders/g9/bbpj86ld7fx45vd1b3pqxmp00000gn/T//cctq2ma9.s:52     .text.DBGMCU_GetDEVID:0000000000000000 DBGMCU_GetDEVID
/var/folders/g9/bbpj86ld7fx45vd1b3pqxmp00000gn/T//cctq2ma9.s:68     .text.DBGMCU_GetDEVID:000000000000000c $d
/var/folders/g9/bbpj86ld7fx45vd1b3pqxmp00000gn/T//cctq2ma9.s:73     .text.DBGMCU_Config:0000000000000000 $t
/var/folders/g9/bbpj86ld7fx45vd1b3pqxmp00000gn/T//cctq2ma9.s:78     .text.DBGMCU_Config:0000000000000000 DBGMCU_Config
/var/folders/g9/bbpj86ld7fx45vd1b3pqxmp00000gn/T//cctq2ma9.s:139    .text.DBGMCU_Config:000000000000003c $d
/var/folders/g9/bbpj86ld7fx45vd1b3pqxmp00000gn/T//cctq2ma9.s:146    .rodata.str1.4:0000000000000000 $d
                     .debug_frame:0000000000000010 $d

UNDEFINED SYMBOLS
assert_failed
