ARM GAS  /var/folders/g9/bbpj86ld7fx45vd1b3pqxmp00000gn/T//ccUgWWXn.s 			page 1


   1              		.syntax unified
   2              		.cpu cortex-m3
   3              		.fpu softvfp
   4              		.eabi_attribute 20, 1
   5              		.eabi_attribute 21, 1
   6              		.eabi_attribute 23, 3
   7              		.eabi_attribute 24, 1
   8              		.eabi_attribute 25, 1
   9              		.eabi_attribute 26, 1
  10              		.eabi_attribute 30, 1
  11              		.eabi_attribute 34, 1
  12              		.eabi_attribute 18, 4
  13              		.thumb
  14              		.syntax unified
  15              		.file	"syscalls.c"
  16              		.text
  17              	.Ltext0:
  18              		.cfi_sections	.debug_frame
  19              		.section	.text._write,"ax",%progbits
  20              		.align	2
  21              		.global	_write
  22              		.thumb
  23              		.thumb_func
  25              	_write:
  26              	.LFB28:
  27              		.file 1 "src/syscalls.c"
   1:src/syscalls.c **** #include "hw_config.h"
   2:src/syscalls.c **** #include <stdlib.h>
   3:src/syscalls.c **** #include <errno.h>
   4:src/syscalls.c **** #include <sys/stat.h>
   5:src/syscalls.c **** #include <sys/types.h>
   6:src/syscalls.c **** #include "stm32f10x.h"
   7:src/syscalls.c **** 
   8:src/syscalls.c **** //retargetting _write
   9:src/syscalls.c **** __attribute__ ((used)) int _write(int fd, char *ptr, int len)
  10:src/syscalls.c **** {
  28              		.loc 1 10 0
  29              		.cfi_startproc
  30              		@ args = 0, pretend = 0, frame = 0
  31              		@ frame_needed = 0, uses_anonymous_args = 0
  32              	.LVL0:
  33 0000 70B5     		push	{r4, r5, r6, lr}
  34              	.LCFI0:
  35              		.cfi_def_cfa_offset 16
  36              		.cfi_offset 4, -16
  37              		.cfi_offset 5, -12
  38              		.cfi_offset 6, -8
  39              		.cfi_offset 14, -4
  40 0002 0E46     		mov	r6, r1
  41 0004 1546     		mov	r5, r2
  42              	.LVL1:
  11:src/syscalls.c ****     size_t i;
  12:src/syscalls.c ****     for(i = 0; i < len; i++)
  43              		.loc 1 12 0
  44 0006 0024     		movs	r4, #0
  45 0008 0AE0     		b	.L2
  46              	.LVL2:
ARM GAS  /var/folders/g9/bbpj86ld7fx45vd1b3pqxmp00000gn/T//ccUgWWXn.s 			page 2


  47              	.L4:
  13:src/syscalls.c ****     {
  14:src/syscalls.c ****         USART_SendData(USART1, ptr[i]);
  48              		.loc 1 14 0
  49 000a 315D     		ldrb	r1, [r6, r4]	@ zero_extendqisi2
  50 000c 0648     		ldr	r0, .L6
  51 000e FFF7FEFF 		bl	USART_SendData
  52              	.LVL3:
  53              	.L3:
  15:src/syscalls.c ****         while(USART_GetFlagStatus(USART1, USART_FLAG_TXE) == RESET);
  54              		.loc 1 15 0 discriminator 1
  55 0012 8021     		movs	r1, #128
  56 0014 0448     		ldr	r0, .L6
  57 0016 FFF7FEFF 		bl	USART_GetFlagStatus
  58              	.LVL4:
  59 001a 0028     		cmp	r0, #0
  60 001c F9D0     		beq	.L3
  12:src/syscalls.c ****     {
  61              		.loc 1 12 0 discriminator 2
  62 001e 0134     		adds	r4, r4, #1
  63              	.LVL5:
  64              	.L2:
  12:src/syscalls.c ****     {
  65              		.loc 1 12 0 is_stmt 0 discriminator 1
  66 0020 AC42     		cmp	r4, r5
  67 0022 F2D3     		bcc	.L4
  16:src/syscalls.c ****     }
  17:src/syscalls.c ****     return len;
  18:src/syscalls.c **** }
  68              		.loc 1 18 0 is_stmt 1
  69 0024 2846     		mov	r0, r5
  70 0026 70BD     		pop	{r4, r5, r6, pc}
  71              	.LVL6:
  72              	.L7:
  73              		.align	2
  74              	.L6:
  75 0028 00380140 		.word	1073821696
  76              		.cfi_endproc
  77              	.LFE28:
  79              		.text
  80              	.Letext0:
  81              		.file 2 "/usr/local/Cellar/gcc-arm-none-eabi/20160926/arm-none-eabi/include/machine/_default_types
  82              		.file 3 "/usr/local/Cellar/gcc-arm-none-eabi/20160926/arm-none-eabi/include/sys/_stdint.h"
  83              		.file 4 "CMSIS/Core/CM3/stm32f10x.h"
  84              		.file 5 "/usr/local/Cellar/gcc-arm-none-eabi/20160926/lib/gcc/arm-none-eabi/5.4.1/include/stddef.h
  85              		.file 6 "STM32F10x_StdPeriph_Driver/inc/stm32f10x_usart.h"
ARM GAS  /var/folders/g9/bbpj86ld7fx45vd1b3pqxmp00000gn/T//ccUgWWXn.s 			page 3


DEFINED SYMBOLS
                            *ABS*:0000000000000000 syscalls.c
/var/folders/g9/bbpj86ld7fx45vd1b3pqxmp00000gn/T//ccUgWWXn.s:20     .text._write:0000000000000000 $t
/var/folders/g9/bbpj86ld7fx45vd1b3pqxmp00000gn/T//ccUgWWXn.s:25     .text._write:0000000000000000 _write
/var/folders/g9/bbpj86ld7fx45vd1b3pqxmp00000gn/T//ccUgWWXn.s:75     .text._write:0000000000000028 $d
                     .debug_frame:0000000000000010 $d

UNDEFINED SYMBOLS
USART_SendData
USART_GetFlagStatus
