ARM GAS  /var/folders/g9/bbpj86ld7fx45vd1b3pqxmp00000gn/T//cc1sdqxg.s 			page 1


   1              		.syntax unified
   2              		.cpu cortex-m3
   3              		.fpu softvfp
   4              		.eabi_attribute 20, 1
   5              		.eabi_attribute 21, 1
   6              		.eabi_attribute 23, 3
   7              		.eabi_attribute 24, 1
   8              		.eabi_attribute 25, 1
   9              		.eabi_attribute 26, 1
  10              		.eabi_attribute 30, 1
  11              		.eabi_attribute 34, 1
  12              		.eabi_attribute 18, 4
  13              		.thumb
  14              		.syntax unified
  15              		.file	"usb_desc.c"
  16              		.text
  17              	.Ltext0:
  18              		.cfi_sections	.debug_frame
  19              		.global	CustomHID_StringSerial
  20              		.global	CustomHID_StringProduct
  21              		.global	CustomHID_StringVendor
  22              		.global	CustomHID_StringLangID
  23              		.global	CustomHID_ReportDescriptor
  24              		.global	CustomHID_ConfigDescriptor
  25              		.global	CustomHID_DeviceDescriptor
  26              		.section	.rodata.CustomHID_DeviceDescriptor,"a",%progbits
  27              		.align	2
  30              	CustomHID_DeviceDescriptor:
  31 0000 12       		.byte	18
  32 0001 01       		.byte	1
  33 0002 00       		.byte	0
  34 0003 02       		.byte	2
  35 0004 00       		.byte	0
  36 0005 00       		.byte	0
  37 0006 00       		.byte	0
  38 0007 40       		.byte	64
  39 0008 83       		.byte	-125
  40 0009 04       		.byte	4
  41 000a 50       		.byte	80
  42 000b 57       		.byte	87
  43 000c 00       		.byte	0
  44 000d 02       		.byte	2
  45 000e 01       		.byte	1
  46 000f 02       		.byte	2
  47 0010 03       		.byte	3
  48 0011 01       		.byte	1
  49              		.section	.rodata.CustomHID_StringProduct,"a",%progbits
  50              		.align	2
  53              	CustomHID_StringProduct:
  54 0000 20       		.byte	32
  55 0001 03       		.byte	3
  56 0002 53       		.byte	83
  57 0003 00       		.byte	0
  58 0004 54       		.byte	84
  59 0005 00       		.byte	0
  60 0006 4D       		.byte	77
  61 0007 00       		.byte	0
ARM GAS  /var/folders/g9/bbpj86ld7fx45vd1b3pqxmp00000gn/T//cc1sdqxg.s 			page 2


  62 0008 33       		.byte	51
  63 0009 00       		.byte	0
  64 000a 32       		.byte	50
  65 000b 00       		.byte	0
  66 000c 20       		.byte	32
  67 000d 00       		.byte	0
  68 000e 43       		.byte	67
  69 000f 00       		.byte	0
  70 0010 75       		.byte	117
  71 0011 00       		.byte	0
  72 0012 73       		.byte	115
  73 0013 00       		.byte	0
  74 0014 74       		.byte	116
  75 0015 00       		.byte	0
  76 0016 6D       		.byte	109
  77 0017 00       		.byte	0
  78 0018 20       		.byte	32
  79 0019 00       		.byte	0
  80 001a 48       		.byte	72
  81 001b 00       		.byte	0
  82 001c 49       		.byte	73
  83 001d 00       		.byte	0
  84 001e 44       		.byte	68
  85 001f 00       		.byte	0
  86              		.section	.rodata.CustomHID_StringVendor,"a",%progbits
  87              		.align	2
  90              	CustomHID_StringVendor:
  91 0000 26       		.byte	38
  92 0001 03       		.byte	3
  93 0002 53       		.byte	83
  94 0003 00       		.byte	0
  95 0004 54       		.byte	84
  96 0005 00       		.byte	0
  97 0006 4D       		.byte	77
  98 0007 00       		.byte	0
  99 0008 69       		.byte	105
 100 0009 00       		.byte	0
 101 000a 63       		.byte	99
 102 000b 00       		.byte	0
 103 000c 72       		.byte	114
 104 000d 00       		.byte	0
 105 000e 6F       		.byte	111
 106 000f 00       		.byte	0
 107 0010 65       		.byte	101
 108 0011 00       		.byte	0
 109 0012 6C       		.byte	108
 110 0013 00       		.byte	0
 111 0014 65       		.byte	101
 112 0015 00       		.byte	0
 113 0016 63       		.byte	99
 114 0017 00       		.byte	0
 115 0018 74       		.byte	116
 116 0019 00       		.byte	0
 117 001a 72       		.byte	114
 118 001b 00       		.byte	0
 119 001c 6F       		.byte	111
 120 001d 00       		.byte	0
ARM GAS  /var/folders/g9/bbpj86ld7fx45vd1b3pqxmp00000gn/T//cc1sdqxg.s 			page 3


 121 001e 6E       		.byte	110
 122 001f 00       		.byte	0
 123 0020 69       		.byte	105
 124 0021 00       		.byte	0
 125 0022 63       		.byte	99
 126 0023 00       		.byte	0
 127 0024 73       		.byte	115
 128 0025 00       		.byte	0
 129              		.section	.rodata.CustomHID_ReportDescriptor,"a",%progbits
 130              		.align	2
 133              	CustomHID_ReportDescriptor:
 134 0000 05       		.byte	5
 135 0001 8C       		.byte	-116
 136 0002 09       		.byte	9
 137 0003 01       		.byte	1
 138 0004 A1       		.byte	-95
 139 0005 01       		.byte	1
 140 0006 85       		.byte	-123
 141 0007 01       		.byte	1
 142 0008 09       		.byte	9
 143 0009 01       		.byte	1
 144 000a 15       		.byte	21
 145 000b 00       		.byte	0
 146 000c 25       		.byte	37
 147 000d 01       		.byte	1
 148 000e 75       		.byte	117
 149 000f 08       		.byte	8
 150 0010 95       		.byte	-107
 151 0011 01       		.byte	1
 152 0012 B1       		.byte	-79
 153 0013 82       		.byte	-126
 154 0014 85       		.byte	-123
 155 0015 01       		.byte	1
 156 0016 09       		.byte	9
 157 0017 01       		.byte	1
 158 0018 91       		.byte	-111
 159 0019 82       		.byte	-126
 160 001a 85       		.byte	-123
 161 001b 02       		.byte	2
 162 001c 09       		.byte	9
 163 001d 02       		.byte	2
 164 001e 15       		.byte	21
 165 001f 00       		.byte	0
 166 0020 25       		.byte	37
 167 0021 01       		.byte	1
 168 0022 75       		.byte	117
 169 0023 08       		.byte	8
 170 0024 95       		.byte	-107
 171 0025 01       		.byte	1
 172 0026 B1       		.byte	-79
 173 0027 82       		.byte	-126
 174 0028 85       		.byte	-123
 175 0029 02       		.byte	2
 176 002a 09       		.byte	9
 177 002b 02       		.byte	2
 178 002c 91       		.byte	-111
 179 002d 82       		.byte	-126
ARM GAS  /var/folders/g9/bbpj86ld7fx45vd1b3pqxmp00000gn/T//cc1sdqxg.s 			page 4


 180 002e 85       		.byte	-123
 181 002f 03       		.byte	3
 182 0030 09       		.byte	9
 183 0031 03       		.byte	3
 184 0032 15       		.byte	21
 185 0033 00       		.byte	0
 186 0034 25       		.byte	37
 187 0035 01       		.byte	1
 188 0036 75       		.byte	117
 189 0037 08       		.byte	8
 190 0038 95       		.byte	-107
 191 0039 01       		.byte	1
 192 003a B1       		.byte	-79
 193 003b 82       		.byte	-126
 194 003c 85       		.byte	-123
 195 003d 03       		.byte	3
 196 003e 09       		.byte	9
 197 003f 03       		.byte	3
 198 0040 91       		.byte	-111
 199 0041 82       		.byte	-126
 200 0042 85       		.byte	-123
 201 0043 04       		.byte	4
 202 0044 09       		.byte	9
 203 0045 04       		.byte	4
 204 0046 15       		.byte	21
 205 0047 00       		.byte	0
 206 0048 25       		.byte	37
 207 0049 01       		.byte	1
 208 004a 75       		.byte	117
 209 004b 08       		.byte	8
 210 004c 95       		.byte	-107
 211 004d 01       		.byte	1
 212 004e B1       		.byte	-79
 213 004f 82       		.byte	-126
 214 0050 85       		.byte	-123
 215 0051 04       		.byte	4
 216 0052 09       		.byte	9
 217 0053 04       		.byte	4
 218 0054 91       		.byte	-111
 219 0055 82       		.byte	-126
 220 0056 85       		.byte	-123
 221 0057 05       		.byte	5
 222 0058 09       		.byte	9
 223 0059 05       		.byte	5
 224 005a 15       		.byte	21
 225 005b 00       		.byte	0
 226 005c 25       		.byte	37
 227 005d 01       		.byte	1
 228 005e 75       		.byte	117
 229 005f 01       		.byte	1
 230 0060 81       		.byte	-127
 231 0061 82       		.byte	-126
 232 0062 09       		.byte	9
 233 0063 05       		.byte	5
 234 0064 75       		.byte	117
 235 0065 01       		.byte	1
 236 0066 B1       		.byte	-79
ARM GAS  /var/folders/g9/bbpj86ld7fx45vd1b3pqxmp00000gn/T//cc1sdqxg.s 			page 5


 237 0067 82       		.byte	-126
 238 0068 75       		.byte	117
 239 0069 07       		.byte	7
 240 006a 81       		.byte	-127
 241 006b 83       		.byte	-125
 242 006c 85       		.byte	-123
 243 006d 05       		.byte	5
 244 006e 75       		.byte	117
 245 006f 07       		.byte	7
 246 0070 B1       		.byte	-79
 247 0071 83       		.byte	-125
 248 0072 85       		.byte	-123
 249 0073 06       		.byte	6
 250 0074 09       		.byte	9
 251 0075 06       		.byte	6
 252 0076 15       		.byte	21
 253 0077 00       		.byte	0
 254 0078 25       		.byte	37
 255 0079 01       		.byte	1
 256 007a 75       		.byte	117
 257 007b 01       		.byte	1
 258 007c 81       		.byte	-127
 259 007d 82       		.byte	-126
 260 007e 09       		.byte	9
 261 007f 06       		.byte	6
 262 0080 75       		.byte	117
 263 0081 01       		.byte	1
 264 0082 B1       		.byte	-79
 265 0083 82       		.byte	-126
 266 0084 75       		.byte	117
 267 0085 07       		.byte	7
 268 0086 81       		.byte	-127
 269 0087 83       		.byte	-125
 270 0088 85       		.byte	-123
 271 0089 06       		.byte	6
 272 008a 75       		.byte	117
 273 008b 07       		.byte	7
 274 008c B1       		.byte	-79
 275 008d 83       		.byte	-125
 276 008e 85       		.byte	-123
 277 008f 07       		.byte	7
 278 0090 09       		.byte	9
 279 0091 07       		.byte	7
 280 0092 15       		.byte	21
 281 0093 00       		.byte	0
 282 0094 26       		.byte	38
 283 0095 FF       		.byte	-1
 284 0096 00       		.byte	0
 285 0097 75       		.byte	117
 286 0098 08       		.byte	8
 287 0099 81       		.byte	-127
 288 009a 82       		.byte	-126
 289 009b 85       		.byte	-123
 290 009c 07       		.byte	7
 291 009d 09       		.byte	9
 292 009e 07       		.byte	7
 293 009f B1       		.byte	-79
ARM GAS  /var/folders/g9/bbpj86ld7fx45vd1b3pqxmp00000gn/T//cc1sdqxg.s 			page 6


 294 00a0 82       		.byte	-126
 295 00a1 C0       		.byte	-64
 296              		.section	.rodata.CustomHID_ConfigDescriptor,"a",%progbits
 297              		.align	2
 300              	CustomHID_ConfigDescriptor:
 301 0000 09       		.byte	9
 302 0001 02       		.byte	2
 303 0002 29       		.byte	41
 304 0003 00       		.byte	0
 305 0004 01       		.byte	1
 306 0005 01       		.byte	1
 307 0006 00       		.byte	0
 308 0007 C0       		.byte	-64
 309 0008 32       		.byte	50
 310 0009 09       		.byte	9
 311 000a 04       		.byte	4
 312 000b 00       		.byte	0
 313 000c 00       		.byte	0
 314 000d 02       		.byte	2
 315 000e 03       		.byte	3
 316 000f 00       		.byte	0
 317 0010 00       		.byte	0
 318 0011 00       		.byte	0
 319 0012 09       		.byte	9
 320 0013 21       		.byte	33
 321 0014 10       		.byte	16
 322 0015 01       		.byte	1
 323 0016 00       		.byte	0
 324 0017 01       		.byte	1
 325 0018 22       		.byte	34
 326 0019 A2       		.byte	-94
 327 001a 00       		.byte	0
 328 001b 07       		.byte	7
 329 001c 05       		.byte	5
 330 001d 81       		.byte	-127
 331 001e 03       		.byte	3
 332 001f 02       		.byte	2
 333 0020 00       		.byte	0
 334 0021 20       		.byte	32
 335 0022 07       		.byte	7
 336 0023 05       		.byte	5
 337 0024 01       		.byte	1
 338 0025 03       		.byte	3
 339 0026 02       		.byte	2
 340 0027 00       		.byte	0
 341 0028 20       		.byte	32
 342              		.section	.rodata.CustomHID_StringLangID,"a",%progbits
 343              		.align	2
 346              	CustomHID_StringLangID:
 347 0000 04       		.byte	4
 348 0001 03       		.byte	3
 349 0002 09       		.byte	9
 350 0003 04       		.byte	4
 351              		.section	.data.CustomHID_StringSerial,"aw",%progbits
 352              		.align	2
 355              	CustomHID_StringSerial:
 356 0000 1A       		.byte	26
ARM GAS  /var/folders/g9/bbpj86ld7fx45vd1b3pqxmp00000gn/T//cc1sdqxg.s 			page 7


 357 0001 03       		.byte	3
 358 0002 53       		.byte	83
 359 0003 00       		.byte	0
 360 0004 54       		.byte	84
 361 0005 00       		.byte	0
 362 0006 4D       		.byte	77
 363 0007 00       		.byte	0
 364 0008 33       		.byte	51
 365 0009 00       		.byte	0
 366 000a 32       		.byte	50
 367 000b 00       		.byte	0
 368 000c 31       		.byte	49
 369 000d 00       		.byte	0
 370 000e 30       		.byte	48
 371 000f 00       		.byte	0
 372 0010 00000000 		.space	10
 372      00000000 
 372      0000
 373              		.text
 374              	.Letext0:
 375              		.file 1 "/usr/local/Cellar/gcc-arm-none-eabi/20160926/arm-none-eabi/include/machine/_default_types
 376              		.file 2 "/usr/local/Cellar/gcc-arm-none-eabi/20160926/arm-none-eabi/include/sys/_stdint.h"
 377              		.file 3 "src/usb/usb_desc.c"
ARM GAS  /var/folders/g9/bbpj86ld7fx45vd1b3pqxmp00000gn/T//cc1sdqxg.s 			page 8


DEFINED SYMBOLS
                            *ABS*:0000000000000000 usb_desc.c
/var/folders/g9/bbpj86ld7fx45vd1b3pqxmp00000gn/T//cc1sdqxg.s:355    .data.CustomHID_StringSerial:0000000000000000 CustomHID_StringSerial
/var/folders/g9/bbpj86ld7fx45vd1b3pqxmp00000gn/T//cc1sdqxg.s:53     .rodata.CustomHID_StringProduct:0000000000000000 CustomHID_StringProduct
/var/folders/g9/bbpj86ld7fx45vd1b3pqxmp00000gn/T//cc1sdqxg.s:90     .rodata.CustomHID_StringVendor:0000000000000000 CustomHID_StringVendor
/var/folders/g9/bbpj86ld7fx45vd1b3pqxmp00000gn/T//cc1sdqxg.s:346    .rodata.CustomHID_StringLangID:0000000000000000 CustomHID_StringLangID
/var/folders/g9/bbpj86ld7fx45vd1b3pqxmp00000gn/T//cc1sdqxg.s:133    .rodata.CustomHID_ReportDescriptor:0000000000000000 CustomHID_ReportDescriptor
/var/folders/g9/bbpj86ld7fx45vd1b3pqxmp00000gn/T//cc1sdqxg.s:300    .rodata.CustomHID_ConfigDescriptor:0000000000000000 CustomHID_ConfigDescriptor
/var/folders/g9/bbpj86ld7fx45vd1b3pqxmp00000gn/T//cc1sdqxg.s:30     .rodata.CustomHID_DeviceDescriptor:0000000000000000 CustomHID_DeviceDescriptor
/var/folders/g9/bbpj86ld7fx45vd1b3pqxmp00000gn/T//cc1sdqxg.s:27     .rodata.CustomHID_DeviceDescriptor:0000000000000000 $d
/var/folders/g9/bbpj86ld7fx45vd1b3pqxmp00000gn/T//cc1sdqxg.s:50     .rodata.CustomHID_StringProduct:0000000000000000 $d
/var/folders/g9/bbpj86ld7fx45vd1b3pqxmp00000gn/T//cc1sdqxg.s:87     .rodata.CustomHID_StringVendor:0000000000000000 $d
/var/folders/g9/bbpj86ld7fx45vd1b3pqxmp00000gn/T//cc1sdqxg.s:130    .rodata.CustomHID_ReportDescriptor:0000000000000000 $d
/var/folders/g9/bbpj86ld7fx45vd1b3pqxmp00000gn/T//cc1sdqxg.s:297    .rodata.CustomHID_ConfigDescriptor:0000000000000000 $d
/var/folders/g9/bbpj86ld7fx45vd1b3pqxmp00000gn/T//cc1sdqxg.s:343    .rodata.CustomHID_StringLangID:0000000000000000 $d
/var/folders/g9/bbpj86ld7fx45vd1b3pqxmp00000gn/T//cc1sdqxg.s:352    .data.CustomHID_StringSerial:0000000000000000 $d

NO UNDEFINED SYMBOLS
