ARM GAS  /var/folders/g9/bbpj86ld7fx45vd1b3pqxmp00000gn/T//ccqDDXrv.s 			page 1


   1              		.syntax unified
   2              		.cpu cortex-m3
   3              		.fpu softvfp
   4              		.eabi_attribute 20, 1
   5              		.eabi_attribute 21, 1
   6              		.eabi_attribute 23, 3
   7              		.eabi_attribute 24, 1
   8              		.eabi_attribute 25, 1
   9              		.eabi_attribute 26, 1
  10              		.eabi_attribute 30, 1
  11              		.eabi_attribute 34, 1
  12              		.eabi_attribute 18, 4
  13              		.thumb
  14              		.syntax unified
  15              		.file	"usb_int.c"
  16              		.text
  17              	.Ltext0:
  18              		.cfi_sections	.debug_frame
  19              		.section	.text.CTR_LP,"ax",%progbits
  20              		.align	2
  21              		.global	CTR_LP
  22              		.thumb
  23              		.thumb_func
  25              	CTR_LP:
  26              	.LFB27:
  27              		.file 1 "STM32_USB-FS-Device_Driver/src/usb_int.c"
   1:STM32_USB-FS-Device_Driver/src/usb_int.c **** /******************** (C) COPYRIGHT 2009 STMicroelectronics ********************
   2:STM32_USB-FS-Device_Driver/src/usb_int.c **** * File Name          : usb_int.c
   3:STM32_USB-FS-Device_Driver/src/usb_int.c **** * Author             : MCD Application Team
   4:STM32_USB-FS-Device_Driver/src/usb_int.c **** * Version            : V3.0.1
   5:STM32_USB-FS-Device_Driver/src/usb_int.c **** * Date               : 04/27/2009
   6:STM32_USB-FS-Device_Driver/src/usb_int.c **** * Description        : Endpoint CTR (Low and High) interrupt's service routines
   7:STM32_USB-FS-Device_Driver/src/usb_int.c **** ********************************************************************************
   8:STM32_USB-FS-Device_Driver/src/usb_int.c **** * THE PRESENT FIRMWARE WHICH IS FOR GUIDANCE ONLY AIMS AT PROVIDING CUSTOMERS
   9:STM32_USB-FS-Device_Driver/src/usb_int.c **** * WITH CODING INFORMATION REGARDING THEIR PRODUCTS IN ORDER FOR THEM TO SAVE TIME.
  10:STM32_USB-FS-Device_Driver/src/usb_int.c **** * AS A RESULT, STMICROELECTRONICS SHALL NOT BE HELD LIABLE FOR ANY DIRECT,
  11:STM32_USB-FS-Device_Driver/src/usb_int.c **** * INDIRECT OR CONSEQUENTIAL DAMAGES WITH RESPECT TO ANY CLAIMS ARISING FROM THE
  12:STM32_USB-FS-Device_Driver/src/usb_int.c **** * CONTENT OF SUCH FIRMWARE AND/OR THE USE MADE BY CUSTOMERS OF THE CODING
  13:STM32_USB-FS-Device_Driver/src/usb_int.c **** * INFORMATION CONTAINED HEREIN IN CONNECTION WITH THEIR PRODUCTS.
  14:STM32_USB-FS-Device_Driver/src/usb_int.c **** *******************************************************************************/
  15:STM32_USB-FS-Device_Driver/src/usb_int.c **** 
  16:STM32_USB-FS-Device_Driver/src/usb_int.c **** /* Includes ------------------------------------------------------------------*/
  17:STM32_USB-FS-Device_Driver/src/usb_int.c **** #include "usb_lib.h"
  18:STM32_USB-FS-Device_Driver/src/usb_int.c **** 
  19:STM32_USB-FS-Device_Driver/src/usb_int.c **** /* Private typedef -----------------------------------------------------------*/
  20:STM32_USB-FS-Device_Driver/src/usb_int.c **** /* Private define ------------------------------------------------------------*/
  21:STM32_USB-FS-Device_Driver/src/usb_int.c **** /* Private macro -------------------------------------------------------------*/
  22:STM32_USB-FS-Device_Driver/src/usb_int.c **** /* Private variables ---------------------------------------------------------*/
  23:STM32_USB-FS-Device_Driver/src/usb_int.c **** uint16_t SaveRState;
  24:STM32_USB-FS-Device_Driver/src/usb_int.c **** uint16_t SaveTState;
  25:STM32_USB-FS-Device_Driver/src/usb_int.c **** 
  26:STM32_USB-FS-Device_Driver/src/usb_int.c **** /* Extern variables ----------------------------------------------------------*/
  27:STM32_USB-FS-Device_Driver/src/usb_int.c **** extern void (*pEpInt_IN[7])(void);    /*  Handles IN  interrupts   */
  28:STM32_USB-FS-Device_Driver/src/usb_int.c **** extern void (*pEpInt_OUT[7])(void);   /*  Handles OUT interrupts   */
  29:STM32_USB-FS-Device_Driver/src/usb_int.c **** 
  30:STM32_USB-FS-Device_Driver/src/usb_int.c **** /* Private function prototypes -----------------------------------------------*/
  31:STM32_USB-FS-Device_Driver/src/usb_int.c **** /* Private functions ---------------------------------------------------------*/
ARM GAS  /var/folders/g9/bbpj86ld7fx45vd1b3pqxmp00000gn/T//ccqDDXrv.s 			page 2


  32:STM32_USB-FS-Device_Driver/src/usb_int.c **** 
  33:STM32_USB-FS-Device_Driver/src/usb_int.c **** /*******************************************************************************
  34:STM32_USB-FS-Device_Driver/src/usb_int.c **** * Function Name  : CTR_LP.
  35:STM32_USB-FS-Device_Driver/src/usb_int.c **** * Description    : Low priority Endpoint Correct Transfer interrupt's service
  36:STM32_USB-FS-Device_Driver/src/usb_int.c **** *                  routine.
  37:STM32_USB-FS-Device_Driver/src/usb_int.c **** * Input          : None.
  38:STM32_USB-FS-Device_Driver/src/usb_int.c **** * Output         : None.
  39:STM32_USB-FS-Device_Driver/src/usb_int.c **** * Return         : None.
  40:STM32_USB-FS-Device_Driver/src/usb_int.c **** *******************************************************************************/
  41:STM32_USB-FS-Device_Driver/src/usb_int.c **** void CTR_LP(void)
  42:STM32_USB-FS-Device_Driver/src/usb_int.c **** {
  28              		.loc 1 42 0
  29              		.cfi_startproc
  30              		@ args = 0, pretend = 0, frame = 0
  31              		@ frame_needed = 0, uses_anonymous_args = 0
  32 0000 10B5     		push	{r4, lr}
  33              	.LCFI0:
  34              		.cfi_def_cfa_offset 8
  35              		.cfi_offset 4, -8
  36              		.cfi_offset 14, -4
  37              	.LVL0:
  43:STM32_USB-FS-Device_Driver/src/usb_int.c ****   uint32_t wEPVal = 0;
  44:STM32_USB-FS-Device_Driver/src/usb_int.c ****   /* stay in loop while pending ints */
  45:STM32_USB-FS-Device_Driver/src/usb_int.c ****   while (((wIstr = _GetISTR()) & ISTR_CTR) != 0)
  38              		.loc 1 45 0
  39 0002 59E1     		b	.L2
  40              	.LVL1:
  41              	.L26:
  46:STM32_USB-FS-Device_Driver/src/usb_int.c ****   {
  47:STM32_USB-FS-Device_Driver/src/usb_int.c ****     _SetISTR((uint16_t)CLR_CTR); /* clear CTR flag */
  42              		.loc 1 47 0
  43 0004 47F6FF72 		movw	r2, #32767
  44 0008 8E4B     		ldr	r3, .L28
  45 000a 1A60     		str	r2, [r3]
  48:STM32_USB-FS-Device_Driver/src/usb_int.c ****     /* extract highest priority endpoint number */
  49:STM32_USB-FS-Device_Driver/src/usb_int.c ****     EPindex = (uint8_t)(wIstr & ISTR_EP_ID);
  46              		.loc 1 49 0
  47 000c 8E4B     		ldr	r3, .L28+4
  48 000e 1B88     		ldrh	r3, [r3]
  49 0010 03F00F03 		and	r3, r3, #15
  50 0014 8D4A     		ldr	r2, .L28+8
  51 0016 1370     		strb	r3, [r2]
  50:STM32_USB-FS-Device_Driver/src/usb_int.c ****     if (EPindex == 0)
  52              		.loc 1 50 0
  53 0018 002B     		cmp	r3, #0
  54 001a 40F01F81 		bne	.L3
  51:STM32_USB-FS-Device_Driver/src/usb_int.c ****     {
  52:STM32_USB-FS-Device_Driver/src/usb_int.c ****       /* Decode and service control endpoint interrupt */
  53:STM32_USB-FS-Device_Driver/src/usb_int.c ****       /* calling related service routine */
  54:STM32_USB-FS-Device_Driver/src/usb_int.c ****       /* (Setup0_Process, In0_Process, Out0_Process) */
  55:STM32_USB-FS-Device_Driver/src/usb_int.c **** 
  56:STM32_USB-FS-Device_Driver/src/usb_int.c ****       /* save RX & TX status */
  57:STM32_USB-FS-Device_Driver/src/usb_int.c ****       /* and set both to NAK */
  58:STM32_USB-FS-Device_Driver/src/usb_int.c ****       SaveRState = _GetEPRxStatus(ENDP0);
  55              		.loc 1 58 0
  56 001e 8C4A     		ldr	r2, .L28+12
  57 0020 1368     		ldr	r3, [r2]
ARM GAS  /var/folders/g9/bbpj86ld7fx45vd1b3pqxmp00000gn/T//ccqDDXrv.s 			page 3


  58 0022 03F44053 		and	r3, r3, #12288
  59 0026 8B49     		ldr	r1, .L28+16
  60 0028 0B80     		strh	r3, [r1]	@ movhi
  59:STM32_USB-FS-Device_Driver/src/usb_int.c ****       SaveTState = _GetEPTxStatus(ENDP0);
  61              		.loc 1 59 0
  62 002a 1368     		ldr	r3, [r2]
  63 002c 03F03003 		and	r3, r3, #48
  64 0030 8949     		ldr	r1, .L28+20
  65 0032 0B80     		strh	r3, [r1]	@ movhi
  66              	.LBB2:
  60:STM32_USB-FS-Device_Driver/src/usb_int.c ****       _SetEPRxStatus(ENDP0, EP_RX_NAK);
  67              		.loc 1 60 0
  68 0034 1368     		ldr	r3, [r2]
  69 0036 9BB2     		uxth	r3, r3
  70 0038 23F48043 		bic	r3, r3, #16384
  71 003c 23F07003 		bic	r3, r3, #112
  72              	.LVL2:
  73 0040 83F40053 		eor	r3, r3, #8192
  74              	.LVL3:
  75 0044 1360     		str	r3, [r2]
  76              	.LBE2:
  77              	.LBB3:
  61:STM32_USB-FS-Device_Driver/src/usb_int.c ****       _SetEPTxStatus(ENDP0, EP_TX_NAK);
  78              		.loc 1 61 0
  79 0046 1368     		ldr	r3, [r2]
  80              	.LVL4:
  81 0048 9BB2     		uxth	r3, r3
  82 004a 23F4E043 		bic	r3, r3, #28672
  83 004e 23F04003 		bic	r3, r3, #64
  84              	.LVL5:
  85 0052 83F02003 		eor	r3, r3, #32
  86              	.LVL6:
  87 0056 1360     		str	r3, [r2]
  88              	.LVL7:
  89              	.LBE3:
  62:STM32_USB-FS-Device_Driver/src/usb_int.c **** 
  63:STM32_USB-FS-Device_Driver/src/usb_int.c **** 
  64:STM32_USB-FS-Device_Driver/src/usb_int.c ****       /* DIR bit = origin of the interrupt */
  65:STM32_USB-FS-Device_Driver/src/usb_int.c **** 
  66:STM32_USB-FS-Device_Driver/src/usb_int.c ****       if ((wIstr & ISTR_DIR) == 0)
  90              		.loc 1 66 0
  91 0058 7B4B     		ldr	r3, .L28+4
  92              	.LVL8:
  93 005a 1B88     		ldrh	r3, [r3]
  94 005c 03F01003 		and	r3, r3, #16
  95 0060 9BB2     		uxth	r3, r3
  96 0062 002B     		cmp	r3, #0
  97 0064 39D1     		bne	.L4
  67:STM32_USB-FS-Device_Driver/src/usb_int.c ****       {
  68:STM32_USB-FS-Device_Driver/src/usb_int.c ****         /* DIR = 0 */
  69:STM32_USB-FS-Device_Driver/src/usb_int.c **** 
  70:STM32_USB-FS-Device_Driver/src/usb_int.c ****         /* DIR = 0      => IN  int */
  71:STM32_USB-FS-Device_Driver/src/usb_int.c ****         /* DIR = 0 implies that (EP_CTR_TX = 1) always  */
  72:STM32_USB-FS-Device_Driver/src/usb_int.c **** 
  73:STM32_USB-FS-Device_Driver/src/usb_int.c **** 
  74:STM32_USB-FS-Device_Driver/src/usb_int.c ****         _ClearEP_CTR_TX(ENDP0);
  98              		.loc 1 74 0
ARM GAS  /var/folders/g9/bbpj86ld7fx45vd1b3pqxmp00000gn/T//ccqDDXrv.s 			page 4


  99 0066 1446     		mov	r4, r2
 100 0068 1368     		ldr	r3, [r2]
 101 006a 23F4E143 		bic	r3, r3, #28800
 102 006e 23F07003 		bic	r3, r3, #112
 103 0072 1B04     		lsls	r3, r3, #16
 104 0074 1B0C     		lsrs	r3, r3, #16
 105 0076 1360     		str	r3, [r2]
 106              	.LVL9:
  75:STM32_USB-FS-Device_Driver/src/usb_int.c ****         In0_Process();
 107              		.loc 1 75 0
 108 0078 FFF7FEFF 		bl	In0_Process
 109              	.LVL10:
 110              	.LBB4:
  76:STM32_USB-FS-Device_Driver/src/usb_int.c **** 
  77:STM32_USB-FS-Device_Driver/src/usb_int.c ****            /* before terminate set Tx & Rx status */
  78:STM32_USB-FS-Device_Driver/src/usb_int.c ****           _SetEPRxStatus(ENDP0, SaveRState);
 111              		.loc 1 78 0
 112 007c 2368     		ldr	r3, [r4]
 113 007e 9BB2     		uxth	r3, r3
 114 0080 23F48043 		bic	r3, r3, #16384
 115 0084 23F07003 		bic	r3, r3, #112
 116 0088 9BB2     		uxth	r3, r3
 117              	.LVL11:
 118 008a 724A     		ldr	r2, .L28+16
 119 008c 1288     		ldrh	r2, [r2]
 120 008e 02F48051 		and	r1, r2, #4096
 121 0092 89B2     		uxth	r1, r1
 122 0094 09B1     		cbz	r1, .L5
 123              		.loc 1 78 0 is_stmt 0 discriminator 1
 124 0096 83F48053 		eor	r3, r3, #4096
 125              	.LVL12:
 126              	.L5:
 127              		.loc 1 78 0 discriminator 3
 128 009a 02F40052 		and	r2, r2, #8192
 129 009e 92B2     		uxth	r2, r2
 130 00a0 0AB1     		cbz	r2, .L6
 131              		.loc 1 78 0 discriminator 4
 132 00a2 83F40053 		eor	r3, r3, #8192
 133              	.LVL13:
 134              	.L6:
 135              		.loc 1 78 0 discriminator 6
 136 00a6 6A4A     		ldr	r2, .L28+12
 137 00a8 1360     		str	r3, [r2]
 138              	.LBE4:
 139              	.LBB5:
  79:STM32_USB-FS-Device_Driver/src/usb_int.c ****           _SetEPTxStatus(ENDP0, SaveTState);
 140              		.loc 1 79 0 is_stmt 1 discriminator 6
 141 00aa 1368     		ldr	r3, [r2]
 142              	.LVL14:
 143 00ac 9BB2     		uxth	r3, r3
 144 00ae 23F4E043 		bic	r3, r3, #28672
 145 00b2 23F04003 		bic	r3, r3, #64
 146 00b6 9BB2     		uxth	r3, r3
 147              	.LVL15:
 148 00b8 674A     		ldr	r2, .L28+20
 149 00ba 1288     		ldrh	r2, [r2]
 150 00bc 02F01001 		and	r1, r2, #16
ARM GAS  /var/folders/g9/bbpj86ld7fx45vd1b3pqxmp00000gn/T//ccqDDXrv.s 			page 5


 151 00c0 89B2     		uxth	r1, r1
 152 00c2 09B1     		cbz	r1, .L7
 153              		.loc 1 79 0 is_stmt 0 discriminator 1
 154 00c4 83F01003 		eor	r3, r3, #16
 155              	.LVL16:
 156              	.L7:
 157              		.loc 1 79 0 discriminator 3
 158 00c8 02F02002 		and	r2, r2, #32
 159 00cc 92B2     		uxth	r2, r2
 160 00ce 0AB1     		cbz	r2, .L8
 161              		.loc 1 79 0 discriminator 4
 162 00d0 83F02003 		eor	r3, r3, #32
 163              	.LVL17:
 164              	.L8:
 165              		.loc 1 79 0 discriminator 6
 166 00d4 5E4A     		ldr	r2, .L28+12
 167 00d6 1360     		str	r3, [r2]
 168              	.LBE5:
  80:STM32_USB-FS-Device_Driver/src/usb_int.c ****           return;
 169              		.loc 1 80 0 is_stmt 1 discriminator 6
 170 00d8 10BD     		pop	{r4, pc}
 171              	.LVL18:
 172              	.L4:
  81:STM32_USB-FS-Device_Driver/src/usb_int.c ****       }
  82:STM32_USB-FS-Device_Driver/src/usb_int.c ****       else
  83:STM32_USB-FS-Device_Driver/src/usb_int.c ****       {
  84:STM32_USB-FS-Device_Driver/src/usb_int.c ****         /* DIR = 1 */
  85:STM32_USB-FS-Device_Driver/src/usb_int.c **** 
  86:STM32_USB-FS-Device_Driver/src/usb_int.c ****         /* DIR = 1 & CTR_RX       => SETUP or OUT int */
  87:STM32_USB-FS-Device_Driver/src/usb_int.c ****         /* DIR = 1 & (CTR_TX | CTR_RX) => 2 int pending */
  88:STM32_USB-FS-Device_Driver/src/usb_int.c **** 
  89:STM32_USB-FS-Device_Driver/src/usb_int.c ****         wEPVal = _GetENDPOINT(ENDP0);
 173              		.loc 1 89 0
 174 00da 5D4B     		ldr	r3, .L28+12
 175 00dc 1B68     		ldr	r3, [r3]
 176              	.LVL19:
  90:STM32_USB-FS-Device_Driver/src/usb_int.c ****         if ((wEPVal & EP_CTR_TX) != 0)
 177              		.loc 1 90 0
 178 00de 13F0800F 		tst	r3, #128
 179 00e2 39D0     		beq	.L10
  91:STM32_USB-FS-Device_Driver/src/usb_int.c ****         {
  92:STM32_USB-FS-Device_Driver/src/usb_int.c ****           _ClearEP_CTR_TX(ENDP0);
 180              		.loc 1 92 0
 181 00e4 5A4C     		ldr	r4, .L28+12
 182 00e6 2368     		ldr	r3, [r4]
 183              	.LVL20:
 184 00e8 23F4E143 		bic	r3, r3, #28800
 185 00ec 23F07003 		bic	r3, r3, #112
 186 00f0 1B04     		lsls	r3, r3, #16
 187 00f2 1B0C     		lsrs	r3, r3, #16
 188 00f4 2360     		str	r3, [r4]
 189              	.LVL21:
  93:STM32_USB-FS-Device_Driver/src/usb_int.c ****           In0_Process();
 190              		.loc 1 93 0
 191 00f6 FFF7FEFF 		bl	In0_Process
 192              	.LVL22:
 193              	.LBB6:
ARM GAS  /var/folders/g9/bbpj86ld7fx45vd1b3pqxmp00000gn/T//ccqDDXrv.s 			page 6


  94:STM32_USB-FS-Device_Driver/src/usb_int.c ****           /* before terminate set Tx & Rx status */
  95:STM32_USB-FS-Device_Driver/src/usb_int.c ****           _SetEPRxStatus(ENDP0, SaveRState);
 194              		.loc 1 95 0
 195 00fa 2368     		ldr	r3, [r4]
 196 00fc 9BB2     		uxth	r3, r3
 197 00fe 23F48043 		bic	r3, r3, #16384
 198 0102 23F07003 		bic	r3, r3, #112
 199 0106 9BB2     		uxth	r3, r3
 200              	.LVL23:
 201 0108 524A     		ldr	r2, .L28+16
 202 010a 1288     		ldrh	r2, [r2]
 203 010c 02F48051 		and	r1, r2, #4096
 204 0110 89B2     		uxth	r1, r1
 205 0112 09B1     		cbz	r1, .L11
 206              		.loc 1 95 0 is_stmt 0 discriminator 1
 207 0114 83F48053 		eor	r3, r3, #4096
 208              	.LVL24:
 209              	.L11:
 210              		.loc 1 95 0 discriminator 3
 211 0118 02F40052 		and	r2, r2, #8192
 212 011c 92B2     		uxth	r2, r2
 213 011e 0AB1     		cbz	r2, .L12
 214              		.loc 1 95 0 discriminator 4
 215 0120 83F40053 		eor	r3, r3, #8192
 216              	.LVL25:
 217              	.L12:
 218              		.loc 1 95 0 discriminator 6
 219 0124 4A4A     		ldr	r2, .L28+12
 220 0126 1360     		str	r3, [r2]
 221              	.LBE6:
 222              	.LBB7:
  96:STM32_USB-FS-Device_Driver/src/usb_int.c ****           _SetEPTxStatus(ENDP0, SaveTState);
 223              		.loc 1 96 0 is_stmt 1 discriminator 6
 224 0128 1368     		ldr	r3, [r2]
 225              	.LVL26:
 226 012a 9BB2     		uxth	r3, r3
 227 012c 23F4E043 		bic	r3, r3, #28672
 228 0130 23F04003 		bic	r3, r3, #64
 229 0134 9BB2     		uxth	r3, r3
 230              	.LVL27:
 231 0136 484A     		ldr	r2, .L28+20
 232 0138 1288     		ldrh	r2, [r2]
 233 013a 02F01001 		and	r1, r2, #16
 234 013e 89B2     		uxth	r1, r1
 235 0140 09B1     		cbz	r1, .L13
 236              		.loc 1 96 0 is_stmt 0 discriminator 1
 237 0142 83F01003 		eor	r3, r3, #16
 238              	.LVL28:
 239              	.L13:
 240              		.loc 1 96 0 discriminator 3
 241 0146 02F02002 		and	r2, r2, #32
 242 014a 92B2     		uxth	r2, r2
 243 014c 0AB1     		cbz	r2, .L14
 244              		.loc 1 96 0 discriminator 4
 245 014e 83F02003 		eor	r3, r3, #32
 246              	.LVL29:
 247              	.L14:
ARM GAS  /var/folders/g9/bbpj86ld7fx45vd1b3pqxmp00000gn/T//ccqDDXrv.s 			page 7


 248              		.loc 1 96 0 discriminator 6
 249 0152 3F4A     		ldr	r2, .L28+12
 250 0154 1360     		str	r3, [r2]
 251              	.LBE7:
  97:STM32_USB-FS-Device_Driver/src/usb_int.c ****           return;
 252              		.loc 1 97 0 is_stmt 1 discriminator 6
 253 0156 10BD     		pop	{r4, pc}
 254              	.LVL30:
 255              	.L10:
  98:STM32_USB-FS-Device_Driver/src/usb_int.c ****         }
  99:STM32_USB-FS-Device_Driver/src/usb_int.c ****         else if ((wEPVal &EP_SETUP) != 0)
 256              		.loc 1 99 0
 257 0158 13F4006F 		tst	r3, #2048
 258 015c 37D0     		beq	.L15
 100:STM32_USB-FS-Device_Driver/src/usb_int.c ****         {
 101:STM32_USB-FS-Device_Driver/src/usb_int.c ****           _ClearEP_CTR_RX(ENDP0); /* SETUP bit kept frozen while CTR_RX = 1 */
 259              		.loc 1 101 0
 260 015e 3C4C     		ldr	r4, .L28+12
 261 0160 2368     		ldr	r3, [r4]
 262              	.LVL31:
 263 0162 23F07003 		bic	r3, r3, #112
 264 0166 1B05     		lsls	r3, r3, #20
 265 0168 1B0D     		lsrs	r3, r3, #20
 266 016a 2360     		str	r3, [r4]
 267              	.LVL32:
 102:STM32_USB-FS-Device_Driver/src/usb_int.c ****           Setup0_Process();
 268              		.loc 1 102 0
 269 016c FFF7FEFF 		bl	Setup0_Process
 270              	.LVL33:
 271              	.LBB8:
 103:STM32_USB-FS-Device_Driver/src/usb_int.c ****           /* before terminate set Tx & Rx status */
 104:STM32_USB-FS-Device_Driver/src/usb_int.c ****           _SetEPRxStatus(ENDP0, SaveRState);
 272              		.loc 1 104 0
 273 0170 2368     		ldr	r3, [r4]
 274 0172 9BB2     		uxth	r3, r3
 275 0174 23F48043 		bic	r3, r3, #16384
 276 0178 23F07003 		bic	r3, r3, #112
 277 017c 9BB2     		uxth	r3, r3
 278              	.LVL34:
 279 017e 354A     		ldr	r2, .L28+16
 280 0180 1288     		ldrh	r2, [r2]
 281 0182 02F48051 		and	r1, r2, #4096
 282 0186 89B2     		uxth	r1, r1
 283 0188 09B1     		cbz	r1, .L16
 284              		.loc 1 104 0 is_stmt 0 discriminator 1
 285 018a 83F48053 		eor	r3, r3, #4096
 286              	.LVL35:
 287              	.L16:
 288              		.loc 1 104 0 discriminator 3
 289 018e 02F40052 		and	r2, r2, #8192
 290 0192 92B2     		uxth	r2, r2
 291 0194 0AB1     		cbz	r2, .L17
 292              		.loc 1 104 0 discriminator 4
 293 0196 83F40053 		eor	r3, r3, #8192
 294              	.LVL36:
 295              	.L17:
 296              		.loc 1 104 0 discriminator 6
ARM GAS  /var/folders/g9/bbpj86ld7fx45vd1b3pqxmp00000gn/T//ccqDDXrv.s 			page 8


 297 019a 2D4A     		ldr	r2, .L28+12
 298 019c 1360     		str	r3, [r2]
 299              	.LBE8:
 300              	.LBB9:
 105:STM32_USB-FS-Device_Driver/src/usb_int.c ****           _SetEPTxStatus(ENDP0, SaveTState);
 301              		.loc 1 105 0 is_stmt 1 discriminator 6
 302 019e 1368     		ldr	r3, [r2]
 303              	.LVL37:
 304 01a0 9BB2     		uxth	r3, r3
 305 01a2 23F4E043 		bic	r3, r3, #28672
 306 01a6 23F04003 		bic	r3, r3, #64
 307 01aa 9BB2     		uxth	r3, r3
 308              	.LVL38:
 309 01ac 2A4A     		ldr	r2, .L28+20
 310 01ae 1288     		ldrh	r2, [r2]
 311 01b0 02F01001 		and	r1, r2, #16
 312 01b4 89B2     		uxth	r1, r1
 313 01b6 09B1     		cbz	r1, .L18
 314              		.loc 1 105 0 is_stmt 0 discriminator 1
 315 01b8 83F01003 		eor	r3, r3, #16
 316              	.LVL39:
 317              	.L18:
 318              		.loc 1 105 0 discriminator 3
 319 01bc 02F02002 		and	r2, r2, #32
 320 01c0 92B2     		uxth	r2, r2
 321 01c2 0AB1     		cbz	r2, .L19
 322              		.loc 1 105 0 discriminator 4
 323 01c4 83F02003 		eor	r3, r3, #32
 324              	.LVL40:
 325              	.L19:
 326              		.loc 1 105 0 discriminator 6
 327 01c8 214A     		ldr	r2, .L28+12
 328 01ca 1360     		str	r3, [r2]
 329              	.LBE9:
 106:STM32_USB-FS-Device_Driver/src/usb_int.c ****           return;
 330              		.loc 1 106 0 is_stmt 1 discriminator 6
 331 01cc 10BD     		pop	{r4, pc}
 332              	.LVL41:
 333              	.L15:
 107:STM32_USB-FS-Device_Driver/src/usb_int.c ****         }
 108:STM32_USB-FS-Device_Driver/src/usb_int.c **** 
 109:STM32_USB-FS-Device_Driver/src/usb_int.c ****         else if ((wEPVal & EP_CTR_RX) != 0)
 334              		.loc 1 109 0
 335 01ce 13F4004F 		tst	r3, #32768
 336 01d2 71D0     		beq	.L2
 110:STM32_USB-FS-Device_Driver/src/usb_int.c ****         {
 111:STM32_USB-FS-Device_Driver/src/usb_int.c ****           _ClearEP_CTR_RX(ENDP0);
 337              		.loc 1 111 0
 338 01d4 1E4C     		ldr	r4, .L28+12
 339 01d6 2368     		ldr	r3, [r4]
 340              	.LVL42:
 341 01d8 23F07003 		bic	r3, r3, #112
 342 01dc 1B05     		lsls	r3, r3, #20
 343 01de 1B0D     		lsrs	r3, r3, #20
 344 01e0 2360     		str	r3, [r4]
 345              	.LVL43:
 112:STM32_USB-FS-Device_Driver/src/usb_int.c ****           Out0_Process();
ARM GAS  /var/folders/g9/bbpj86ld7fx45vd1b3pqxmp00000gn/T//ccqDDXrv.s 			page 9


 346              		.loc 1 112 0
 347 01e2 FFF7FEFF 		bl	Out0_Process
 348              	.LVL44:
 349              	.LBB10:
 113:STM32_USB-FS-Device_Driver/src/usb_int.c ****           /* before terminate set Tx & Rx status */
 114:STM32_USB-FS-Device_Driver/src/usb_int.c ****           _SetEPRxStatus(ENDP0, SaveRState);
 350              		.loc 1 114 0
 351 01e6 2368     		ldr	r3, [r4]
 352 01e8 9BB2     		uxth	r3, r3
 353 01ea 23F48043 		bic	r3, r3, #16384
 354 01ee 23F07003 		bic	r3, r3, #112
 355 01f2 9BB2     		uxth	r3, r3
 356              	.LVL45:
 357 01f4 174A     		ldr	r2, .L28+16
 358 01f6 1288     		ldrh	r2, [r2]
 359 01f8 02F48051 		and	r1, r2, #4096
 360 01fc 89B2     		uxth	r1, r1
 361 01fe 09B1     		cbz	r1, .L21
 362              		.loc 1 114 0 is_stmt 0 discriminator 1
 363 0200 83F48053 		eor	r3, r3, #4096
 364              	.LVL46:
 365              	.L21:
 366              		.loc 1 114 0 discriminator 3
 367 0204 02F40052 		and	r2, r2, #8192
 368 0208 92B2     		uxth	r2, r2
 369 020a 0AB1     		cbz	r2, .L22
 370              		.loc 1 114 0 discriminator 4
 371 020c 83F40053 		eor	r3, r3, #8192
 372              	.LVL47:
 373              	.L22:
 374              		.loc 1 114 0 discriminator 6
 375 0210 0F4A     		ldr	r2, .L28+12
 376 0212 1360     		str	r3, [r2]
 377              	.LBE10:
 378              	.LBB11:
 115:STM32_USB-FS-Device_Driver/src/usb_int.c ****           _SetEPTxStatus(ENDP0, SaveTState);
 379              		.loc 1 115 0 is_stmt 1 discriminator 6
 380 0214 1368     		ldr	r3, [r2]
 381              	.LVL48:
 382 0216 9BB2     		uxth	r3, r3
 383 0218 23F4E043 		bic	r3, r3, #28672
 384 021c 23F04003 		bic	r3, r3, #64
 385 0220 9BB2     		uxth	r3, r3
 386              	.LVL49:
 387 0222 0D4A     		ldr	r2, .L28+20
 388 0224 1288     		ldrh	r2, [r2]
 389 0226 02F01001 		and	r1, r2, #16
 390 022a 89B2     		uxth	r1, r1
 391 022c 09B1     		cbz	r1, .L23
 392              		.loc 1 115 0 is_stmt 0 discriminator 1
 393 022e 83F01003 		eor	r3, r3, #16
 394              	.LVL50:
 395              	.L23:
 396              		.loc 1 115 0 discriminator 3
 397 0232 02F02002 		and	r2, r2, #32
 398 0236 92B2     		uxth	r2, r2
 399 0238 0AB1     		cbz	r2, .L24
ARM GAS  /var/folders/g9/bbpj86ld7fx45vd1b3pqxmp00000gn/T//ccqDDXrv.s 			page 10


 400              		.loc 1 115 0 discriminator 4
 401 023a 83F02003 		eor	r3, r3, #32
 402              	.LVL51:
 403              	.L24:
 404              		.loc 1 115 0 discriminator 6
 405 023e 044A     		ldr	r2, .L28+12
 406 0240 1360     		str	r3, [r2]
 407              	.LBE11:
 116:STM32_USB-FS-Device_Driver/src/usb_int.c ****           return;
 408              		.loc 1 116 0 is_stmt 1 discriminator 6
 409 0242 10BD     		pop	{r4, pc}
 410              	.L29:
 411              		.align	2
 412              	.L28:
 413 0244 445C0040 		.word	1073765444
 414 0248 00000000 		.word	wIstr
 415 024c 00000000 		.word	EPindex
 416 0250 005C0040 		.word	1073765376
 417 0254 00000000 		.word	SaveRState
 418 0258 00000000 		.word	SaveTState
 419              	.LVL52:
 420              	.L3:
 117:STM32_USB-FS-Device_Driver/src/usb_int.c ****         }
 118:STM32_USB-FS-Device_Driver/src/usb_int.c ****       }
 119:STM32_USB-FS-Device_Driver/src/usb_int.c ****     }/* if(EPindex == 0) */
 120:STM32_USB-FS-Device_Driver/src/usb_int.c ****     else
 121:STM32_USB-FS-Device_Driver/src/usb_int.c ****     {
 122:STM32_USB-FS-Device_Driver/src/usb_int.c ****       /* Decode and service non control endpoints interrupt  */
 123:STM32_USB-FS-Device_Driver/src/usb_int.c **** 
 124:STM32_USB-FS-Device_Driver/src/usb_int.c ****       /* process related endpoint register */
 125:STM32_USB-FS-Device_Driver/src/usb_int.c ****       wEPVal = _GetENDPOINT(EPindex);
 421              		.loc 1 125 0
 422 025c 9B00     		lsls	r3, r3, #2
 423 025e 03F18043 		add	r3, r3, #1073741824
 424 0262 03F5B843 		add	r3, r3, #23552
 425 0266 1C68     		ldr	r4, [r3]
 426              	.LVL53:
 126:STM32_USB-FS-Device_Driver/src/usb_int.c ****       if ((wEPVal & EP_CTR_RX) != 0)
 427              		.loc 1 126 0
 428 0268 14F4004F 		tst	r4, #32768
 429 026c 0CD0     		beq	.L25
 127:STM32_USB-FS-Device_Driver/src/usb_int.c ****       {
 128:STM32_USB-FS-Device_Driver/src/usb_int.c ****         /* clear int flag */
 129:STM32_USB-FS-Device_Driver/src/usb_int.c ****         _ClearEP_CTR_RX(EPindex);
 430              		.loc 1 129 0
 431 026e 1A68     		ldr	r2, [r3]
 432 0270 22F07002 		bic	r2, r2, #112
 433 0274 1205     		lsls	r2, r2, #20
 434 0276 120D     		lsrs	r2, r2, #20
 435 0278 1A60     		str	r2, [r3]
 130:STM32_USB-FS-Device_Driver/src/usb_int.c **** 
 131:STM32_USB-FS-Device_Driver/src/usb_int.c ****         /* call OUT service function */
 132:STM32_USB-FS-Device_Driver/src/usb_int.c ****         (*pEpInt_OUT[EPindex-1])();
 436              		.loc 1 132 0
 437 027a 144B     		ldr	r3, .L30
 438 027c 1B78     		ldrb	r3, [r3]	@ zero_extendqisi2
 439 027e 013B     		subs	r3, r3, #1
ARM GAS  /var/folders/g9/bbpj86ld7fx45vd1b3pqxmp00000gn/T//ccqDDXrv.s 			page 11


 440 0280 134A     		ldr	r2, .L30+4
 441 0282 52F82330 		ldr	r3, [r2, r3, lsl #2]
 442 0286 9847     		blx	r3
 443              	.LVL54:
 444              	.L25:
 133:STM32_USB-FS-Device_Driver/src/usb_int.c **** 
 134:STM32_USB-FS-Device_Driver/src/usb_int.c ****       } /* if((wEPVal & EP_CTR_RX) */
 135:STM32_USB-FS-Device_Driver/src/usb_int.c **** 
 136:STM32_USB-FS-Device_Driver/src/usb_int.c ****       if ((wEPVal & EP_CTR_TX) != 0)
 445              		.loc 1 136 0
 446 0288 14F0800F 		tst	r4, #128
 447 028c 14D0     		beq	.L2
 137:STM32_USB-FS-Device_Driver/src/usb_int.c ****       {
 138:STM32_USB-FS-Device_Driver/src/usb_int.c ****         /* clear int flag */
 139:STM32_USB-FS-Device_Driver/src/usb_int.c ****         _ClearEP_CTR_TX(EPindex);
 448              		.loc 1 139 0
 449 028e 0F49     		ldr	r1, .L30
 450 0290 0B78     		ldrb	r3, [r1]	@ zero_extendqisi2
 451 0292 9B00     		lsls	r3, r3, #2
 452 0294 03F18043 		add	r3, r3, #1073741824
 453 0298 03F5B843 		add	r3, r3, #23552
 454 029c 1A68     		ldr	r2, [r3]
 455 029e 22F4E142 		bic	r2, r2, #28800
 456 02a2 22F07002 		bic	r2, r2, #112
 457 02a6 1204     		lsls	r2, r2, #16
 458 02a8 120C     		lsrs	r2, r2, #16
 459 02aa 1A60     		str	r2, [r3]
 140:STM32_USB-FS-Device_Driver/src/usb_int.c **** 
 141:STM32_USB-FS-Device_Driver/src/usb_int.c ****         /* call IN service function */
 142:STM32_USB-FS-Device_Driver/src/usb_int.c ****         (*pEpInt_IN[EPindex-1])();
 460              		.loc 1 142 0
 461 02ac 0B78     		ldrb	r3, [r1]	@ zero_extendqisi2
 462 02ae 013B     		subs	r3, r3, #1
 463 02b0 084A     		ldr	r2, .L30+8
 464 02b2 52F82330 		ldr	r3, [r2, r3, lsl #2]
 465 02b6 9847     		blx	r3
 466              	.LVL55:
 467              	.L2:
  45:STM32_USB-FS-Device_Driver/src/usb_int.c ****   {
 468              		.loc 1 45 0
 469 02b8 074B     		ldr	r3, .L30+12
 470 02ba 1B68     		ldr	r3, [r3]
 471 02bc 99B2     		uxth	r1, r3
 472 02be 074A     		ldr	r2, .L30+16
 473 02c0 1180     		strh	r1, [r2]	@ movhi
 474 02c2 13F4004F 		tst	r3, #32768
 475 02c6 7FF49DAE 		bne	.L26
 476 02ca 10BD     		pop	{r4, pc}
 477              	.L31:
 478              		.align	2
 479              	.L30:
 480 02cc 00000000 		.word	EPindex
 481 02d0 00000000 		.word	pEpInt_OUT
 482 02d4 00000000 		.word	pEpInt_IN
 483 02d8 445C0040 		.word	1073765444
 484 02dc 00000000 		.word	wIstr
 485              		.cfi_endproc
ARM GAS  /var/folders/g9/bbpj86ld7fx45vd1b3pqxmp00000gn/T//ccqDDXrv.s 			page 12


 486              	.LFE27:
 488              		.section	.text.CTR_HP,"ax",%progbits
 489              		.align	2
 490              		.global	CTR_HP
 491              		.thumb
 492              		.thumb_func
 494              	CTR_HP:
 495              	.LFB28:
 143:STM32_USB-FS-Device_Driver/src/usb_int.c ****       } /* if((wEPVal & EP_CTR_TX) != 0) */
 144:STM32_USB-FS-Device_Driver/src/usb_int.c **** 
 145:STM32_USB-FS-Device_Driver/src/usb_int.c ****     }/* if(EPindex == 0) else */
 146:STM32_USB-FS-Device_Driver/src/usb_int.c **** 
 147:STM32_USB-FS-Device_Driver/src/usb_int.c ****   }/* while(...) */
 148:STM32_USB-FS-Device_Driver/src/usb_int.c **** }
 149:STM32_USB-FS-Device_Driver/src/usb_int.c **** 
 150:STM32_USB-FS-Device_Driver/src/usb_int.c **** /*******************************************************************************
 151:STM32_USB-FS-Device_Driver/src/usb_int.c **** * Function Name  : CTR_HP.
 152:STM32_USB-FS-Device_Driver/src/usb_int.c **** * Description    : High Priority Endpoint Correct Transfer interrupt's service 
 153:STM32_USB-FS-Device_Driver/src/usb_int.c **** *                  routine.
 154:STM32_USB-FS-Device_Driver/src/usb_int.c **** * Input          : None.
 155:STM32_USB-FS-Device_Driver/src/usb_int.c **** * Output         : None.
 156:STM32_USB-FS-Device_Driver/src/usb_int.c **** * Return         : None.
 157:STM32_USB-FS-Device_Driver/src/usb_int.c **** *******************************************************************************/
 158:STM32_USB-FS-Device_Driver/src/usb_int.c **** void CTR_HP(void)
 159:STM32_USB-FS-Device_Driver/src/usb_int.c **** {
 496              		.loc 1 159 0
 497              		.cfi_startproc
 498              		@ args = 0, pretend = 0, frame = 0
 499              		@ frame_needed = 0, uses_anonymous_args = 0
 500 0000 08B5     		push	{r3, lr}
 501              	.LCFI1:
 502              		.cfi_def_cfa_offset 8
 503              		.cfi_offset 3, -8
 504              		.cfi_offset 14, -4
 505              	.LVL56:
 160:STM32_USB-FS-Device_Driver/src/usb_int.c ****   uint32_t wEPVal = 0;
 161:STM32_USB-FS-Device_Driver/src/usb_int.c **** 
 162:STM32_USB-FS-Device_Driver/src/usb_int.c ****   while (((wIstr = _GetISTR()) & ISTR_CTR) != 0)
 506              		.loc 1 162 0
 507 0002 32E0     		b	.L33
 508              	.LVL57:
 509              	.L36:
 163:STM32_USB-FS-Device_Driver/src/usb_int.c ****   {
 164:STM32_USB-FS-Device_Driver/src/usb_int.c ****     _SetISTR((uint16_t)CLR_CTR); /* clear CTR flag */
 510              		.loc 1 164 0
 511 0004 47F6FF72 		movw	r2, #32767
 512 0008 1C4B     		ldr	r3, .L38
 513 000a 1A60     		str	r2, [r3]
 165:STM32_USB-FS-Device_Driver/src/usb_int.c ****     /* extract highest priority endpoint number */
 166:STM32_USB-FS-Device_Driver/src/usb_int.c ****     EPindex = (uint8_t)(wIstr & ISTR_EP_ID);
 514              		.loc 1 166 0
 515 000c 1C4B     		ldr	r3, .L38+4
 516 000e 1B88     		ldrh	r3, [r3]
 517 0010 03F00F03 		and	r3, r3, #15
 518 0014 1B4A     		ldr	r2, .L38+8
 519 0016 1370     		strb	r3, [r2]
 167:STM32_USB-FS-Device_Driver/src/usb_int.c ****     /* process related endpoint register */
ARM GAS  /var/folders/g9/bbpj86ld7fx45vd1b3pqxmp00000gn/T//ccqDDXrv.s 			page 13


 168:STM32_USB-FS-Device_Driver/src/usb_int.c ****     wEPVal = _GetENDPOINT(EPindex);
 520              		.loc 1 168 0
 521 0018 9B00     		lsls	r3, r3, #2
 522 001a 03F18043 		add	r3, r3, #1073741824
 523 001e 03F5B843 		add	r3, r3, #23552
 524 0022 1A68     		ldr	r2, [r3]
 525              	.LVL58:
 169:STM32_USB-FS-Device_Driver/src/usb_int.c ****     if ((wEPVal & EP_CTR_RX) != 0)
 526              		.loc 1 169 0
 527 0024 12F4004F 		tst	r2, #32768
 528 0028 0DD0     		beq	.L34
 170:STM32_USB-FS-Device_Driver/src/usb_int.c ****     {
 171:STM32_USB-FS-Device_Driver/src/usb_int.c ****       /* clear int flag */
 172:STM32_USB-FS-Device_Driver/src/usb_int.c ****       _ClearEP_CTR_RX(EPindex);
 529              		.loc 1 172 0
 530 002a 1A68     		ldr	r2, [r3]
 531              	.LVL59:
 532 002c 22F07002 		bic	r2, r2, #112
 533 0030 1205     		lsls	r2, r2, #20
 534 0032 120D     		lsrs	r2, r2, #20
 535 0034 1A60     		str	r2, [r3]
 173:STM32_USB-FS-Device_Driver/src/usb_int.c **** 
 174:STM32_USB-FS-Device_Driver/src/usb_int.c ****       /* call OUT service function */
 175:STM32_USB-FS-Device_Driver/src/usb_int.c ****       (*pEpInt_OUT[EPindex-1])();
 536              		.loc 1 175 0
 537 0036 134B     		ldr	r3, .L38+8
 538 0038 1B78     		ldrb	r3, [r3]	@ zero_extendqisi2
 539 003a 013B     		subs	r3, r3, #1
 540 003c 124A     		ldr	r2, .L38+12
 541 003e 52F82330 		ldr	r3, [r2, r3, lsl #2]
 542 0042 9847     		blx	r3
 543              	.LVL60:
 544 0044 11E0     		b	.L33
 545              	.LVL61:
 546              	.L34:
 176:STM32_USB-FS-Device_Driver/src/usb_int.c **** 
 177:STM32_USB-FS-Device_Driver/src/usb_int.c ****     } /* if((wEPVal & EP_CTR_RX) */
 178:STM32_USB-FS-Device_Driver/src/usb_int.c ****     else if ((wEPVal & EP_CTR_TX) != 0)
 547              		.loc 1 178 0
 548 0046 12F0800F 		tst	r2, #128
 549 004a 0ED0     		beq	.L33
 179:STM32_USB-FS-Device_Driver/src/usb_int.c ****     {
 180:STM32_USB-FS-Device_Driver/src/usb_int.c ****       /* clear int flag */
 181:STM32_USB-FS-Device_Driver/src/usb_int.c ****       _ClearEP_CTR_TX(EPindex);
 550              		.loc 1 181 0
 551 004c 1A68     		ldr	r2, [r3]
 552              	.LVL62:
 553 004e 22F4E142 		bic	r2, r2, #28800
 554 0052 22F07002 		bic	r2, r2, #112
 555 0056 1204     		lsls	r2, r2, #16
 556 0058 120C     		lsrs	r2, r2, #16
 557 005a 1A60     		str	r2, [r3]
 182:STM32_USB-FS-Device_Driver/src/usb_int.c **** 
 183:STM32_USB-FS-Device_Driver/src/usb_int.c ****       /* call IN service function */
 184:STM32_USB-FS-Device_Driver/src/usb_int.c ****       (*pEpInt_IN[EPindex-1])();
 558              		.loc 1 184 0
 559 005c 094B     		ldr	r3, .L38+8
ARM GAS  /var/folders/g9/bbpj86ld7fx45vd1b3pqxmp00000gn/T//ccqDDXrv.s 			page 14


 560 005e 1B78     		ldrb	r3, [r3]	@ zero_extendqisi2
 561 0060 013B     		subs	r3, r3, #1
 562 0062 0A4A     		ldr	r2, .L38+16
 563 0064 52F82330 		ldr	r3, [r2, r3, lsl #2]
 564 0068 9847     		blx	r3
 565              	.LVL63:
 566              	.L33:
 162:STM32_USB-FS-Device_Driver/src/usb_int.c ****   {
 567              		.loc 1 162 0
 568 006a 044B     		ldr	r3, .L38
 569 006c 1B68     		ldr	r3, [r3]
 570 006e 99B2     		uxth	r1, r3
 571 0070 034A     		ldr	r2, .L38+4
 572 0072 1180     		strh	r1, [r2]	@ movhi
 573 0074 13F4004F 		tst	r3, #32768
 574 0078 C4D1     		bne	.L36
 185:STM32_USB-FS-Device_Driver/src/usb_int.c **** 
 186:STM32_USB-FS-Device_Driver/src/usb_int.c **** 
 187:STM32_USB-FS-Device_Driver/src/usb_int.c ****     } /* if((wEPVal & EP_CTR_TX) != 0) */
 188:STM32_USB-FS-Device_Driver/src/usb_int.c **** 
 189:STM32_USB-FS-Device_Driver/src/usb_int.c ****   }/* while(...) */
 190:STM32_USB-FS-Device_Driver/src/usb_int.c **** }
 575              		.loc 1 190 0
 576 007a 08BD     		pop	{r3, pc}
 577              	.L39:
 578              		.align	2
 579              	.L38:
 580 007c 445C0040 		.word	1073765444
 581 0080 00000000 		.word	wIstr
 582 0084 00000000 		.word	EPindex
 583 0088 00000000 		.word	pEpInt_OUT
 584 008c 00000000 		.word	pEpInt_IN
 585              		.cfi_endproc
 586              	.LFE28:
 588              		.comm	SaveTState,2,2
 589              		.comm	SaveRState,2,2
 590              		.text
 591              	.Letext0:
 592              		.file 2 "/usr/local/Cellar/gcc-arm-none-eabi/20160926/arm-none-eabi/include/machine/_default_types
 593              		.file 3 "/usr/local/Cellar/gcc-arm-none-eabi/20160926/arm-none-eabi/include/sys/_stdint.h"
 594              		.file 4 "STM32_USB-FS-Device_Driver/inc/usb_regs.h"
 595              		.file 5 "STM32_USB-FS-Device_Driver/inc/usb_init.h"
 596              		.file 6 "STM32_USB-FS-Device_Driver/inc/usb_core.h"
ARM GAS  /var/folders/g9/bbpj86ld7fx45vd1b3pqxmp00000gn/T//ccqDDXrv.s 			page 15


DEFINED SYMBOLS
                            *ABS*:0000000000000000 usb_int.c
/var/folders/g9/bbpj86ld7fx45vd1b3pqxmp00000gn/T//ccqDDXrv.s:20     .text.CTR_LP:0000000000000000 $t
/var/folders/g9/bbpj86ld7fx45vd1b3pqxmp00000gn/T//ccqDDXrv.s:25     .text.CTR_LP:0000000000000000 CTR_LP
/var/folders/g9/bbpj86ld7fx45vd1b3pqxmp00000gn/T//ccqDDXrv.s:413    .text.CTR_LP:0000000000000244 $d
                            *COM*:0000000000000002 SaveRState
                            *COM*:0000000000000002 SaveTState
/var/folders/g9/bbpj86ld7fx45vd1b3pqxmp00000gn/T//ccqDDXrv.s:422    .text.CTR_LP:000000000000025c $t
/var/folders/g9/bbpj86ld7fx45vd1b3pqxmp00000gn/T//ccqDDXrv.s:480    .text.CTR_LP:00000000000002cc $d
/var/folders/g9/bbpj86ld7fx45vd1b3pqxmp00000gn/T//ccqDDXrv.s:489    .text.CTR_HP:0000000000000000 $t
/var/folders/g9/bbpj86ld7fx45vd1b3pqxmp00000gn/T//ccqDDXrv.s:494    .text.CTR_HP:0000000000000000 CTR_HP
/var/folders/g9/bbpj86ld7fx45vd1b3pqxmp00000gn/T//ccqDDXrv.s:580    .text.CTR_HP:000000000000007c $d
                     .debug_frame:0000000000000010 $d

UNDEFINED SYMBOLS
In0_Process
Setup0_Process
Out0_Process
wIstr
EPindex
pEpInt_OUT
pEpInt_IN
