ARM GAS  /var/folders/g9/bbpj86ld7fx45vd1b3pqxmp00000gn/T//ccimXV8h.s 			page 1


   1              		.syntax unified
   2              		.cpu cortex-m3
   3              		.fpu softvfp
   4              		.eabi_attribute 20, 1
   5              		.eabi_attribute 21, 1
   6              		.eabi_attribute 23, 3
   7              		.eabi_attribute 24, 1
   8              		.eabi_attribute 25, 1
   9              		.eabi_attribute 26, 1
  10              		.eabi_attribute 30, 1
  11              		.eabi_attribute 34, 1
  12              		.eabi_attribute 18, 4
  13              		.thumb
  14              		.syntax unified
  15              		.file	"usb_init.c"
  16              		.text
  17              	.Ltext0:
  18              		.cfi_sections	.debug_frame
  19              		.section	.text.USB_Init,"ax",%progbits
  20              		.align	2
  21              		.global	USB_Init
  22              		.thumb
  23              		.thumb_func
  25              	USB_Init:
  26              	.LFB27:
  27              		.file 1 "STM32_USB-FS-Device_Driver/src/usb_init.c"
   1:STM32_USB-FS-Device_Driver/src/usb_init.c **** /******************** (C) COPYRIGHT 2009 STMicroelectronics ********************
   2:STM32_USB-FS-Device_Driver/src/usb_init.c **** * File Name          : usb_init.c
   3:STM32_USB-FS-Device_Driver/src/usb_init.c **** * Author             : MCD Application Team
   4:STM32_USB-FS-Device_Driver/src/usb_init.c **** * Version            : V3.0.1
   5:STM32_USB-FS-Device_Driver/src/usb_init.c **** * Date               : 04/27/2009
   6:STM32_USB-FS-Device_Driver/src/usb_init.c **** * Description        : Initialization routines & global variables
   7:STM32_USB-FS-Device_Driver/src/usb_init.c **** ********************************************************************************
   8:STM32_USB-FS-Device_Driver/src/usb_init.c **** * THE PRESENT FIRMWARE WHICH IS FOR GUIDANCE ONLY AIMS AT PROVIDING CUSTOMERS
   9:STM32_USB-FS-Device_Driver/src/usb_init.c **** * WITH CODING INFORMATION REGARDING THEIR PRODUCTS IN ORDER FOR THEM TO SAVE TIME.
  10:STM32_USB-FS-Device_Driver/src/usb_init.c **** * AS A RESULT, STMICROELECTRONICS SHALL NOT BE HELD LIABLE FOR ANY DIRECT,
  11:STM32_USB-FS-Device_Driver/src/usb_init.c **** * INDIRECT OR CONSEQUENTIAL DAMAGES WITH RESPECT TO ANY CLAIMS ARISING FROM THE
  12:STM32_USB-FS-Device_Driver/src/usb_init.c **** * CONTENT OF SUCH FIRMWARE AND/OR THE USE MADE BY CUSTOMERS OF THE CODING
  13:STM32_USB-FS-Device_Driver/src/usb_init.c **** * INFORMATION CONTAINED HEREIN IN CONNECTION WITH THEIR PRODUCTS.
  14:STM32_USB-FS-Device_Driver/src/usb_init.c **** *******************************************************************************/
  15:STM32_USB-FS-Device_Driver/src/usb_init.c **** 
  16:STM32_USB-FS-Device_Driver/src/usb_init.c **** /* Includes ------------------------------------------------------------------*/
  17:STM32_USB-FS-Device_Driver/src/usb_init.c **** #include "usb_lib.h"
  18:STM32_USB-FS-Device_Driver/src/usb_init.c **** 
  19:STM32_USB-FS-Device_Driver/src/usb_init.c **** /* Private typedef -----------------------------------------------------------*/
  20:STM32_USB-FS-Device_Driver/src/usb_init.c **** /* Private define ------------------------------------------------------------*/
  21:STM32_USB-FS-Device_Driver/src/usb_init.c **** /* Private macro -------------------------------------------------------------*/
  22:STM32_USB-FS-Device_Driver/src/usb_init.c **** /* Private variables ---------------------------------------------------------*/
  23:STM32_USB-FS-Device_Driver/src/usb_init.c **** /*  The number of current endpoint, it will be used to specify an endpoint */
  24:STM32_USB-FS-Device_Driver/src/usb_init.c ****  uint8_t	EPindex;
  25:STM32_USB-FS-Device_Driver/src/usb_init.c **** /*  The number of current device, it is an index to the Device_Table */
  26:STM32_USB-FS-Device_Driver/src/usb_init.c **** /* uint8_t	Device_no; */
  27:STM32_USB-FS-Device_Driver/src/usb_init.c **** /*  Points to the DEVICE_INFO structure of current device */
  28:STM32_USB-FS-Device_Driver/src/usb_init.c **** /*  The purpose of this register is to speed up the execution */
  29:STM32_USB-FS-Device_Driver/src/usb_init.c **** DEVICE_INFO *pInformation;
  30:STM32_USB-FS-Device_Driver/src/usb_init.c **** /*  Points to the DEVICE_PROP structure of current device */
  31:STM32_USB-FS-Device_Driver/src/usb_init.c **** /*  The purpose of this register is to speed up the execution */
ARM GAS  /var/folders/g9/bbpj86ld7fx45vd1b3pqxmp00000gn/T//ccimXV8h.s 			page 2


  32:STM32_USB-FS-Device_Driver/src/usb_init.c **** DEVICE_PROP *pProperty;
  33:STM32_USB-FS-Device_Driver/src/usb_init.c **** /*  Temporary save the state of Rx & Tx status. */
  34:STM32_USB-FS-Device_Driver/src/usb_init.c **** /*  Whenever the Rx or Tx state is changed, its value is saved */
  35:STM32_USB-FS-Device_Driver/src/usb_init.c **** /*  in this variable first and will be set to the EPRB or EPRA */
  36:STM32_USB-FS-Device_Driver/src/usb_init.c **** /*  at the end of interrupt process */
  37:STM32_USB-FS-Device_Driver/src/usb_init.c **** uint16_t	SaveState ;
  38:STM32_USB-FS-Device_Driver/src/usb_init.c **** uint16_t  wInterrupt_Mask;
  39:STM32_USB-FS-Device_Driver/src/usb_init.c **** DEVICE_INFO	Device_Info;
  40:STM32_USB-FS-Device_Driver/src/usb_init.c **** USER_STANDARD_REQUESTS  *pUser_Standard_Requests;
  41:STM32_USB-FS-Device_Driver/src/usb_init.c **** 
  42:STM32_USB-FS-Device_Driver/src/usb_init.c **** /* Extern variables ----------------------------------------------------------*/
  43:STM32_USB-FS-Device_Driver/src/usb_init.c **** /* Private function prototypes -----------------------------------------------*/
  44:STM32_USB-FS-Device_Driver/src/usb_init.c **** /* Private functions ---------------------------------------------------------*/
  45:STM32_USB-FS-Device_Driver/src/usb_init.c **** 
  46:STM32_USB-FS-Device_Driver/src/usb_init.c **** /*******************************************************************************
  47:STM32_USB-FS-Device_Driver/src/usb_init.c **** * Function Name  : USB_Init
  48:STM32_USB-FS-Device_Driver/src/usb_init.c **** * Description    : USB system initialization
  49:STM32_USB-FS-Device_Driver/src/usb_init.c **** * Input          : None.
  50:STM32_USB-FS-Device_Driver/src/usb_init.c **** * Output         : None.
  51:STM32_USB-FS-Device_Driver/src/usb_init.c **** * Return         : None.
  52:STM32_USB-FS-Device_Driver/src/usb_init.c **** *******************************************************************************/
  53:STM32_USB-FS-Device_Driver/src/usb_init.c **** void USB_Init(void)
  54:STM32_USB-FS-Device_Driver/src/usb_init.c **** {
  28              		.loc 1 54 0
  29              		.cfi_startproc
  30              		@ args = 0, pretend = 0, frame = 0
  31              		@ frame_needed = 0, uses_anonymous_args = 0
  32 0000 08B5     		push	{r3, lr}
  33              	.LCFI0:
  34              		.cfi_def_cfa_offset 8
  35              		.cfi_offset 3, -8
  36              		.cfi_offset 14, -4
  55:STM32_USB-FS-Device_Driver/src/usb_init.c ****   pInformation = &Device_Info;
  37              		.loc 1 55 0
  38 0002 074B     		ldr	r3, .L3
  39 0004 074A     		ldr	r2, .L3+4
  40 0006 1360     		str	r3, [r2]
  56:STM32_USB-FS-Device_Driver/src/usb_init.c ****   pInformation->ControlState = 2;
  41              		.loc 1 56 0
  42 0008 0222     		movs	r2, #2
  43 000a 1A72     		strb	r2, [r3, #8]
  57:STM32_USB-FS-Device_Driver/src/usb_init.c ****   pProperty = &Device_Property;
  44              		.loc 1 57 0
  45 000c 064B     		ldr	r3, .L3+8
  46 000e 074A     		ldr	r2, .L3+12
  47 0010 1360     		str	r3, [r2]
  58:STM32_USB-FS-Device_Driver/src/usb_init.c ****   pUser_Standard_Requests = &User_Standard_Requests;
  48              		.loc 1 58 0
  49 0012 0749     		ldr	r1, .L3+16
  50 0014 074A     		ldr	r2, .L3+20
  51 0016 1160     		str	r1, [r2]
  59:STM32_USB-FS-Device_Driver/src/usb_init.c ****   /* Initialize devices one by one */
  60:STM32_USB-FS-Device_Driver/src/usb_init.c ****   pProperty->Init();
  52              		.loc 1 60 0
  53 0018 1B68     		ldr	r3, [r3]
  54 001a 9847     		blx	r3
  55              	.LVL0:
ARM GAS  /var/folders/g9/bbpj86ld7fx45vd1b3pqxmp00000gn/T//ccimXV8h.s 			page 3


  56 001c 08BD     		pop	{r3, pc}
  57              	.L4:
  58 001e 00BF     		.align	2
  59              	.L3:
  60 0020 00000000 		.word	Device_Info
  61 0024 00000000 		.word	pInformation
  62 0028 00000000 		.word	Device_Property
  63 002c 00000000 		.word	pProperty
  64 0030 00000000 		.word	User_Standard_Requests
  65 0034 00000000 		.word	pUser_Standard_Requests
  66              		.cfi_endproc
  67              	.LFE27:
  69              		.comm	pUser_Standard_Requests,4,4
  70              		.comm	Device_Info,28,4
  71              		.comm	wInterrupt_Mask,2,2
  72              		.comm	SaveState,2,2
  73              		.comm	pProperty,4,4
  74              		.comm	pInformation,4,4
  75              		.comm	EPindex,1,1
  76              		.text
  77              	.Letext0:
  78              		.file 2 "/usr/local/Cellar/gcc-arm-none-eabi/20160926/arm-none-eabi/include/machine/_default_types
  79              		.file 3 "/usr/local/Cellar/gcc-arm-none-eabi/20160926/arm-none-eabi/include/sys/_stdint.h"
  80              		.file 4 "STM32_USB-FS-Device_Driver/inc/usb_core.h"
ARM GAS  /var/folders/g9/bbpj86ld7fx45vd1b3pqxmp00000gn/T//ccimXV8h.s 			page 4


DEFINED SYMBOLS
                            *ABS*:0000000000000000 usb_init.c
/var/folders/g9/bbpj86ld7fx45vd1b3pqxmp00000gn/T//ccimXV8h.s:20     .text.USB_Init:0000000000000000 $t
/var/folders/g9/bbpj86ld7fx45vd1b3pqxmp00000gn/T//ccimXV8h.s:25     .text.USB_Init:0000000000000000 USB_Init
/var/folders/g9/bbpj86ld7fx45vd1b3pqxmp00000gn/T//ccimXV8h.s:60     .text.USB_Init:0000000000000020 $d
                            *COM*:000000000000001c Device_Info
                            *COM*:0000000000000004 pInformation
                            *COM*:0000000000000004 pProperty
                            *COM*:0000000000000004 pUser_Standard_Requests
                            *COM*:0000000000000002 wInterrupt_Mask
                            *COM*:0000000000000002 SaveState
                            *COM*:0000000000000001 EPindex
                     .debug_frame:0000000000000010 $d

UNDEFINED SYMBOLS
Device_Property
User_Standard_Requests
