ARM GAS  /var/folders/g9/bbpj86ld7fx45vd1b3pqxmp00000gn/T//cczWCMtu.s 			page 1


   1              		.syntax unified
   2              		.cpu cortex-m3
   3              		.fpu softvfp
   4              		.eabi_attribute 20, 1
   5              		.eabi_attribute 21, 1
   6              		.eabi_attribute 23, 3
   7              		.eabi_attribute 24, 1
   8              		.eabi_attribute 25, 1
   9              		.eabi_attribute 26, 1
  10              		.eabi_attribute 30, 1
  11              		.eabi_attribute 34, 1
  12              		.eabi_attribute 18, 4
  13              		.thumb
  14              		.syntax unified
  15              		.file	"usb_mem.c"
  16              		.text
  17              	.Ltext0:
  18              		.cfi_sections	.debug_frame
  19              		.section	.text.UserToPMABufferCopy,"ax",%progbits
  20              		.align	2
  21              		.global	UserToPMABufferCopy
  22              		.thumb
  23              		.thumb_func
  25              	UserToPMABufferCopy:
  26              	.LFB27:
  27              		.file 1 "STM32_USB-FS-Device_Driver/src/usb_mem.c"
   1:STM32_USB-FS-Device_Driver/src/usb_mem.c **** /******************** (C) COPYRIGHT 2009 STMicroelectronics ********************
   2:STM32_USB-FS-Device_Driver/src/usb_mem.c **** * File Name          : usb_mem.c
   3:STM32_USB-FS-Device_Driver/src/usb_mem.c **** * Author             : MCD Application Team
   4:STM32_USB-FS-Device_Driver/src/usb_mem.c **** * Version            : V3.0.1
   5:STM32_USB-FS-Device_Driver/src/usb_mem.c **** * Date               : 04/27/2009
   6:STM32_USB-FS-Device_Driver/src/usb_mem.c **** * Description        : Utility functions for memory transfers to/from PMA
   7:STM32_USB-FS-Device_Driver/src/usb_mem.c **** ********************************************************************************
   8:STM32_USB-FS-Device_Driver/src/usb_mem.c **** * THE PRESENT FIRMWARE WHICH IS FOR GUIDANCE ONLY AIMS AT PROVIDING CUSTOMERS
   9:STM32_USB-FS-Device_Driver/src/usb_mem.c **** * WITH CODING INFORMATION REGARDING THEIR PRODUCTS IN ORDER FOR THEM TO SAVE TIME.
  10:STM32_USB-FS-Device_Driver/src/usb_mem.c **** * AS A RESULT, STMICROELECTRONICS SHALL NOT BE HELD LIABLE FOR ANY DIRECT,
  11:STM32_USB-FS-Device_Driver/src/usb_mem.c **** * INDIRECT OR CONSEQUENTIAL DAMAGES WITH RESPECT TO ANY CLAIMS ARISING FROM THE
  12:STM32_USB-FS-Device_Driver/src/usb_mem.c **** * CONTENT OF SUCH FIRMWARE AND/OR THE USE MADE BY CUSTOMERS OF THE CODING
  13:STM32_USB-FS-Device_Driver/src/usb_mem.c **** * INFORMATION CONTAINED HEREIN IN CONNECTION WITH THEIR PRODUCTS.
  14:STM32_USB-FS-Device_Driver/src/usb_mem.c **** *******************************************************************************/
  15:STM32_USB-FS-Device_Driver/src/usb_mem.c **** 
  16:STM32_USB-FS-Device_Driver/src/usb_mem.c **** /* Includes ------------------------------------------------------------------*/
  17:STM32_USB-FS-Device_Driver/src/usb_mem.c **** #include "usb_lib.h"
  18:STM32_USB-FS-Device_Driver/src/usb_mem.c **** 
  19:STM32_USB-FS-Device_Driver/src/usb_mem.c **** /* Private typedef -----------------------------------------------------------*/
  20:STM32_USB-FS-Device_Driver/src/usb_mem.c **** /* Private define ------------------------------------------------------------*/
  21:STM32_USB-FS-Device_Driver/src/usb_mem.c **** /* Private macro -------------------------------------------------------------*/
  22:STM32_USB-FS-Device_Driver/src/usb_mem.c **** /* Private variables ---------------------------------------------------------*/
  23:STM32_USB-FS-Device_Driver/src/usb_mem.c **** /* Extern variables ----------------------------------------------------------*/
  24:STM32_USB-FS-Device_Driver/src/usb_mem.c **** /* Private function prototypes -----------------------------------------------*/
  25:STM32_USB-FS-Device_Driver/src/usb_mem.c **** /* Private functions ---------------------------------------------------------*/
  26:STM32_USB-FS-Device_Driver/src/usb_mem.c **** /*******************************************************************************
  27:STM32_USB-FS-Device_Driver/src/usb_mem.c **** * Function Name  : UserToPMABufferCopy
  28:STM32_USB-FS-Device_Driver/src/usb_mem.c **** * Description    : Copy a buffer from user memory area to packet memory area (PMA)
  29:STM32_USB-FS-Device_Driver/src/usb_mem.c **** * Input          : - pbUsrBuf: pointer to user memory area.
  30:STM32_USB-FS-Device_Driver/src/usb_mem.c **** *                  - wPMABufAddr: address into PMA.
  31:STM32_USB-FS-Device_Driver/src/usb_mem.c **** *                  - wNBytes: no. of bytes to be copied.
ARM GAS  /var/folders/g9/bbpj86ld7fx45vd1b3pqxmp00000gn/T//cczWCMtu.s 			page 2


  32:STM32_USB-FS-Device_Driver/src/usb_mem.c **** * Output         : None.
  33:STM32_USB-FS-Device_Driver/src/usb_mem.c **** * Return         : None	.
  34:STM32_USB-FS-Device_Driver/src/usb_mem.c **** *******************************************************************************/
  35:STM32_USB-FS-Device_Driver/src/usb_mem.c **** void UserToPMABufferCopy(uint8_t *pbUsrBuf, uint16_t wPMABufAddr, uint16_t wNBytes)
  36:STM32_USB-FS-Device_Driver/src/usb_mem.c **** {
  28              		.loc 1 36 0
  29              		.cfi_startproc
  30              		@ args = 0, pretend = 0, frame = 0
  31              		@ frame_needed = 0, uses_anonymous_args = 0
  32              		@ link register save eliminated.
  33              	.LVL0:
  34 0000 10B4     		push	{r4}
  35              	.LCFI0:
  36              		.cfi_def_cfa_offset 4
  37              		.cfi_offset 4, -4
  37:STM32_USB-FS-Device_Driver/src/usb_mem.c ****   uint32_t n = (wNBytes + 1) >> 1;   /* n = (wNBytes + 1) / 2 */
  38              		.loc 1 37 0
  39 0002 0132     		adds	r2, r2, #1
  40              	.LVL1:
  41 0004 5210     		asrs	r2, r2, #1
  42              	.LVL2:
  38:STM32_USB-FS-Device_Driver/src/usb_mem.c ****   uint32_t i, temp1, temp2;
  39:STM32_USB-FS-Device_Driver/src/usb_mem.c ****   uint16_t *pdwVal;
  40:STM32_USB-FS-Device_Driver/src/usb_mem.c ****   pdwVal = (uint16_t *)(wPMABufAddr * 2 + PMAAddr);
  43              		.loc 1 40 0
  44 0006 01F10051 		add	r1, r1, #536870912
  45              	.LVL3:
  46 000a 01F54051 		add	r1, r1, #12288
  47 000e 4900     		lsls	r1, r1, #1
  48              	.LVL4:
  41:STM32_USB-FS-Device_Driver/src/usb_mem.c ****   for (i = n; i != 0; i--)
  49              		.loc 1 41 0
  50 0010 07E0     		b	.L2
  51              	.LVL5:
  52              	.L3:
  42:STM32_USB-FS-Device_Driver/src/usb_mem.c ****   {
  43:STM32_USB-FS-Device_Driver/src/usb_mem.c ****     temp1 = (uint16_t) * pbUsrBuf;
  53              		.loc 1 43 0 discriminator 3
  54 0012 0378     		ldrb	r3, [r0]	@ zero_extendqisi2
  55              	.LVL6:
  44:STM32_USB-FS-Device_Driver/src/usb_mem.c ****     pbUsrBuf++;
  45:STM32_USB-FS-Device_Driver/src/usb_mem.c ****     temp2 = temp1 | (uint16_t) * pbUsrBuf << 8;
  56              		.loc 1 45 0 discriminator 3
  57 0014 4478     		ldrb	r4, [r0, #1]	@ zero_extendqisi2
  58 0016 43EA0423 		orr	r3, r3, r4, lsl #8
  59              	.LVL7:
  46:STM32_USB-FS-Device_Driver/src/usb_mem.c ****     *pdwVal++ = temp2;
  60              		.loc 1 46 0 discriminator 3
  61 001a 21F8043B 		strh	r3, [r1], #4	@ movhi
  62              	.LVL8:
  47:STM32_USB-FS-Device_Driver/src/usb_mem.c ****     pdwVal++;
  48:STM32_USB-FS-Device_Driver/src/usb_mem.c ****     pbUsrBuf++;
  63              		.loc 1 48 0 discriminator 3
  64 001e 0230     		adds	r0, r0, #2
  65              	.LVL9:
  41:STM32_USB-FS-Device_Driver/src/usb_mem.c ****   {
  66              		.loc 1 41 0 discriminator 3
ARM GAS  /var/folders/g9/bbpj86ld7fx45vd1b3pqxmp00000gn/T//cczWCMtu.s 			page 3


  67 0020 013A     		subs	r2, r2, #1
  68              	.LVL10:
  69              	.L2:
  41:STM32_USB-FS-Device_Driver/src/usb_mem.c ****   {
  70              		.loc 1 41 0 is_stmt 0 discriminator 1
  71 0022 002A     		cmp	r2, #0
  72 0024 F5D1     		bne	.L3
  49:STM32_USB-FS-Device_Driver/src/usb_mem.c ****   }
  50:STM32_USB-FS-Device_Driver/src/usb_mem.c **** }
  73              		.loc 1 50 0 is_stmt 1
  74 0026 10BC     		pop	{r4}
  75              	.LCFI1:
  76              		.cfi_restore 4
  77              		.cfi_def_cfa_offset 0
  78 0028 7047     		bx	lr
  79              		.cfi_endproc
  80              	.LFE27:
  82 002a 00BF     		.section	.text.PMAToUserBufferCopy,"ax",%progbits
  83              		.align	2
  84              		.global	PMAToUserBufferCopy
  85              		.thumb
  86              		.thumb_func
  88              	PMAToUserBufferCopy:
  89              	.LFB28:
  51:STM32_USB-FS-Device_Driver/src/usb_mem.c **** /*******************************************************************************
  52:STM32_USB-FS-Device_Driver/src/usb_mem.c **** * Function Name  : PMAToUserBufferCopy
  53:STM32_USB-FS-Device_Driver/src/usb_mem.c **** * Description    : Copy a buffer from user memory area to packet memory area (PMA)
  54:STM32_USB-FS-Device_Driver/src/usb_mem.c **** * Input          : - pbUsrBuf    = pointer to user memory area.
  55:STM32_USB-FS-Device_Driver/src/usb_mem.c **** *                  - wPMABufAddr = address into PMA.
  56:STM32_USB-FS-Device_Driver/src/usb_mem.c **** *                  - wNBytes     = no. of bytes to be copied.
  57:STM32_USB-FS-Device_Driver/src/usb_mem.c **** * Output         : None.
  58:STM32_USB-FS-Device_Driver/src/usb_mem.c **** * Return         : None.
  59:STM32_USB-FS-Device_Driver/src/usb_mem.c **** *******************************************************************************/
  60:STM32_USB-FS-Device_Driver/src/usb_mem.c **** void PMAToUserBufferCopy(uint8_t *pbUsrBuf, uint16_t wPMABufAddr, uint16_t wNBytes)
  61:STM32_USB-FS-Device_Driver/src/usb_mem.c **** {
  90              		.loc 1 61 0
  91              		.cfi_startproc
  92              		@ args = 0, pretend = 0, frame = 0
  93              		@ frame_needed = 0, uses_anonymous_args = 0
  94              		@ link register save eliminated.
  95              	.LVL11:
  62:STM32_USB-FS-Device_Driver/src/usb_mem.c ****   uint32_t n = (wNBytes + 1) >> 1;/* /2*/
  96              		.loc 1 62 0
  97 0000 0132     		adds	r2, r2, #1
  98              	.LVL12:
  99 0002 5210     		asrs	r2, r2, #1
 100              	.LVL13:
  63:STM32_USB-FS-Device_Driver/src/usb_mem.c ****   uint32_t i;
  64:STM32_USB-FS-Device_Driver/src/usb_mem.c ****   uint32_t *pdwVal;
  65:STM32_USB-FS-Device_Driver/src/usb_mem.c ****   pdwVal = (uint32_t *)(wPMABufAddr * 2 + PMAAddr);
 101              		.loc 1 65 0
 102 0004 01F10051 		add	r1, r1, #536870912
 103              	.LVL14:
 104 0008 01F54051 		add	r1, r1, #12288
 105 000c 4900     		lsls	r1, r1, #1
 106              	.LVL15:
  66:STM32_USB-FS-Device_Driver/src/usb_mem.c ****   for (i = n; i != 0; i--)
ARM GAS  /var/folders/g9/bbpj86ld7fx45vd1b3pqxmp00000gn/T//cczWCMtu.s 			page 4


 107              		.loc 1 66 0
 108 000e 04E0     		b	.L6
 109              	.LVL16:
 110              	.L7:
  67:STM32_USB-FS-Device_Driver/src/usb_mem.c ****   {
  68:STM32_USB-FS-Device_Driver/src/usb_mem.c ****     *(uint16_t*)pbUsrBuf++ = *pdwVal++;
 111              		.loc 1 68 0 discriminator 3
 112 0010 0B68     		ldr	r3, [r1]
 113 0012 20F8023B 		strh	r3, [r0], #2	@ movhi
 114              	.LVL17:
  66:STM32_USB-FS-Device_Driver/src/usb_mem.c ****   for (i = n; i != 0; i--)
 115              		.loc 1 66 0 discriminator 3
 116 0016 013A     		subs	r2, r2, #1
 117              	.LVL18:
 118              		.loc 1 68 0 discriminator 3
 119 0018 0431     		adds	r1, r1, #4
 120              	.LVL19:
 121              	.L6:
  66:STM32_USB-FS-Device_Driver/src/usb_mem.c ****   for (i = n; i != 0; i--)
 122              		.loc 1 66 0 discriminator 1
 123 001a 002A     		cmp	r2, #0
 124 001c F8D1     		bne	.L7
  69:STM32_USB-FS-Device_Driver/src/usb_mem.c ****     pbUsrBuf++;
  70:STM32_USB-FS-Device_Driver/src/usb_mem.c ****   }
  71:STM32_USB-FS-Device_Driver/src/usb_mem.c **** }
 125              		.loc 1 71 0
 126 001e 7047     		bx	lr
 127              		.cfi_endproc
 128              	.LFE28:
 130              		.text
 131              	.Letext0:
 132              		.file 2 "/usr/local/Cellar/gcc-arm-none-eabi/20160926/arm-none-eabi/include/machine/_default_types
 133              		.file 3 "/usr/local/Cellar/gcc-arm-none-eabi/20160926/arm-none-eabi/include/sys/_stdint.h"
ARM GAS  /var/folders/g9/bbpj86ld7fx45vd1b3pqxmp00000gn/T//cczWCMtu.s 			page 5


DEFINED SYMBOLS
                            *ABS*:0000000000000000 usb_mem.c
/var/folders/g9/bbpj86ld7fx45vd1b3pqxmp00000gn/T//cczWCMtu.s:20     .text.UserToPMABufferCopy:0000000000000000 $t
/var/folders/g9/bbpj86ld7fx45vd1b3pqxmp00000gn/T//cczWCMtu.s:25     .text.UserToPMABufferCopy:0000000000000000 UserToPMABufferCopy
/var/folders/g9/bbpj86ld7fx45vd1b3pqxmp00000gn/T//cczWCMtu.s:83     .text.PMAToUserBufferCopy:0000000000000000 $t
/var/folders/g9/bbpj86ld7fx45vd1b3pqxmp00000gn/T//cczWCMtu.s:88     .text.PMAToUserBufferCopy:0000000000000000 PMAToUserBufferCopy
                     .debug_frame:0000000000000010 $d

NO UNDEFINED SYMBOLS
